0.9854376193701672, 0.9810578786035933, 0.5, 0.5, 0.5, 0.5, 0.5 * 0.48339, 0.00000, 0.00000 *  * 0.00000 *   0
0.9915655248950753, 0.9903101365126113, 0.5, 0.5, 0.5, 0.5, 0.5 * 0.49098, 0.00000, 0.00000 *  * 0.00000 *   0
0.986497520604191, 0.007899966771364175, 0.5, 0.5, 0.5, 0.5, 0.5 * 0.00000, 0.48935, 0.00000 *  * 0.00000 *   0
0.028765501575627295, 0.2956570708244346, 0.5, 0.5, 0.5, 0.5, 0.5 * 0.00000, 0.01013, 0.48562 *  * 0.00000 *   0
0.004748924830018542, 0.19095425010642553, 0.5, 0.5, 0.5, 0.5, 0.5 * 0.00000, 0.00000, 0.49763 *  * 0.00000 *   0
8.621079392590048E-5, 0.26351630385139635, 0.5, 0.5, 0.5, 0.5, 0.5 * 0.00000, 0.00000, 0.49996 *  * 0.00000 *   0
0.824209257211745, 0.9776391376417196, 0.5, 0.5, 0.5, 0.5, 0.5 * 0.40289, 0.00000, 0.08790 *  * 0.00000 *   0
0.9196463060262324, 0.019438373171951184, 0.5, 0.5, 0.5, 0.5, 0.5 * 0.00000, 0.45088, 0.04018 *  * 0.00000 *   0
0.8840838484006273, 0.9884770662452479, 0.5, 0.5, 0.5, 0.5, 0.5 * 0.43695, 0.00000, 0.05796 *  * 0.00000 *   0
0.6844296611374434, 0.0288917444360115, 0.5, 0.5, 0.5, 0.5, 0.5 * 0.00000, 0.33233, 0.15779 *  * 0.00000 *   0
0.9891545049212406, 0.26668176451596814, 0.5, 0.5, 0.5, 0.5, 0.5 * 0.13189, 0.36268, 0.00000 *  * 0.00000 *   0
0.5489152776103632, 0.033331674523922716, 0.5, 0.5, 0.5, 0.5, 0.5 * 0.00000, 0.26531, 0.22554 *  * 0.00000 *   0
0.5025635895151436, 0.027581293444311483, 0.5, 0.5, 0.5, 0.5, 0.5 * 0.00000, 0.24435, 0.24872 *  * 0.00000 *   0
0.7569295632251315, 0.9773618269275302, 0.5, 0.5, 0.5, 0.5, 0.5 * 0.36990, 0.00000, 0.12154 *  * 0.00000 *   0
0.9876251609270171, 0.29175457269171534, 0.5, 0.5, 0.5, 0.5, 0.5 * 0.14407, 0.34974, 0.00000 *  * 0.00000 *   0
0.5360436706087175, 0.9674223901130947, 0.5, 0.5, 0.5, 0.5, 0.5 * 0.25929, 0.00000, 0.23198 *  * 0.00000 *   0
0.6137745804207705, 0.021539124987127622, 0.5, 0.5, 0.5, 0.5, 0.5 * 0.00000, 0.30028, 0.19311 *  * 0.00000 *   0
0.9559346972962349, 0.9840261721619089, 0.5, 0.5, 0.5, 0.5, 0.5 * 0.47033, 0.00000, 0.02203 *  * 0.00000 *   0
0.7862369974979653, 0.02380644394020548, 0.5, 0.5, 0.5, 0.5, 0.5 * 0.00000, 0.38376, 0.10688 *  * 0.00000 *   0
0.46743092805982867, 0.012137937117851383, 0.5, 0.5, 0.5, 0.5, 0.5 * 0.00000, 0.23088, 0.26628 *  * 0.00000 *   0
0.6220717249454893, 0.9783998879850105, 0.5, 0.5, 0.5, 0.5, 0.5 * 0.30432, 0.00000, 0.18896 *  * 0.00000 *   0
0.4589696746649634, 0.9820174519943885, 0.5, 0.5, 0.5, 0.5, 0.5 * 0.22536, 0.00000, 0.27052 *  * 0.00000 *   0
0.9858256130787025, 0.9098361100055515, 0.5, 0.5, 0.5, 0.5, 0.5 * 0.44847, 0.04444, 0.00000 *  * 0.00000 *   0
0.8475478219880334, 0.016332728909676852, 0.5, 0.5, 0.5, 0.5, 0.5 * 0.00000, 0.41685, 0.07623 *  * 0.00000 *   0
0.5793321852692448, 0.9751081821887849, 0.5, 0.5, 0.5, 0.5, 0.5 * 0.28246, 0.00000, 0.21033 *  * 0.00000 *   0
0.8904674733017733, 0.9829560837442497, 0.5, 0.5, 0.5, 0.5, 0.5 * 0.43765, 0.00000, 0.05477 *  * 0.00000 *   0
0.4889731979754228, 0.9780463506164578, 0.5, 0.5, 0.5, 0.5, 0.5 * 0.23912, 0.00000, 0.25551 *  * 0.00000 *   0
0.8268446050633198, 0.015971332609702737, 0.5, 0.5, 0.5, 0.5, 0.5 * 0.00000, 0.40682, 0.08658 *  * 0.00000 *   0
0.6654101875486393, 0.0232325466887624, 0.5, 0.5, 0.5, 0.5, 0.5 * 0.00000, 0.32498, 0.16729 *  * 0.00000 *   0
0.428965151533625, 0.042363924462510694, 0.5, 0.5, 0.5, 0.5, 0.5 * 0.00000, 0.20540, 0.28552 *  * 0.00000 *   0
0.9812228835812112, 0.10775362909713537, 0.5, 0.5, 0.5, 0.5, 0.5 * 0.05287, 0.43775, 0.00000 *  * 0.00000 *   0
0.9800592254952096, 0.7262441823475059, 0.5, 0.5, 0.5, 0.5, 0.5 * 0.35588, 0.13415, 0.00000 *  * 0.00000 *   0
0.9848488689079798, 0.775372199339902, 0.5, 0.5, 0.5, 0.5, 0.5 * 0.38181, 0.11061, 0.00000 *  * 0.00000 *   0
0.7897903811597142, 0.01067084839787713, 0.5, 0.5, 0.5, 0.5, 0.5 * 0.00000, 0.39068, 0.10510 *  * 0.00000 *   0
0.5076589926164042, 0.9843908755762936, 0.5, 0.5, 0.5, 0.5, 0.5 * 0.24987, 0.00000, 0.24617 *  * 0.00000 *   0
0.5715584766724315, 0.031161923537934677, 0.5, 0.5, 0.5, 0.5, 0.5 * 0.00000, 0.27687, 0.21422 *  * 0.00000 *   0
0.7649005756170727, 0.9750854988377119, 0.5, 0.5, 0.5, 0.5, 0.5 * 0.37292, 0.00000, 0.11755 *  * 0.00000 *   0
0.4410909890356244, 0.9593004027225047, 0.5, 0.5, 0.5, 0.5, 0.5 * 0.21157, 0.00000, 0.27945 *  * 0.00000 *   0
0.453720557450508, 0.03763723706535116, 0.5, 0.5, 0.5, 0.5, 0.5 * 0.00000, 0.21832, 0.27314 *  * 0.00000 *   0
0.9821182742311261, 0.9501938642412369, 0.5, 0.5, 0.5, 0.5, 0.5 * 0.46660, 0.02446, 0.00000 *  * 0.00000 *   0
0.9749607860159885, 0.019553247037785382, 0.5, 0.5, 0.5, 0.5, 0.5 * 0.00000, 0.47795, 0.01252 *  * 0.00000 *   0
0.3867213464258459, 0.019331935611357598, 0.5, 0.5, 0.5, 0.5, 0.5 * 0.00000, 0.18962, 0.30664 *  * 0.00000 *   0
0.2846453053697191, 0.9521295909233399, 0.5, 0.5, 0.5, 0.5, 0.5 * 0.13551, 0.00000, 0.35768 *  * 0.00000 *   0
0.5996076590068009, 0.022348037110944574, 0.5, 0.5, 0.5, 0.5, 0.5 * 0.00000, 0.29310, 0.20020 *  * 0.00000 *   0
0.41409492075589993, 0.9735488116525065, 0.5, 0.5, 0.5, 0.5, 0.5 * 0.20157, 0.00000, 0.29295 *  * 0.00000 *   0
0.34741831433748904, 0.9439622520599272, 0.5, 0.5, 0.5, 0.5, 0.5 * 0.16397, 0.00000, 0.32629 *  * 0.00000 *   0
0.8645367699937562, 0.014937746949016284, 0.5, 0.5, 0.5, 0.5, 0.5 * 0.00000, 0.42581, 0.06773 *  * 0.00000 *   0
0.5551470142312511, 0.9658802644219688, 0.5, 0.5, 0.5, 0.5, 0.5 * 0.26810, 0.00000, 0.22243 *  * 0.00000 *   0
0.6814733360088466, 0.9805153443200901, 0.5, 0.5, 0.5, 0.5, 0.5 * 0.33410, 0.00000, 0.15926 *  * 0.00000 *   0
0.8591941900465748, 0.020553177312157445, 0.5, 0.5, 0.5, 0.5, 0.5 * 0.00000, 0.42077, 0.07040 *  * 0.00000 *   0
0.9808599702832934, 0.05044489042386091, 0.5, 0.5, 0.5, 0.5, 0.5 * 0.02474, 0.46569, 0.00000 *  * 0.00000 *   0
0.6663690305474697, 0.9858693113241371, 0.5, 0.5, 0.5, 0.5, 0.5 * 0.32848, 0.00000, 0.16682 *  * 0.00000 *   0
0.9862238453845651, 0.7439163533275802, 0.5, 0.5, 0.5, 0.5, 0.5 * 0.36683, 0.12628, 0.00000 *  * 0.00000 *   0
0.4629619088679001, 0.033610934612177124, 0.5, 0.5, 0.5, 0.5, 0.5 * 0.00000, 0.22370, 0.26852 *  * 0.00000 *   0
0.9951638228264837, 0.3130073731507993, 0.5, 0.5, 0.5, 0.5, 0.5 * 0.15575, 0.34184, 0.00000 *  * 0.00000 *   0
0.4291242141619822, 0.023761580587806308, 0.5, 0.5, 0.5, 0.5, 0.5 * 0.00000, 0.20946, 0.28544 *  * 0.00000 *   0
0.30096415891296857, 0.060661901554814546, 0.5, 0.5, 0.5, 0.5, 0.5 * 0.00000, 0.14135, 0.34952 *  * 0.00000 *   0
0.4349956931447887, 0.9697973501751161, 0.5, 0.5, 0.5, 0.5, 0.5 * 0.21093, 0.00000, 0.28250 *  * 0.00000 *   0
0.3704128820427627, 0.962750155935254, 0.5, 0.5, 0.5, 0.5, 0.5 * 0.17831, 0.00000, 0.31479 *  * 0.00000 *   0
0.6297987638070283, 0.9779209081788051, 0.5, 0.5, 0.5, 0.5, 0.5 * 0.30795, 0.00000, 0.18510 *  * 0.00000 *   0
0.6619386348891244, 0.9807394836962327, 0.5, 0.5, 0.5, 0.5, 0.5 * 0.32459, 0.00000, 0.16903 *  * 0.00000 *   0
0.988682895106773, 0.18970885817415717, 0.5, 0.5, 0.5, 0.5, 0.5 * 0.09378, 0.40056, 0.00000 *  * 0.00000 *   0
0.2873415058140558, 0.04735892482722992, 0.5, 0.5, 0.5, 0.5, 0.5 * 0.00000, 0.13687, 0.35633 *  * 0.00000 *   0
0.6426081084059141, 0.9811176902603094, 0.5, 0.5, 0.5, 0.5, 0.5 * 0.31524, 0.00000, 0.17870 *  * 0.00000 *   0
0.9811943893391293, 0.393289550918247, 0.5, 0.5, 0.5, 0.5, 0.5 * 0.19295, 0.29765, 0.00000 *  * 0.00000 *   0
0.5907806404696011, 0.019345956367403883, 0.5, 0.5, 0.5, 0.5, 0.5 * 0.00000, 0.28968, 0.20461 *  * 0.00000 *   0
0.9885600966966446, 0.20412148775929229, 0.5, 0.5, 0.5, 0.5, 0.5 * 0.10089, 0.39339, 0.00000 *  * 0.00000 *   0
0.9805980271823134, 0.12926490460447848, 0.5, 0.5, 0.5, 0.5, 0.5 * 0.06338, 0.42692, 0.00000 *  * 0.00000 *   0
0.5605690412126989, 0.9849425591801984, 0.5, 0.5, 0.5, 0.5, 0.5 * 0.27606, 0.00000, 0.21972 *  * 0.00000 *   0
0.6802866211941285, 0.005719144795309328, 0.5, 0.5, 0.5, 0.5, 0.5 * 0.00000, 0.33820, 0.15986 *  * 0.00000 *   0
0.33687657256430203, 0.051034022055814754, 0.5, 0.5, 0.5, 0.5, 0.5 * 0.00000, 0.15984, 0.33156 *  * 0.00000 *   0
0.49317620865744194, 0.9790094324199502, 0.5, 0.5, 0.5, 0.5, 0.5 * 0.24141, 0.00000, 0.25341 *  * 0.00000 *   0
0.5821291944965985, 0.026620994447797308, 0.5, 0.5, 0.5, 0.5, 0.5 * 0.00000, 0.28332, 0.20894 *  * 0.00000 *   0
0.9827353769085618, 0.7054547522215049, 0.5, 0.5, 0.5, 0.5, 0.5 * 0.34664, 0.14473, 0.00000 *  * 0.00000 *   0
0.3255936921582756, 0.9466256363379204, 0.5, 0.5, 0.5, 0.5, 0.5 * 0.15411, 0.00000, 0.33720 *  * 0.00000 *   0
0.3912962952219815, 0.9556999328167574, 0.5, 0.5, 0.5, 0.5, 0.5 * 0.18698, 0.00000, 0.30435 *  * 0.00000 *   0
0.2615636597605664, 0.060845941272315796, 0.5, 0.5, 0.5, 0.5, 0.5 * 0.00000, 0.12282, 0.36922 *  * 0.00000 *   0
0.9804412847565583, 0.7015690222248204, 0.5, 0.5, 0.5, 0.5, 0.5 * 0.34392, 0.14630, 0.00000 *  * 0.00000 *   0
0.9842342755863766, 0.632860422753281, 0.5, 0.5, 0.5, 0.5, 0.5 * 0.31144, 0.18068, 0.00000 *  * 0.00000 *   0
0.07168405263063093, 0.16467880106909527, 0.5, 0.5, 0.5, 0.5, 0.5 * 0.00000, 0.02994, 0.46416 *  * 0.00000 *   0
0.5524324688974263, 0.9893863852423176, 0.5, 0.5, 0.5, 0.5, 0.5 * 0.27328, 0.00000, 0.22378 *  * 0.00000 *   0
0.9823767575786001, 0.6503485511934858, 0.5, 0.5, 0.5, 0.5, 0.5 * 0.31944, 0.17174, 0.00000 *  * 0.00000 *   0
0.33155689951629463, 0.013013131633375474, 0.5, 0.5, 0.5, 0.5, 0.5 * 0.00000, 0.16362, 0.33422 *  * 0.00000 *   0
0.5849460495038669, 0.021531298090773476, 0.5, 0.5, 0.5, 0.5, 0.5 * 0.00000, 0.28618, 0.20753 *  * 0.00000 *   0
0.23745561589727437, 0.9259115306859877, 0.5, 0.5, 0.5, 0.5, 0.5 * 0.10993, 0.00000, 0.38127 *  * 0.00000 *   0
0.2491955560551502, 0.07388053716073228, 0.5, 0.5, 0.5, 0.5, 0.5 * 0.00000, 0.11539, 0.37540 *  * 0.00000 *   0
0.03721836780595955, 0.5413488776576255, 0.5, 0.5, 0.5, 0.5, 0.5 * 0.01007, 0.00000, 0.48139 *  * 0.00000 *   0
0.9813612754336911, 0.2175308276336404, 0.5, 0.5, 0.5, 0.5, 0.5 * 0.10674, 0.38394, 0.00000 *  * 0.00000 *   0
0.5745779919784485, 0.9700585821285813, 0.5, 0.5, 0.5, 0.5, 0.5 * 0.27869, 0.00000, 0.21271 *  * 0.00000 *   0
0.9891904569843306, 0.025751860947214933, 0.5, 0.5, 0.5, 0.5, 0.5 * 0.01274, 0.48186, 0.00000 *  * 0.00000 *   0
0.3340727612234181, 0.961197637006286, 0.5, 0.5, 0.5, 0.5, 0.5 * 0.16055, 0.00000, 0.33296 *  * 0.00000 *   0
0.3749404903467576, 0.9664585921234438, 0.5, 0.5, 0.5, 0.5, 0.5 * 0.18118, 0.00000, 0.31253 *  * 0.00000 *   0
0.2524737867682365, 0.9442549672248517, 0.5, 0.5, 0.5, 0.5, 0.5 * 0.11920, 0.00000, 0.37376 *  * 0.00000 *   0
0.24384972185837805, 0.9461151117215163, 0.5, 0.5, 0.5, 0.5, 0.5 * 0.11535, 0.00000, 0.37808 *  * 0.00000 *   0
0.3809147526921213, 0.980724572891174, 0.5, 0.5, 0.5, 0.5, 0.5 * 0.18679, 0.00000, 0.30954 *  * 0.00000 *   0
0.9817247473983512, 0.65799343794205, 0.5, 0.5, 0.5, 0.5, 0.5 * 0.32298, 0.16788, 0.00000 *  * 0.00000 *   0
0.413161277331623, 0.9566319404669459, 0.5, 0.5, 0.5, 0.5, 0.5 * 0.19762, 0.00000, 0.29342 *  * 0.00000 *   0
0.98568957521892, 0.771045266016598, 0.5, 0.5, 0.5, 0.5, 0.5 * 0.38001, 0.11284, 0.00000 *  * 0.00000 *   0
0.6407153806174398, 0.982571170557077, 0.5, 0.5, 0.5, 0.5, 0.5 * 0.31477, 0.00000, 0.17964 *  * 0.00000 *   0
0.35288782769130844, 0.047757600372021924, 0.5, 0.5, 0.5, 0.5, 0.5 * 0.00000, 0.16802, 0.32356 *  * 0.00000 *   0
0.5048279944499663, 0.9709874344838334, 0.5, 0.5, 0.5, 0.5, 0.5 * 0.24509, 0.00000, 0.24759 *  * 0.00000 *   0
0.6626662323132849, 0.01681828673856034, 0.5, 0.5, 0.5, 0.5, 0.5 * 0.00000, 0.32576, 0.16867 *  * 0.00000 *   0
0.401689818071878, 0.9660112827541476, 0.5, 0.5, 0.5, 0.5, 0.5 * 0.19402, 0.00000, 0.29916 *  * 0.00000 *   0
0.40067028160793994, 0.9763728088602053, 0.5, 0.5, 0.5, 0.5, 0.5 * 0.19560, 0.00000, 0.29966 *  * 0.00000 *   0
0.17218702498479177, 0.08372421227731686, 0.5, 0.5, 0.5, 0.5, 0.5 * 0.00000, 0.07889, 0.41391 *  * 0.00000 *   0
0.9637448070438769, 0.016437202538068796, 0.5, 0.5, 0.5, 0.5, 0.5 * 0.00000, 0.47395, 0.01813 *  * 0.00000 *   0
0.15808526107518106, 0.8950485821918376, 0.5, 0.5, 0.5, 0.5, 0.5 * 0.07075, 0.00000, 0.42096 *  * 0.00000 *   0
0.21434682935166316, 0.0640388023783467, 0.5, 0.5, 0.5, 0.5, 0.5 * 0.00000, 0.10031, 0.39283 *  * 0.00000 *   0
0.2606019299579788, 0.040096627998361334, 0.5, 0.5, 0.5, 0.5, 0.5 * 0.00000, 0.12508, 0.36970 *  * 0.00000 *   0
0.3602605075254055, 0.05193304933488552, 0.5, 0.5, 0.5, 0.5, 0.5 * 0.00000, 0.17078, 0.31987 *  * 0.00000 *   0
0.3670919572547844, 0.051879989764255785, 0.5, 0.5, 0.5, 0.5, 0.5 * 0.00000, 0.17402, 0.31645 *  * 0.00000 *   0
0.27171331453380265, 0.9346749105337414, 0.5, 0.5, 0.5, 0.5, 0.5 * 0.12698, 0.00000, 0.36414 *  * 0.00000 *   0
0.7577608996337305, 0.9745074128841028, 0.5, 0.5, 0.5, 0.5, 0.5 * 0.36922, 0.00000, 0.12112 *  * 0.00000 *   0
0.9819192035431847, 0.9916409425395964, 0.5, 0.5, 0.5, 0.5, 0.5 * 0.48686, 0.00000, 0.00000 *  * 0.00000 *   0
0.2647904497078609, 0.9323576721447289, 0.5, 0.5, 0.5, 0.5, 0.5 * 0.12344, 0.00000, 0.36760 *  * 0.00000 *   0
0.16820053612138308, 0.10069000235066294, 0.5, 0.5, 0.5, 0.5, 0.5 * 0.00000, 0.07563, 0.41590 *  * 0.00000 *   0
0.9610115512484396, 0.014457899805605745, 0.5, 0.5, 0.5, 0.5, 0.5 * 0.00000, 0.47356, 0.01949 *  * 0.00000 *   0
0.11767779465433748, 0.13707385990333099, 0.5, 0.5, 0.5, 0.5, 0.5 * 0.00000, 0.05077, 0.44116 *  * 0.00000 *   0
0.3051848908167397, 0.04091737517257943, 0.5, 0.5, 0.5, 0.5, 0.5 * 0.00000, 0.14635, 0.34741 *  * 0.00000 *   0
0.9834332978925215, 0.3164686418612863, 0.5, 0.5, 0.5, 0.5, 0.5 * 0.15561, 0.33610, 0.00000 *  * 0.00000 *   0
0.38949409533198587, 0.048623490881286036, 0.5, 0.5, 0.5, 0.5, 0.5 * 0.00000, 0.18528, 0.30525 *  * 0.00000 *   0
0.5074489743510505, 0.9778715134063287, 0.5, 0.5, 0.5, 0.5, 0.5 * 0.24811, 0.00000, 0.24628 *  * 0.00000 *   0
0.9800707545565178, 0.2012513660184001, 0.5, 0.5, 0.5, 0.5, 0.5 * 0.09862, 0.39142, 0.00000 *  * 0.00000 *   0
0.3178565006448425, 0.02810001902805148, 0.5, 0.5, 0.5, 0.5, 0.5 * 0.00000, 0.15446, 0.34107 *  * 0.00000 *   0
0.9802651425072768, 0.7062146864148543, 0.5, 0.5, 0.5, 0.5, 0.5 * 0.34614, 0.14399, 0.00000 *  * 0.00000 *   0
0.16805358686889205, 0.885004399319963, 0.5, 0.5, 0.5, 0.5, 0.5 * 0.07436, 0.00000, 0.41597 *  * 0.00000 *   0
0.17446519381686754, 0.05672630433361836, 0.5, 0.5, 0.5, 0.5, 0.5 * 0.00000, 0.08228, 0.41277 *  * 0.00000 *   0
0.20721278231215745, 0.9287714380599156, 0.5, 0.5, 0.5, 0.5, 0.5 * 0.09623, 0.00000, 0.39639 *  * 0.00000 *   0
0.3272756204707006, 0.05022313259369615, 0.5, 0.5, 0.5, 0.5, 0.5 * 0.00000, 0.15542, 0.33636 *  * 0.00000 *   0
0.3679540791455711, 0.03195650927816729, 0.5, 0.5, 0.5, 0.5, 0.5 * 0.00000, 0.17810, 0.31602 *  * 0.00000 *   0
0.2702617126932325, 0.9413465731361473, 0.5, 0.5, 0.5, 0.5, 0.5 * 0.12720, 0.00000, 0.36487 *  * 0.00000 *   0
0.98332473174293, 0.6995807795797498, 0.5, 0.5, 0.5, 0.5, 0.5 * 0.34396, 0.14770, 0.00000 *  * 0.00000 *   0
0.18470947416991035, 0.10014475016800972, 0.5, 0.5, 0.5, 0.5, 0.5 * 0.00000, 0.08311, 0.40765 *  * 0.00000 *   0
0.36124663417391667, 0.023666834916495905, 0.5, 0.5, 0.5, 0.5, 0.5 * 0.00000, 0.17635, 0.31938 *  * 0.00000 *   0
0.16210447914061044, 0.10084911471839697, 0.5, 0.5, 0.5, 0.5, 0.5 * 0.00000, 0.07288, 0.41895 *  * 0.00000 *   0
0.0710087633738179, 0.8600713532608922, 0.5, 0.5, 0.5, 0.5, 0.5 * 0.03054, 0.00000, 0.46450 *  * 0.00000 *   0
0.38802698014973425, 0.033815387208956826, 0.5, 0.5, 0.5, 0.5, 0.5 * 0.00000, 0.18745, 0.30599 *  * 0.00000 *   0
0.15462660629476288, 0.09598082056501156, 0.5, 0.5, 0.5, 0.5, 0.5 * 0.00000, 0.06989, 0.42269 *  * 0.00000 *   0
0.2664481293754727, 0.03554647888914275, 0.5, 0.5, 0.5, 0.5, 0.5 * 0.00000, 0.12849, 0.36678 *  * 0.00000 *   0
0.23948449745321632, 0.05815146905854174, 0.5, 0.5, 0.5, 0.5, 0.5 * 0.00000, 0.11278, 0.38026 *  * 0.00000 *   0
0.20872792202791468, 0.05605977395059136, 0.5, 0.5, 0.5, 0.5, 0.5 * 0.00000, 0.09851, 0.39564 *  * 0.00000 *   0
0.21934655043796036, 0.03967494187514531, 0.5, 0.5, 0.5, 0.5, 0.5 * 0.00000, 0.10532, 0.39033 *  * 0.00000 *   0
0.22961722168490906, 0.921837660443017, 0.5, 0.5, 0.5, 0.5, 0.5 * 0.10583, 0.00000, 0.38519 *  * 0.00000 *   0
0.19776507928475062, 0.037243886896981215, 0.5, 0.5, 0.5, 0.5, 0.5 * 0.00000, 0.09520, 0.40112 *  * 0.00000 *   0
0.37310186337729667, 0.9558414890853619, 0.5, 0.5, 0.5, 0.5, 0.5 * 0.17831, 0.00000, 0.31345 *  * 0.00000 *   0
0.37607053255110623, 0.012450487913906017, 0.5, 0.5, 0.5, 0.5, 0.5 * 0.00000, 0.18569, 0.31196 *  * 0.00000 *   0
0.11619278963356383, 0.0607586255879764, 0.5, 0.5, 0.5, 0.5, 0.5 * 0.00000, 0.05457, 0.44190 *  * 0.00000 *   0
0.34524179571517977, 0.944868438033381, 0.5, 0.5, 0.5, 0.5, 0.5 * 0.16310, 0.00000, 0.32738 *  * 0.00000 *   0
0.34351597109482523, 0.9526141893398242, 0.5, 0.5, 0.5, 0.5, 0.5 * 0.16362, 0.00000, 0.32824 *  * 0.00000 *   0
0.32240615735224987, 0.05459738215032084, 0.5, 0.5, 0.5, 0.5, 0.5 * 0.00000, 0.15240, 0.33880 *  * 0.00000 *   0
0.21746207677194407, 0.0445107492948581, 0.5, 0.5, 0.5, 0.5, 0.5 * 0.00000, 0.10389, 0.39127 *  * 0.00000 *   0
0.2256712130512616, 0.9268506631866672, 0.5, 0.5, 0.5, 0.5, 0.5 * 0.10458, 0.00000, 0.38716 *  * 0.00000 *   0
0.18885383914863862, 0.9512226470199239, 0.5, 0.5, 0.5, 0.5, 0.5 * 0.08982, 0.00000, 0.40557 *  * 0.00000 *   0
0.13520198497689895, 0.08290460231373198, 0.5, 0.5, 0.5, 0.5, 0.5 * 0.00000, 0.06200, 0.43240 *  * 0.00000 *   0
0.13727821566954312, 0.14392119932223246, 0.5, 0.5, 0.5, 0.5, 0.5 * 0.00000, 0.05876, 0.43136 *  * 0.00000 *   0
0.17973337777688791, 0.9054423732325189, 0.5, 0.5, 0.5, 0.5, 0.5 * 0.08137, 0.00000, 0.41013 *  * 0.00000 *   0
0.08251858600719564, 0.8293534746247543, 0.5, 0.5, 0.5, 0.5, 0.5 * 0.03422, 0.00000, 0.45874 *  * 0.00000 *   0
0.23368826253633712, 0.01817670404345828, 0.5, 0.5, 0.5, 0.5, 0.5 * 0.00000, 0.11472, 0.38316 *  * 0.00000 *   0
0.22588343943019484, 0.041891238903570494, 0.5, 0.5, 0.5, 0.5, 0.5 * 0.00000, 0.10821, 0.38706 *  * 0.00000 *   0
0.2698898065839348, 0.03259894056938217, 0.5, 0.5, 0.5, 0.5, 0.5 * 0.00000, 0.13055, 0.36506 *  * 0.00000 *   0
0.20439019564317007, 0.07849566166521638, 0.5, 0.5, 0.5, 0.5, 0.5 * 0.00000, 0.09417, 0.39780 *  * 0.00000 *   0
0.19081140223468662, 0.922853510427972, 0.5, 0.5, 0.5, 0.5, 0.5 * 0.08805, 0.00000, 0.40459 *  * 0.00000 *   0
0.16393545592573477, 0.9338102892395084, 0.5, 0.5, 0.5, 0.5, 0.5 * 0.07654, 0.00000, 0.41803 *  * 0.00000 *   0
0.22054237831231915, 0.009447614927103443, 0.5, 0.5, 0.5, 0.5, 0.5 * 0.00000, 0.10923, 0.38973 *  * 0.00000 *   0
0.9816615237022863, 0.031595081291668325, 0.5, 0.5, 0.5, 0.5, 0.5 * 0.01551, 0.47532, 0.00000 *  * 0.00000 *   0
0.6411491727227508, 0.9689754673828737, 0.5, 0.5, 0.5, 0.5, 0.5 * 0.31063, 0.00000, 0.17943 *  * 0.00000 *   0
0.10201188345274992, 0.18907234962329578, 0.5, 0.5, 0.5, 0.5, 0.5 * 0.00000, 0.04136, 0.44899 *  * 0.00000 *   0
0.41398838578953334, 0.9616385416042527, 0.5, 0.5, 0.5, 0.5, 0.5 * 0.19905, 0.00000, 0.29301 *  * 0.00000 *   0
0.9826839265998953, 0.04883116226739548, 0.5, 0.5, 0.5, 0.5, 0.5 * 0.02399, 0.46735, 0.00000 *  * 0.00000 *   0
0.26954798724744267, 0.9269978925366756, 0.5, 0.5, 0.5, 0.5, 0.5 * 0.12494, 0.00000, 0.36523 *  * 0.00000 *   0
0.10207952730956737, 0.9721120603182631, 0.5, 0.5, 0.5, 0.5, 0.5 * 0.04962, 0.00000, 0.44896 *  * 0.00000 *   0
0.0888591432652357, 0.17230786932524356, 0.5, 0.5, 0.5, 0.5, 0.5 * 0.00000, 0.03677, 0.45557 *  * 0.00000 *   0
0.08945025586818167, 0.13030374878311346, 0.5, 0.5, 0.5, 0.5, 0.5 * 0.00000, 0.03890, 0.45527 *  * 0.00000 *   0
0.19235967471594517, 0.09584602929989028, 0.5, 0.5, 0.5, 0.5, 0.5 * 0.00000, 0.08696, 0.40382 *  * 0.00000 *   0
0.9928720714639144, 0.9874390037360943, 0.5, 0.5, 0.5, 0.5, 0.5 * 0.49020, 0.00000, 0.00000 *  * 0.00000 *   0
0.17579859853597157, 0.8965878106063344, 0.5, 0.5, 0.5, 0.5, 0.5 * 0.07881, 0.00000, 0.41210 *  * 0.00000 *   0
0.9936594451253545, 0.05171792809093789, 0.5, 0.5, 0.5, 0.5, 0.5 * 0.02570, 0.47113, 0.00000 *  * 0.00000 *   0
0.9829570613170019, 0.02436416978431477, 0.5, 0.5, 0.5, 0.5, 0.5 * 0.01197, 0.47950, 0.00000 *  * 0.00000 *   0
0.20105636216060685, 0.9105457308843975, 0.5, 0.5, 0.5, 0.5, 0.5 * 0.09154, 0.00000, 0.39947 *  * 0.00000 *   0
0.12218113786653562, 0.8419057681566265, 0.5, 0.5, 0.5, 0.5, 0.5 * 0.05143, 0.00000, 0.43891 *  * 0.00000 *   0
0.1941716906576102, 0.9512144319975985, 0.5, 0.5, 0.5, 0.5, 0.5 * 0.09235, 0.00000, 0.40291 *  * 0.00000 *   0
0.24538680480089547, 0.06611239573986605, 0.5, 0.5, 0.5, 0.5, 0.5 * 0.00000, 0.11458, 0.37731 *  * 0.00000 *   0
0.16593915760580047, 0.10233645142476222, 0.5, 0.5, 0.5, 0.5, 0.5 * 0.00000, 0.07448, 0.41703 *  * 0.00000 *   0
0.25020462978432534, 0.941547470520678, 0.5, 0.5, 0.5, 0.5, 0.5 * 0.11779, 0.00000, 0.37490 *  * 0.00000 *   0
0.08694869586444165, 0.8992250375379519, 0.5, 0.5, 0.5, 0.5, 0.5 * 0.03909, 0.00000, 0.45653 *  * 0.00000 *   0
0.19224531363158004, 0.08119838378837463, 0.5, 0.5, 0.5, 0.5, 0.5 * 0.00000, 0.08832, 0.40388 *  * 0.00000 *   0
0.07447196192064176, 0.09008754371955319, 0.5, 0.5, 0.5, 0.5, 0.5 * 0.00000, 0.03388, 0.46276 *  * 0.00000 *   0
0.13335030866245634, 0.04124925403219226, 0.5, 0.5, 0.5, 0.5, 0.5 * 0.00000, 0.06392, 0.43332 *  * 0.00000 *   0
0.13030018038754831, 0.10323790486005557, 0.5, 0.5, 0.5, 0.5, 0.5 * 0.00000, 0.05842, 0.43485 *  * 0.00000 *   0
0.31092097941125374, 0.02078741413189067, 0.5, 0.5, 0.5, 0.5, 0.5 * 0.00000, 0.15223, 0.34454 *  * 0.00000 *   0
0.1520106123385343, 0.10078088544891317, 0.5, 0.5, 0.5, 0.5, 0.5 * 0.00000, 0.06835, 0.42399 *  * 0.00000 *   0
0.2644279882221029, 0.9597223279808704, 0.5, 0.5, 0.5, 0.5, 0.5 * 0.12689, 0.00000, 0.36779 *  * 0.00000 *   0
0.1278702225899977, 0.1239060177435265, 0.5, 0.5, 0.5, 0.5, 0.5 * 0.00000, 0.05601, 0.43606 *  * 0.00000 *   0
0.26811313994518615, 0.030971357446838876, 0.5, 0.5, 0.5, 0.5, 0.5 * 0.00000, 0.12990, 0.36594 *  * 0.00000 *   0
0.25221338200742016, 0.9254352618687758, 0.5, 0.5, 0.5, 0.5, 0.5 * 0.11670, 0.00000, 0.37389 *  * 0.00000 *   0
0.3701255784294686, 0.04937056628742298, 0.5, 0.5, 0.5, 0.5, 0.5 * 0.00000, 0.17593, 0.31494 *  * 0.00000 *   0
0.0809530403723574, 0.9491688908577669, 0.5, 0.5, 0.5, 0.5, 0.5 * 0.03842, 0.00000, 0.45952 *  * 0.00000 *   0
0.14145125207982567, 0.8798504519546446, 0.5, 0.5, 0.5, 0.5, 0.5 * 0.06223, 0.00000, 0.42927 *  * 0.00000 *   0
0.10627850603613354, 0.898040937952228, 0.5, 0.5, 0.5, 0.5, 0.5 * 0.04772, 0.00000, 0.44686 *  * 0.00000 *   0
0.18265509289070048, 0.9083562820303324, 0.5, 0.5, 0.5, 0.5, 0.5 * 0.08296, 0.00000, 0.40867 *  * 0.00000 *   0
0.19410565451468398, 0.07012508016654051, 0.5, 0.5, 0.5, 0.5, 0.5 * 0.00000, 0.09025, 0.40295 *  * 0.00000 *   0
0.2237072592865269, 0.9535484195533657, 0.5, 0.5, 0.5, 0.5, 0.5 * 0.10666, 0.00000, 0.38815 *  * 0.00000 *   0
0.15367880378936416, 0.12749579282709222, 0.5, 0.5, 0.5, 0.5, 0.5 * 0.00000, 0.06704, 0.42316 *  * 0.00000 *   0
0.3159502006932561, 0.04406033755858696, 0.5, 0.5, 0.5, 0.5, 0.5 * 0.00000, 0.15101, 0.34202 *  * 0.00000 *   0
0.21445032748285797, 0.09060506155120396, 0.5, 0.5, 0.5, 0.5, 0.5 * 0.00000, 0.09751, 0.39277 *  * 0.00000 *   0
0.19783104387308015, 0.06269109090072023, 0.5, 0.5, 0.5, 0.5, 0.5 * 0.00000, 0.09271, 0.40108 *  * 0.00000 *   0
0.17686155740986553, 0.9089234523122317, 0.5, 0.5, 0.5, 0.5, 0.5 * 0.08038, 0.00000, 0.41157 *  * 0.00000 *   0
0.14868919286151183, 0.9193668730925905, 0.5, 0.5, 0.5, 0.5, 0.5 * 0.06835, 0.00000, 0.42566 *  * 0.00000 *   0
0.3838481135104572, 0.034315422103507576, 0.5, 0.5, 0.5, 0.5, 0.5 * 0.00000, 0.18534, 0.30808 *  * 0.00000 *   0
0.20293137661418192, 0.09459464535957207, 0.5, 0.5, 0.5, 0.5, 0.5 * 0.00000, 0.09187, 0.39853 *  * 0.00000 *   0
0.3139118756575988, 0.041076539180246785, 0.5, 0.5, 0.5, 0.5, 0.5 * 0.00000, 0.15051, 0.34304 *  * 0.00000 *   0
0.1247415644943759, 0.8819810080674321, 0.5, 0.5, 0.5, 0.5, 0.5 * 0.05501, 0.00000, 0.43763 *  * 0.00000 *   0
0.9960824986567504, 0.053492171934550026, 0.5, 0.5, 0.5, 0.5, 0.5 * 0.02664, 0.47140, 0.00000 *  * 0.00000 *   0
0.14561923594542958, 0.9581874166228825, 0.5, 0.5, 0.5, 0.5, 0.5 * 0.06977, 0.00000, 0.42719 *  * 0.00000 *   0
0.1037629536312138, 0.1807677908447799, 0.5, 0.5, 0.5, 0.5, 0.5 * 0.00000, 0.04250, 0.44812 *  * 0.00000 *   0
0.10740753557273985, 0.8693848594515647, 0.5, 0.5, 0.5, 0.5, 0.5 * 0.04669, 0.00000, 0.44630 *  * 0.00000 *   0
0.311662212279438, 0.038437273006509454, 0.5, 0.5, 0.5, 0.5, 0.5 * 0.00000, 0.14984, 0.34417 *  * 0.00000 *   0
0.07888638728878317, 0.9219069934047875, 0.5, 0.5, 0.5, 0.5, 0.5 * 0.03636, 0.00000, 0.46056 *  * 0.00000 *   0
0.2074693576597867, 0.9080379961481355, 0.5, 0.5, 0.5, 0.5, 0.5 * 0.09420, 0.00000, 0.39627 *  * 0.00000 *   0
0.12118612808973417, 0.09082474307444699, 0.5, 0.5, 0.5, 0.5, 0.5 * 0.00000, 0.05509, 0.43941 *  * 0.00000 *   0
0.13128475657023964, 0.8985128758153534, 0.5, 0.5, 0.5, 0.5, 0.5 * 0.05898, 0.00000, 0.43436 *  * 0.00000 *   0
0.13932921603056125, 0.8624589871155901, 0.5, 0.5, 0.5, 0.5, 0.5 * 0.06008, 0.00000, 0.43034 *  * 0.00000 *   0
0.21568384053148437, 0.9242605028305466, 0.5, 0.5, 0.5, 0.5, 0.5 * 0.09967, 0.00000, 0.39216 *  * 0.00000 *   0
0.10744424378577966, 0.8330664866937267, 0.5, 0.5, 0.5, 0.5, 0.5 * 0.04475, 0.00000, 0.44628 *  * 0.00000 *   0
0.0925386590363203, 0.1813614923215091, 0.5, 0.5, 0.5, 0.5, 0.5 * 0.00000, 0.03788, 0.45373 *  * 0.00000 *   0
0.11380460728011244, 0.13149176111846672, 0.5, 0.5, 0.5, 0.5, 0.5 * 0.00000, 0.04942, 0.44310 *  * 0.00000 *   0
0.2271038790989217, 0.08036097261557251, 0.5, 0.5, 0.5, 0.5, 0.5 * 0.00000, 0.10443, 0.38645 *  * 0.00000 *   0
0.16641219611316138, 0.9123776503803389, 0.5, 0.5, 0.5, 0.5, 0.5 * 0.07592, 0.00000, 0.41679 *  * 0.00000 *   0
0.23767950389112502, 0.046377838113813685, 0.5, 0.5, 0.5, 0.5, 0.5 * 0.00000, 0.11333, 0.38116 *  * 0.00000 *   0
0.18676915913661274, 0.9098786817050979, 0.5, 0.5, 0.5, 0.5, 0.5 * 0.08497, 0.00000, 0.40662 *  * 0.00000 *   0
0.1721857916545697, 0.9238926806562016, 0.5, 0.5, 0.5, 0.5, 0.5 * 0.07954, 0.00000, 0.41391 *  * 0.00000 *   0
0.07807242611620469, 0.16250971188640695, 0.5, 0.5, 0.5, 0.5, 0.5 * 0.00000, 0.03269, 0.46096 *  * 0.00000 *   0
0.32838786555888977, 0.9461444022713597, 0.5, 0.5, 0.5, 0.5, 0.5 * 0.15535, 0.00000, 0.33581 *  * 0.00000 *   0
0.13276667188519375, 0.059192537659093825, 0.5, 0.5, 0.5, 0.5, 0.5 * 0.00000, 0.06245, 0.43362 *  * 0.00000 *   0
0.14237018520901512, 0.0695633588793777, 0.5, 0.5, 0.5, 0.5, 0.5 * 0.00000, 0.06623, 0.42881 *  * 0.00000 *   0
0.1620828022343226, 0.9392332282475617, 0.5, 0.5, 0.5, 0.5, 0.5 * 0.07612, 0.00000, 0.41896 *  * 0.00000 *   0
0.14382410175823468, 0.901135435190276, 0.5, 0.5, 0.5, 0.5, 0.5 * 0.06480, 0.00000, 0.42809 *  * 0.00000 *   0
0.10750508660050073, 0.06073205789731073, 0.5, 0.5, 0.5, 0.5, 0.5 * 0.00000, 0.05049, 0.44625 *  * 0.00000 *   0
0.13996923522307803, 0.9318814296394728, 0.5, 0.5, 0.5, 0.5, 0.5 * 0.06522, 0.00000, 0.43002 *  * 0.00000 *   0
0.19260627643081707, 0.8964456341808015, 0.5, 0.5, 0.5, 0.5, 0.5 * 0.08633, 0.00000, 0.40370 *  * 0.00000 *   0
0.10987498289630926, 0.8661293791242486, 0.5, 0.5, 0.5, 0.5, 0.5 * 0.04758, 0.00000, 0.44506 *  * 0.00000 *   0
0.13277277050598746, 0.916678112360399, 0.5, 0.5, 0.5, 0.5, 0.5 * 0.06085, 0.00000, 0.43361 *  * 0.00000 *   0
0.19981515563929808, 0.089507146348351, 0.5, 0.5, 0.5, 0.5, 0.5 * 0.00000, 0.09097, 0.40009 *  * 0.00000 *   0
0.18385252907196492, 0.9452630081005446, 0.5, 0.5, 0.5, 0.5, 0.5 * 0.08689, 0.00000, 0.40807 *  * 0.00000 *   0
0.07060592159048695, 0.10932369880870119, 0.5, 0.5, 0.5, 0.5, 0.5 * 0.00000, 0.03144, 0.46470 *  * 0.00000 *   0
0.10044538351490084, 0.8716372759014036, 0.5, 0.5, 0.5, 0.5, 0.5 * 0.04378, 0.00000, 0.44978 *  * 0.00000 *   0
0.14979116044573815, 0.8891769303674694, 0.5, 0.5, 0.5, 0.5, 0.5 * 0.06660, 0.00000, 0.42510 *  * 0.00000 *   0
0.1349602467541543, 0.036048303095878254, 0.5, 0.5, 0.5, 0.5, 0.5 * 0.00000, 0.06505, 0.43252 *  * 0.00000 *   0
0.3117131959651249, 0.025156884130005164, 0.5, 0.5, 0.5, 0.5, 0.5 * 0.00000, 0.15194, 0.34414 *  * 0.00000 *   0
0.08289881977717783, 0.828754787283066, 0.5, 0.5, 0.5, 0.5, 0.5 * 0.03435, 0.00000, 0.45855 *  * 0.00000 *   0
0.0696082022229535, 0.2100346591266331, 0.5, 0.5, 0.5, 0.5, 0.5 * 0.00000, 0.02749, 0.46520 *  * 0.00000 *   0
0.14537029998362783, 0.880049990612001, 0.5, 0.5, 0.5, 0.5, 0.5 * 0.06397, 0.00000, 0.42731 *  * 0.00000 *   0
0.1857393333302646, 0.9006673523400484, 0.5, 0.5, 0.5, 0.5, 0.5 * 0.08364, 0.00000, 0.40713 *  * 0.00000 *   0
0.0958109736681122, 0.859453821947723, 0.5, 0.5, 0.5, 0.5, 0.5 * 0.04117, 0.00000, 0.45209 *  * 0.00000 *   0
0.18139743674028352, 0.928803746214638, 0.5, 0.5, 0.5, 0.5, 0.5 * 0.08424, 0.00000, 0.40930 *  * 0.00000 *   0
0.09445969011386168, 0.7915774489137702, 0.5, 0.5, 0.5, 0.5, 0.5 * 0.03739, 0.00000, 0.45277 *  * 0.00000 *   0
0.12713832227660216, 0.9003645567470175, 0.5, 0.5, 0.5, 0.5, 0.5 * 0.05724, 0.00000, 0.43643 *  * 0.00000 *   0
0.11667539854320186, 0.8997221935496177, 0.5, 0.5, 0.5, 0.5, 0.5 * 0.05249, 0.00000, 0.44166 *  * 0.00000 *   0
0.9868873292870038, 0.05329656860097609, 0.5, 0.5, 0.5, 0.5, 0.5 * 0.02630, 0.46714, 0.00000 *  * 0.00000 *   0
0.21590332408260582, 0.9702922749135409, 0.5, 0.5, 0.5, 0.5, 0.5 * 0.10474, 0.00000, 0.39205 *  * 0.00000 *   0
0.05027190958765426, 0.12316616928895607, 0.5, 0.5, 0.5, 0.5, 0.5 * 0.00000, 0.02204, 0.47486 *  * 0.00000 *   0
0.12573250770110234, 0.8829267631632344, 0.5, 0.5, 0.5, 0.5, 0.5 * 0.05551, 0.00000, 0.43713 *  * 0.00000 *   0
0.12357793576592835, 0.9387733130939028, 0.5, 0.5, 0.5, 0.5, 0.5 * 0.05801, 0.00000, 0.43821 *  * 0.00000 *   0
0.14192695555096035, 0.017113399513144056, 0.5, 0.5, 0.5, 0.5, 0.5 * 0.00000, 0.06975, 0.42904 *  * 0.00000 *   0
0.06565429139219547, 0.12854167120478655, 0.5, 0.5, 0.5, 0.5, 0.5 * 0.00000, 0.02861, 0.46717 *  * 0.00000 *   0
0.18149331576439265, 0.03957964568872363, 0.5, 0.5, 0.5, 0.5, 0.5 * 0.00000, 0.08715, 0.40925 *  * 0.00000 *   0
0.07606188829346094, 0.912984499694647, 0.5, 0.5, 0.5, 0.5, 0.5 * 0.03472, 0.00000, 0.46197 *  * 0.00000 *   0
0.10665709843574145, 0.10177914585133818, 0.5, 0.5, 0.5, 0.5, 0.5 * 0.00000, 0.04790, 0.44667 *  * 0.00000 *   0
0.12879580604365437, 0.8677115839066389, 0.5, 0.5, 0.5, 0.5, 0.5 * 0.05588, 0.00000, 0.43560 *  * 0.00000 *   0
0.09866942841993775, 0.8124902641433748, 0.5, 0.5, 0.5, 0.5, 0.5 * 0.04008, 0.00000, 0.45067 *  * 0.00000 *   0
0.3245163524738881, 0.0428063575378711, 0.5, 0.5, 0.5, 0.5, 0.5 * 0.00000, 0.15531, 0.33774 *  * 0.00000 *   0
0.1880537481050112, 0.0312528211822396, 0.5, 0.5, 0.5, 0.5, 0.5 * 0.00000, 0.09109, 0.40597 *  * 0.00000 *   0
0.0644031333917523, 0.9103440094899579, 0.5, 0.5, 0.5, 0.5, 0.5 * 0.02931, 0.00000, 0.46780 *  * 0.00000 *   0
0.15024403169499112, 0.13003680563439124, 0.5, 0.5, 0.5, 0.5, 0.5 * 0.00000, 0.06535, 0.42488 *  * 0.00000 *   0
0.09485382459751202, 0.039358351740107156, 0.5, 0.5, 0.5, 0.5, 0.5 * 0.00000, 0.04556, 0.45257 *  * 0.00000 *   0
0.06799623872244998, 0.26924843286027766, 0.5, 0.5, 0.5, 0.5, 0.5 * 0.00000, 0.02484, 0.46600 *  * 0.00000 *   0
0.08821933606023735, 0.1209828484049218, 0.5, 0.5, 0.5, 0.5, 0.5 * 0.00000, 0.03877, 0.45589 *  * 0.00000 *   0
0.057900560574252635, 0.11222775460141421, 0.5, 0.5, 0.5, 0.5, 0.5 * 0.00000, 0.02570, 0.47105 *  * 0.00000 *   0
0.09491795218604127, 0.8937816163871473, 0.5, 0.5, 0.5, 0.5, 0.5 * 0.04242, 0.00000, 0.45254 *  * 0.00000 *   0
0.12944009502375642, 0.14149110734642134, 0.5, 0.5, 0.5, 0.5, 0.5 * 0.00000, 0.05556, 0.43528 *  * 0.00000 *   0
0.09974025520411556, 0.8311423919566304, 0.5, 0.5, 0.5, 0.5, 0.5 * 0.04145, 0.00000, 0.45013 *  * 0.00000 *   0
0.04869317999087153, 0.5964423813445907, 0.5, 0.5, 0.5, 0.5, 0.5 * 0.01452, 0.00000, 0.47565 *  * 0.00000 *   0
0.06989158271700036, 0.17464748370013172, 0.5, 0.5, 0.5, 0.5, 0.5 * 0.00000, 0.02884, 0.46505 *  * 0.00000 *   0
0.09666102350038142, 0.8928418291671418, 0.5, 0.5, 0.5, 0.5, 0.5 * 0.04315, 0.00000, 0.45167 *  * 0.00000 *   0
0.21446168861247306, 0.08145136618591642, 0.5, 0.5, 0.5, 0.5, 0.5 * 0.00000, 0.09850, 0.39277 *  * 0.00000 *   0
0.323358442265929, 0.9557808769905776, 0.5, 0.5, 0.5, 0.5, 0.5 * 0.15453, 0.00000, 0.33832 *  * 0.00000 *   0
0.0408700199763532, 0.3075608221635334, 0.5, 0.5, 0.5, 0.5, 0.5 * 0.00000, 0.01415, 0.47956 *  * 0.00000 *   0
0.11263539797248678, 0.12382653685680423, 0.5, 0.5, 0.5, 0.5, 0.5 * 0.00000, 0.04934, 0.44368 *  * 0.00000 *   0
0.06083514154180736, 0.11846657488983448, 0.5, 0.5, 0.5, 0.5, 0.5 * 0.00000, 0.02681, 0.46958 *  * 0.00000 *   0
0.15108755143919195, 0.9102972689780515, 0.5, 0.5, 0.5, 0.5, 0.5 * 0.06877, 0.00000, 0.42446 *  * 0.00000 *   0
0.09385324923752802, 0.894031154464261, 0.5, 0.5, 0.5, 0.5, 0.5 * 0.04195, 0.00000, 0.45307 *  * 0.00000 *   0
0.12448301868748546, 0.933840814843013, 0.5, 0.5, 0.5, 0.5, 0.5 * 0.05812, 0.00000, 0.43776 *  * 0.00000 *   0
0.10322626482189556, 0.15542204338417165, 0.5, 0.5, 0.5, 0.5, 0.5 * 0.00000, 0.04359, 0.44839 *  * 0.00000 *   0
0.1517891457530769, 0.8896303237753871, 0.5, 0.5, 0.5, 0.5, 0.5 * 0.06752, 0.00000, 0.42411 *  * 0.00000 *   0
0.11165918918130713, 0.15537188462425222, 0.5, 0.5, 0.5, 0.5, 0.5 * 0.00000, 0.04716, 0.44417 *  * 0.00000 *   0
0.21777659041211583, 0.041974110506153406, 0.5, 0.5, 0.5, 0.5, 0.5 * 0.00000, 0.10432, 0.39111 *  * 0.00000 *   0
0.04667681623365327, 0.8291585199723609, 0.5, 0.5, 0.5, 0.5, 0.5 * 0.01935, 0.00000, 0.47666 *  * 0.00000 *   0
0.07392000066507776, 0.1860821528581531, 0.5, 0.5, 0.5, 0.5, 0.5 * 0.00000, 0.03008, 0.46304 *  * 0.00000 *   0
0.0776249096676902, 0.12859114900068203, 0.5, 0.5, 0.5, 0.5, 0.5 * 0.00000, 0.03382, 0.46119 *  * 0.00000 *   0
0.14973378007217586, 0.8992099083484276, 0.5, 0.5, 0.5, 0.5, 0.5 * 0.06732, 0.00000, 0.42513 *  * 0.00000 *   0
0.09858052979060927, 0.11268589761609038, 0.5, 0.5, 0.5, 0.5, 0.5 * 0.00000, 0.04374, 0.45071 *  * 0.00000 *   0
0.13771127852767817, 0.9452873031898431, 0.5, 0.5, 0.5, 0.5, 0.5 * 0.06509, 0.00000, 0.43114 *  * 0.00000 *   0
0.12724487711300247, 0.8895644736352822, 0.5, 0.5, 0.5, 0.5, 0.5 * 0.05660, 0.00000, 0.43638 *  * 0.00000 *   0
0.07265110080600712, 0.7668276123312764, 0.5, 0.5, 0.5, 0.5, 0.5 * 0.02786, 0.00000, 0.46367 *  * 0.00000 *   0
0.04155338310500789, 0.15960243471138624, 0.5, 0.5, 0.5, 0.5, 0.5 * 0.00000, 0.01746, 0.47922 *  * 0.00000 *   0
0.0885936756057858, 0.027518414274954495, 0.5, 0.5, 0.5, 0.5, 0.5 * 0.00000, 0.04308, 0.45570 *  * 0.00000 *   0
0.06193823568331658, 0.8071385187719982, 0.5, 0.5, 0.5, 0.5, 0.5 * 0.02500, 0.00000, 0.46903 *  * 0.00000 *   0
0.3237708394219475, 0.9577145650983451, 0.5, 0.5, 0.5, 0.5, 0.5 * 0.15504, 0.00000, 0.33811 *  * 0.00000 *   0
0.057786364674899615, 0.7409768056878615, 0.5, 0.5, 0.5, 0.5, 0.5 * 0.02141, 0.00000, 0.47111 *  * 0.00000 *   0
0.07571990976940879, 0.749783956614271, 0.5, 0.5, 0.5, 0.5, 0.5 * 0.02839, 0.00000, 0.46214 *  * 0.00000 *   0
0.09299023300600773, 0.789897467905561, 0.5, 0.5, 0.5, 0.5, 0.5 * 0.03673, 0.00000, 0.45350 *  * 0.00000 *   0
0.0775464030083376, 0.21003278006982218, 0.5, 0.5, 0.5, 0.5, 0.5 * 0.00000, 0.03063, 0.46123 *  * 0.00000 *   0
0.11040333734339225, 0.1599041778745357, 0.5, 0.5, 0.5, 0.5, 0.5 * 0.00000, 0.04637, 0.44480 *  * 0.00000 *   0
0.061224806567053536, 0.24727627651066164, 0.5, 0.5, 0.5, 0.5, 0.5 * 0.00000, 0.02304, 0.46939 *  * 0.00000 *   0
0.05937975410759455, 0.23147186822928345, 0.5, 0.5, 0.5, 0.5, 0.5 * 0.00000, 0.02282, 0.47031 *  * 0.00000 *   0
0.06233596578772804, 0.8754277443921247, 0.5, 0.5, 0.5, 0.5, 0.5 * 0.02729, 0.00000, 0.46883 *  * 0.00000 *   0
0.06331370412144077, 0.9135934427167731, 0.5, 0.5, 0.5, 0.5, 0.5 * 0.02892, 0.00000, 0.46834 *  * 0.00000 *   0
0.036086039299221606, 0.7185076906201713, 0.5, 0.5, 0.5, 0.5, 0.5 * 0.01296, 0.00000, 0.48196 *  * 0.00000 *   0
0.05636100811444256, 0.31551779935413826, 0.5, 0.5, 0.5, 0.5, 0.5 * 0.00000, 0.01929, 0.47182 *  * 0.00000 *   0
0.06782281963073111, 0.7666775902096847, 0.5, 0.5, 0.5, 0.5, 0.5 * 0.02600, 0.00000, 0.46609 *  * 0.00000 *   0
0.06575318700772603, 0.09522686632130783, 0.5, 0.5, 0.5, 0.5, 0.5 * 0.00000, 0.02975, 0.46712 *  * 0.00000 *   0
0.045789799204064785, 0.8787872584313771, 0.5, 0.5, 0.5, 0.5, 0.5 * 0.02012, 0.00000, 0.47711 *  * 0.00000 *   0
0.11621307872556907, 0.1608961451038069, 0.5, 0.5, 0.5, 0.5, 0.5 * 0.00000, 0.04876, 0.44189 *  * 0.00000 *   0
0.03216166122702235, 0.15029685238066448, 0.5, 0.5, 0.5, 0.5, 0.5 * 0.00000, 0.01366, 0.48392 *  * 0.00000 *   0
0.0969960508835832, 0.8182346808155981, 0.5, 0.5, 0.5, 0.5, 0.5 * 0.03968, 0.00000, 0.45150 *  * 0.00000 *   0
0.089144726224205, 0.1481647474481692, 0.5, 0.5, 0.5, 0.5, 0.5 * 0.00000, 0.03797, 0.45543 *  * 0.00000 *   0
0.0644772192967169, 0.7219056306241367, 0.5, 0.5, 0.5, 0.5, 0.5 * 0.02327, 0.00000, 0.46776 *  * 0.00000 *   0
0.05705771458662223, 0.27317722857656834, 0.5, 0.5, 0.5, 0.5, 0.5 * 0.00000, 0.02074, 0.47147 *  * 0.00000 *   0
0.0974690271696883, 0.8184180845315121, 0.5, 0.5, 0.5, 0.5, 0.5 * 0.03989, 0.00000, 0.45127 *  * 0.00000 *   0
0.05885505186431894, 0.8704165950219659, 0.5, 0.5, 0.5, 0.5, 0.5 * 0.02561, 0.00000, 0.47057 *  * 0.00000 *   0
0.04459140979508547, 0.15511197786894193, 0.5, 0.5, 0.5, 0.5, 0.5 * 0.00000, 0.01884, 0.47770 *  * 0.00000 *   0
0.0666568172619817, 0.7113916794356867, 0.5, 0.5, 0.5, 0.5, 0.5 * 0.02371, 0.00000, 0.46667 *  * 0.00000 *   0
0.02531898347808481, 0.8133700525575938, 0.5, 0.5, 0.5, 0.5, 0.5 * 0.01030, 0.00000, 0.48734 *  * 0.00000 *   0
0.1107775618164869, 0.1474256403367734, 0.5, 0.5, 0.5, 0.5, 0.5 * 0.00000, 0.04722, 0.44461 *  * 0.00000 *   0
0.062475595445250165, 0.7321235046194806, 0.5, 0.5, 0.5, 0.5, 0.5 * 0.02287, 0.00000, 0.46876 *  * 0.00000 *   0
0.07638036440239726, 0.8998190947002568, 0.5, 0.5, 0.5, 0.5, 0.5 * 0.03436, 0.00000, 0.46181 *  * 0.00000 *   0
0.04469240924222995, 0.6803449169926351, 0.5, 0.5, 0.5, 0.5, 0.5 * 0.01520, 0.00000, 0.47765 *  * 0.00000 *   0
0.0729205338169795, 0.7844777119923635, 0.5, 0.5, 0.5, 0.5, 0.5 * 0.02860, 0.00000, 0.46354 *  * 0.00000 *   0
0.04737770303892852, 0.2777800213010414, 0.5, 0.5, 0.5, 0.5, 0.5 * 0.00000, 0.01711, 0.47631 *  * 0.00000 *   0
0.04529162556725519, 0.09017149972879868, 0.5, 0.5, 0.5, 0.5, 0.5 * 0.00000, 0.02060, 0.47735 *  * 0.00000 *   0
0.0603340564754804, 0.1270228182941866, 0.5, 0.5, 0.5, 0.5, 0.5 * 0.00000, 0.02634, 0.46983 *  * 0.00000 *   0
0.042776677690486764, 0.2998890615664801, 0.5, 0.5, 0.5, 0.5, 0.5 * 0.00000, 0.01497, 0.47861 *  * 0.00000 *   0
0.050404562202974956, 0.6693509405554096, 0.5, 0.5, 0.5, 0.5, 0.5 * 0.01687, 0.00000, 0.47480 *  * 0.00000 *   0
0.09326545439871614, 0.9320834673897089, 0.5, 0.5, 0.5, 0.5, 0.5 * 0.04347, 0.00000, 0.45337 *  * 0.00000 *   0
0.059783661613902805, 0.7491228675239506, 0.5, 0.5, 0.5, 0.5, 0.5 * 0.02239, 0.00000, 0.47011 *  * 0.00000 *   0
0.06289941437596869, 0.2490127206821462, 0.5, 0.5, 0.5, 0.5, 0.5 * 0.00000, 0.02362, 0.46855 *  * 0.00000 *   0
0.14975000273180594, 0.9235739288767254, 0.5, 0.5, 0.5, 0.5, 0.5 * 0.06915, 0.00000, 0.42512 *  * 0.00000 *   0
0.03452099797239494, 0.8006602042729254, 0.5, 0.5, 0.5, 0.5, 0.5 * 0.01382, 0.00000, 0.48274 *  * 0.00000 *   0
0.11136753464943261, 0.12192904085633549, 0.5, 0.5, 0.5, 0.5, 0.5 * 0.00000, 0.04889, 0.44432 *  * 0.00000 *   0
0.04807250950386932, 0.9211783800132289, 0.5, 0.5, 0.5, 0.5, 0.5 * 0.02214, 0.00000, 0.47596 *  * 0.00000 *   0
0.025337352324946938, 0.8817696100461325, 0.5, 0.5, 0.5, 0.5, 0.5 * 0.01117, 0.00000, 0.48733 *  * 0.00000 *   0
0.039433294792594276, 0.6997410464299186, 0.5, 0.5, 0.5, 0.5, 0.5 * 0.01380, 0.00000, 0.48028 *  * 0.00000 *   0
0.04537774152107532, 0.7628324230805502, 0.5, 0.5, 0.5, 0.5, 0.5 * 0.01731, 0.00000, 0.47731 *  * 0.00000 *   0
0.030256224808500876, 0.789485766103742, 0.5, 0.5, 0.5, 0.5, 0.5 * 0.01194, 0.00000, 0.48487 *  * 0.00000 *   0
0.039810850593595015, 0.620861539986255, 0.5, 0.5, 0.5, 0.5, 0.5 * 0.01236, 0.00000, 0.48009 *  * 0.00000 *   0
0.03804172801403716, 0.4515150577037428, 0.5, 0.5, 0.5, 0.5, 0.5 * 0.00000, 0.01043, 0.48098 *  * 0.00000 *   0
0.0659311395918607, 0.06467124856130224, 0.5, 0.5, 0.5, 0.5, 0.5 * 0.00000, 0.03083, 0.46703 *  * 0.00000 *   0
0.05533555388723743, 0.23324082756473774, 0.5, 0.5, 0.5, 0.5, 0.5 * 0.00000, 0.02121, 0.47233 *  * 0.00000 *   0
0.03495200380024921, 0.6260868932203719, 0.5, 0.5, 0.5, 0.5, 0.5 * 0.01094, 0.00000, 0.48252 *  * 0.00000 *   0
0.04255248161591063, 0.2500938873191946, 0.5, 0.5, 0.5, 0.5, 0.5 * 0.00000, 0.01596, 0.47872 *  * 0.00000 *   0
0.186976870859746, 0.9261890373223644, 0.5, 0.5, 0.5, 0.5, 0.5 * 0.08659, 0.00000, 0.40651 *  * 0.00000 *   0
0.050726770768709795, 0.3892111739968702, 0.5, 0.5, 0.5, 0.5, 0.5 * 0.00000, 0.01549, 0.47464 *  * 0.00000 *   0
0.051600497963501746, 0.9424772446238078, 0.5, 0.5, 0.5, 0.5, 0.5 * 0.02432, 0.00000, 0.47420 *  * 0.00000 *   0
0.056169739404683616, 0.29791871575322026, 0.5, 0.5, 0.5, 0.5, 0.5 * 0.00000, 0.01972, 0.47192 *  * 0.00000 *   0
0.049379132896867683, 0.7682013486844803, 0.5, 0.5, 0.5, 0.5, 0.5 * 0.01897, 0.00000, 0.47531 *  * 0.00000 *   0
0.04706368553830087, 0.3125638672670904, 0.5, 0.5, 0.5, 0.5, 0.5 * 0.00000, 0.01618, 0.47647 *  * 0.00000 *   0
0.055203756672099424, 0.12397004986993465, 0.5, 0.5, 0.5, 0.5, 0.5 * 0.00000, 0.02418, 0.47240 *  * 0.00000 *   0
0.04852311308665147, 0.18208708642659155, 0.5, 0.5, 0.5, 0.5, 0.5 * 0.00000, 0.01984, 0.47574 *  * 0.00000 *   0
0.054781228878237, 0.7519249418211912, 0.5, 0.5, 0.5, 0.5, 0.5 * 0.02060, 0.00000, 0.47261 *  * 0.00000 *   0
0.05817308142942301, 0.8402958513436444, 0.5, 0.5, 0.5, 0.5, 0.5 * 0.02444, 0.00000, 0.47091 *  * 0.00000 *   0
0.04844420437762231, 0.8173654421884997, 0.5, 0.5, 0.5, 0.5, 0.5 * 0.01980, 0.00000, 0.47578 *  * 0.00000 *   0
0.04363732917234309, 0.7553862179886265, 0.5, 0.5, 0.5, 0.5, 0.5 * 0.01648, 0.00000, 0.47818 *  * 0.00000 *   0
0.06885406300971542, 0.7463462905460062, 0.5, 0.5, 0.5, 0.5, 0.5 * 0.02569, 0.00000, 0.46557 *  * 0.00000 *   0
0.0665535716757546, 0.28447485518274596, 0.5, 0.5, 0.5, 0.5, 0.5 * 0.00000, 0.02381, 0.46672 *  * 0.00000 *   0
0.04445482282189006, 0.18238373912972872, 0.5, 0.5, 0.5, 0.5, 0.5 * 0.00000, 0.01817, 0.47777 *  * 0.00000 *   0
0.04710844142218917, 0.09931284550932618, 0.5, 0.5, 0.5, 0.5, 0.5 * 0.00000, 0.02121, 0.47645 *  * 0.00000 *   0
0.04050809408465883, 0.7997606487214771, 0.5, 0.5, 0.5, 0.5, 0.5 * 0.01620, 0.00000, 0.47975 *  * 0.00000 *   0
0.0365688927742438, 0.3284791643609075, 0.5, 0.5, 0.5, 0.5, 0.5 * 0.00000, 0.01228, 0.48172 *  * 0.00000 *   0
0.05352126325964934, 0.7708603719444156, 0.5, 0.5, 0.5, 0.5, 0.5 * 0.02063, 0.00000, 0.47324 *  * 0.00000 *   0
0.03086542329106179, 0.14295950290598192, 0.5, 0.5, 0.5, 0.5, 0.5 * 0.00000, 0.01323, 0.48457 *  * 0.00000 *   0
0.12726330099323035, 0.14205836528252058, 0.5, 0.5, 0.5, 0.5, 0.5 * 0.00000, 0.05459, 0.43637 *  * 0.00000 *   0
0.17671620582620773, 0.980536910202221, 0.5, 0.5, 0.5, 0.5, 0.5 * 0.08664, 0.00000, 0.41164 *  * 0.00000 *   0
0.07228053339419438, 0.7323948838119569, 0.5, 0.5, 0.5, 0.5, 0.5 * 0.02647, 0.00000, 0.46386 *  * 0.00000 *   0
0.03401908648466401, 0.3394172432813879, 0.5, 0.5, 0.5, 0.5, 0.5 * 0.00000, 0.01124, 0.48299 *  * 0.00000 *   0
0.026613298518061934, 0.10276491477950123, 0.5, 0.5, 0.5, 0.5, 0.5 * 0.00000, 0.01194, 0.48669 *  * 0.00000 *   0
0.02582901477124422, 0.12172483323897454, 0.5, 0.5, 0.5, 0.5, 0.5 * 0.00000, 0.01134, 0.48709 *  * 0.00000 *   0
0.047167706176247215, 0.2261427274344523, 0.5, 0.5, 0.5, 0.5, 0.5 * 0.00000, 0.01825, 0.47642 *  * 0.00000 *   0
0.1066474822396456, 0.1378092101341657, 0.5, 0.5, 0.5, 0.5, 0.5 * 0.00000, 0.04598, 0.44668 *  * 0.00000 *   0
0.043960645963799116, 0.5496896203011082, 0.5, 0.5, 0.5, 0.5, 0.5 * 0.01208, 0.00000, 0.47802 *  * 0.00000 *   0
0.03903158687708852, 0.36461910984327073, 0.5, 0.5, 0.5, 0.5, 0.5 * 0.00000, 0.01240, 0.48048 *  * 0.00000 *   0
0.04811570560963063, 0.7684182027763448, 0.5, 0.5, 0.5, 0.5, 0.5 * 0.01849, 0.00000, 0.47594 *  * 0.00000 *   0
0.022945599974617314, 0.16570586107388607, 0.5, 0.5, 0.5, 0.5, 0.5 * 0.00000, 0.00000, 0.48853 *  * 0.00000 *   0
0.06000153701472133, 0.7814511972537063, 0.5, 0.5, 0.5, 0.5, 0.5 * 0.02344, 0.00000, 0.47000 *  * 0.00000 *   0
0.026541540973761824, 0.0402569102637913, 0.5, 0.5, 0.5, 0.5, 0.5 * 0.00000, 0.01274, 0.48673 *  * 0.00000 *   0
0.05240169791572091, 0.3612029200652128, 0.5, 0.5, 0.5, 0.5, 0.5 * 0.00000, 0.01674, 0.47380 *  * 0.00000 *   0
0.07852211219052763, 0.8842530306905546, 0.5, 0.5, 0.5, 0.5, 0.5 * 0.03472, 0.00000, 0.46074 *  * 0.00000 *   0
0.06227539953421957, 0.15363112179028204, 0.5, 0.5, 0.5, 0.5, 0.5 * 0.00000, 0.02635, 0.46886 *  * 0.00000 *   0
0.02369308983895868, 0.1442743801796036, 0.5, 0.5, 0.5, 0.5, 0.5 * 0.00000, 0.01014, 0.48815 *  * 0.00000 *   0
0.031355635574070395, 0.16755650042093018, 0.5, 0.5, 0.5, 0.5, 0.5 * 0.00000, 0.01305, 0.48432 *  * 0.00000 *   0
0.05141218110710144, 0.8235697944211323, 0.5, 0.5, 0.5, 0.5, 0.5 * 0.02117, 0.00000, 0.47429 *  * 0.00000 *   0
0.042231672176264, 0.7448236180353538, 0.5, 0.5, 0.5, 0.5, 0.5 * 0.01573, 0.00000, 0.47888 *  * 0.00000 *   0
0.048617659343270114, 0.31417459206534337, 0.5, 0.5, 0.5, 0.5, 0.5 * 0.00000, 0.01667, 0.47569 *  * 0.00000 *   0
0.04480790586722927, 0.8465801041589879, 0.5, 0.5, 0.5, 0.5, 0.5 * 0.01897, 0.00000, 0.47760 *  * 0.00000 *   0
0.03151158573269919, 0.8149616459381894, 0.5, 0.5, 0.5, 0.5, 0.5 * 0.01284, 0.00000, 0.48424 *  * 0.00000 *   0
0.03275841540504876, 0.3568138062858931, 0.5, 0.5, 0.5, 0.5, 0.5 * 0.00000, 0.01053, 0.48362 *  * 0.00000 *   0
0.11056731243102513, 0.16548982499381604, 0.5, 0.5, 0.5, 0.5, 0.5 * 0.00000, 0.04613, 0.44472 *  * 0.00000 *   0
0.04354302749923489, 0.8101681232067908, 0.5, 0.5, 0.5, 0.5, 0.5 * 0.01764, 0.00000, 0.47823 *  * 0.00000 *   0
0.04298098285788321, 0.8245465009055258, 0.5, 0.5, 0.5, 0.5, 0.5 * 0.01772, 0.00000, 0.47851 *  * 0.00000 *   0
0.054364456528615546, 0.23720731868428813, 0.5, 0.5, 0.5, 0.5, 0.5 * 0.00000, 0.02073, 0.47282 *  * 0.00000 *   0
0.06278527548065171, 0.928896562178241, 0.5, 0.5, 0.5, 0.5, 0.5 * 0.02916, 0.00000, 0.46861 *  * 0.00000 *   0
0.052773314331674315, 0.7889253433892142, 0.5, 0.5, 0.5, 0.5, 0.5 * 0.02082, 0.00000, 0.47361 *  * 0.00000 *   0
0.05441325432629762, 0.7694969760008978, 0.5, 0.5, 0.5, 0.5, 0.5 * 0.02094, 0.00000, 0.47279 *  * 0.00000 *   0
0.041826230897044514, 0.2763541122925701, 0.5, 0.5, 0.5, 0.5, 0.5 * 0.00000, 0.01513, 0.47909 *  * 0.00000 *   0
0.022238570374197075, 0.432460826729988, 0.5, 0.5, 0.5, 0.5, 0.5 * 0.00000, 0.00000, 0.48888 *  * 0.00000 *   0
0.045320920408039034, 0.7925853275273783, 0.5, 0.5, 0.5, 0.5, 0.5 * 0.01796, 0.00000, 0.47734 *  * 0.00000 *   0
0.033406882534020355, 0.5590867833543209, 0.5, 0.5, 0.5, 0.5, 0.5 * 0.00000, 0.00000, 0.48330 *  * 0.00000 *   0
0.03963713648610434, 0.15180588920070737, 0.5, 0.5, 0.5, 0.5, 0.5 * 0.00000, 0.01681, 0.48018 *  * 0.00000 *   0
0.059117578521785896, 0.8112196242442268, 0.5, 0.5, 0.5, 0.5, 0.5 * 0.02398, 0.00000, 0.47044 *  * 0.00000 *   0
0.021190756591933146, 0.6547638770513133, 0.5, 0.5, 0.5, 0.5, 0.5 * 0.00000, 0.00000, 0.48940 *  * 0.00000 *   0
0.03752052777193615, 0.5841371353412276, 0.5, 0.5, 0.5, 0.5, 0.5 * 0.01096, 0.00000, 0.48124 *  * 0.00000 *   0
0.03463225061840258, 0.2740944122770652, 0.5, 0.5, 0.5, 0.5, 0.5 * 0.00000, 0.01257, 0.48268 *  * 0.00000 *   0
0.06603510653903732, 0.8618574315405675, 0.5, 0.5, 0.5, 0.5, 0.5 * 0.02846, 0.00000, 0.46698 *  * 0.00000 *   0
0.030706341212080823, 0.29948059069794775, 0.5, 0.5, 0.5, 0.5, 0.5 * 0.00000, 0.01076, 0.48465 *  * 0.00000 *   0
0.0378468831173191, 0.8433676414367293, 0.5, 0.5, 0.5, 0.5, 0.5 * 0.01596, 0.00000, 0.48108 *  * 0.00000 *   0
0.04157282384548611, 0.4693464907884731, 0.5, 0.5, 0.5, 0.5, 0.5 * 0.00000, 0.01103, 0.47921 *  * 0.00000 *   0
0.03923752751917231, 0.6466486613499858, 0.5, 0.5, 0.5, 0.5, 0.5 * 0.01269, 0.00000, 0.48038 *  * 0.00000 *   0
0.028176068394572207, 0.5472741158178763, 0.5, 0.5, 0.5, 0.5, 0.5 * 0.00000, 0.00000, 0.48591 *  * 0.00000 *   0
0.049162878820440126, 0.8470571176961806, 0.5, 0.5, 0.5, 0.5, 0.5 * 0.02082, 0.00000, 0.47542 *  * 0.00000 *   0
0.031149563073588182, 0.28580883715366645, 0.5, 0.5, 0.5, 0.5, 0.5 * 0.00000, 0.01112, 0.48443 *  * 0.00000 *   0
0.018449027565985765, 0.45530624228723127, 0.5, 0.5, 0.5, 0.5, 0.5 * 0.00000, 0.00000, 0.49078 *  * 0.00000 *   0
0.027423943189545552, 0.3881066552410073, 0.5, 0.5, 0.5, 0.5, 0.5 * 0.00000, 0.00000, 0.48629 *  * 0.00000 *   0
0.044943208155744374, 0.7171536747330158, 0.5, 0.5, 0.5, 0.5, 0.5 * 0.01612, 0.00000, 0.47753 *  * 0.00000 *   0
0.024686406724185317, 0.20643764954417854, 0.5, 0.5, 0.5, 0.5, 0.5 * 0.00000, 0.00000, 0.48766 *  * 0.00000 *   0
0.02717345081838718, 0.11513239973635025, 0.5, 0.5, 0.5, 0.5, 0.5 * 0.00000, 0.01202, 0.48641 *  * 0.00000 *   0
0.05123207636899796, 0.28921643885493364, 0.5, 0.5, 0.5, 0.5, 0.5 * 0.00000, 0.01821, 0.47438 *  * 0.00000 *   0
0.0356921581645101, 0.5662452958000811, 0.5, 0.5, 0.5, 0.5, 0.5 * 0.01011, 0.00000, 0.48215 *  * 0.00000 *   0
0.048050687068259545, 0.30511136695042285, 0.5, 0.5, 0.5, 0.5, 0.5 * 0.00000, 0.01669, 0.47597 *  * 0.00000 *   0
0.03789630997545279, 0.2661142124251482, 0.5, 0.5, 0.5, 0.5, 0.5 * 0.00000, 0.01391, 0.48105 *  * 0.00000 *   0
0.04329129194869519, 0.28729730639619233, 0.5, 0.5, 0.5, 0.5, 0.5 * 0.00000, 0.01543, 0.47835 *  * 0.00000 *   0
0.002373511488576785, 0.09232866836189679, 0.5, 0.5, 0.5, 0.5, 0.5 * 0.00000, 0.00000, 0.49881 *  * 0.00000 *   0
0.05624191474557194, 0.9143016289550017, 0.5, 0.5, 0.5, 0.5, 0.5 * 0.02571, 0.00000, 0.47188 *  * 0.00000 *   0
0.04817282140015555, 0.756628238204834, 0.5, 0.5, 0.5, 0.5, 0.5 * 0.01822, 0.00000, 0.47591 *  * 0.00000 *   0
0.010004771778802213, 0.07921061734896506, 0.5, 0.5, 0.5, 0.5, 0.5 * 0.00000, 0.00000, 0.49500 *  * 0.00000 *   0
0.008444625681669926, 0.8542907410837415, 0.5, 0.5, 0.5, 0.5, 0.5 * 0.00000, 0.00000, 0.49578 *  * 0.00000 *   0
0.0782273181964721, 0.7485972171405255, 0.5, 0.5, 0.5, 0.5, 0.5 * 0.02928, 0.00000, 0.46089 *  * 0.00000 *   0
0.042752175889173905, 0.8547549591317206, 0.5, 0.5, 0.5, 0.5, 0.5 * 0.01827, 0.00000, 0.47862 *  * 0.00000 *   0
0.04578288381233042, 0.9093103321402027, 0.5, 0.5, 0.5, 0.5, 0.5 * 0.02082, 0.00000, 0.47711 *  * 0.00000 *   0
0.01728402056925593, 0.36668599309135763, 0.5, 0.5, 0.5, 0.5, 0.5 * 0.00000, 0.00000, 0.49136 *  * 0.00000 *   0
0.0016636395885685218, 0.4944549299417841, 0.5, 0.5, 0.5, 0.5, 0.5 * 0.00000, 0.00000, 0.49917 *  * 0.00000 *   0
0.04434702405528923, 0.10830929641455822, 0.5, 0.5, 0.5, 0.5, 0.5 * 0.00000, 0.01977, 0.47783 *  * 0.00000 *   0
0.009187058777955559, 0.876676177572795, 0.5, 0.5, 0.5, 0.5, 0.5 * 0.00000, 0.00000, 0.49541 *  * 0.00000 *   0
9.965865967819232E-4, 0.018917252430567744, 0.5, 0.5, 0.5, 0.5, 0.5 * 0.00000, 0.00000, 0.49950 *  * 0.00000 *   0
0.02054924782248546, 0.15923685075933214, 0.5, 0.5, 0.5, 0.5, 0.5 * 0.00000, 0.00000, 0.48973 *  * 0.00000 *   0
0.003151166164618524, 0.7884159136036855, 0.5, 0.5, 0.5, 0.5, 0.5 * 0.00000, 0.00000, 0.49842 *  * 0.00000 *   0
0.0068631729460221225, 0.8790991557049905, 0.5, 0.5, 0.5, 0.5, 0.5 * 0.00000, 0.00000, 0.49657 *  * 0.00000 *   0
0.03706404156212084, 0.35127039738942767, 0.5, 0.5, 0.5, 0.5, 0.5 * 0.00000, 0.01202, 0.48147 *  * 0.00000 *   0
0.003811302101361491, 0.04931041674922343, 0.5, 0.5, 0.5, 0.5, 0.5 * 0.00000, 0.00000, 0.49809 *  * 0.00000 *   0
0.0016201997874630836, 0.7326636267053022, 0.5, 0.5, 0.5, 0.5, 0.5 * 0.00000, 0.00000, 0.49919 *  * 0.00000 *   0
0.04829862458677703, 0.8550549414866317, 0.5, 0.5, 0.5, 0.5, 0.5 * 0.02065, 0.00000, 0.47585 *  * 0.00000 *   0
0.035208842742528335, 0.29490521306157036, 0.5, 0.5, 0.5, 0.5, 0.5 * 0.00000, 0.01241, 0.48240 *  * 0.00000 *   0
0.032912306654750645, 0.5671002428328878, 0.5, 0.5, 0.5, 0.5, 0.5 * 0.00000, 0.00000, 0.48354 *  * 0.00000 *   0
0.03977821656332503, 0.7937299457237867, 0.5, 0.5, 0.5, 0.5, 0.5 * 0.01579, 0.00000, 0.48011 *  * 0.00000 *   0
0.016663553467765158, 0.3614814745691609, 0.5, 0.5, 0.5, 0.5, 0.5 * 0.00000, 0.00000, 0.49167 *  * 0.00000 *   0
0.00457509429951819, 0.11412264613118273, 0.5, 0.5, 0.5, 0.5, 0.5 * 0.00000, 0.00000, 0.49771 *  * 0.00000 *   0
0.0079428446722567, 0.7257354906795651, 0.5, 0.5, 0.5, 0.5, 0.5 * 0.00000, 0.00000, 0.49603 *  * 0.00000 *   0
0.02908114969138098, 0.6860742127514099, 0.5, 0.5, 0.5, 0.5, 0.5 * 0.00000, 0.00000, 0.48546 *  * 0.00000 *   0
0.039241442019186557, 0.29454617153151597, 0.5, 0.5, 0.5, 0.5, 0.5 * 0.00000, 0.01384, 0.48038 *  * 0.00000 *   0
0.029498586971169805, 0.5079035302465671, 0.5, 0.5, 0.5, 0.5, 0.5 * 0.00000, 0.00000, 0.48525 *  * 0.00000 *   0
0.019026034538782155, 0.6677411621756252, 0.5, 0.5, 0.5, 0.5, 0.5 * 0.00000, 0.00000, 0.49049 *  * 0.00000 *   0
0.007265036483974696, 0.7278721587548271, 0.5, 0.5, 0.5, 0.5, 0.5 * 0.00000, 0.00000, 0.49637 *  * 0.00000 *   0
0.02989258898546343, 0.6502572549949618, 0.5, 0.5, 0.5, 0.5, 0.5 * 0.00000, 0.00000, 0.48505 *  * 0.00000 *   0
0.01963055275001102, 0.09812675946083105, 0.5, 0.5, 0.5, 0.5, 0.5 * 0.00000, 0.00000, 0.49018 *  * 0.00000 *   0
0.028800504862913412, 0.26011717152608016, 0.5, 0.5, 0.5, 0.5, 0.5 * 0.00000, 0.01065, 0.48560 *  * 0.00000 *   0
0.03525292047919726, 0.14341831922838522, 0.5, 0.5, 0.5, 0.5, 0.5 * 0.00000, 0.01510, 0.48237 *  * 0.00000 *   0
0.013454811824511803, 0.14040166621243122, 0.5, 0.5, 0.5, 0.5, 0.5 * 0.00000, 0.00000, 0.49327 *  * 0.00000 *   0
0.021828782948670078, 0.6035001625550624, 0.5, 0.5, 0.5, 0.5, 0.5 * 0.00000, 0.00000, 0.48909 *  * 0.00000 *   0
0.048124736790502665, 0.3630558474503842, 0.5, 0.5, 0.5, 0.5, 0.5 * 0.00000, 0.01533, 0.47594 *  * 0.00000 *   0
0.009528771668227853, 0.9466490427940394, 0.5, 0.5, 0.5, 0.5, 0.5 * 0.00000, 0.00000, 0.49524 *  * 0.00000 *   0
0.01618765421745827, 0.3296166328754463, 0.5, 0.5, 0.5, 0.5, 0.5 * 0.00000, 0.00000, 0.49191 *  * 0.00000 *   0
0.012506873184833456, 0.29518885082035384, 0.5, 0.5, 0.5, 0.5, 0.5 * 0.00000, 0.00000, 0.49375 *  * 0.00000 *   0
0.005989587573394406, 0.9927426274415454, 0.5, 0.5, 0.5, 0.5, 0.5 * 0.00000, 0.00000, 0.49701 *  * 0.00000 *   0
0.0064887977539694885, 0.9201681820805594, 0.5, 0.5, 0.5, 0.5, 0.5 * 0.00000, 0.00000, 0.49676 *  * 0.00000 *   0
0.021648796084708488, 0.3535063560838574, 0.5, 0.5, 0.5, 0.5, 0.5 * 0.00000, 0.00000, 0.48918 *  * 0.00000 *   0
0.01552780723339131, 0.741978709208425, 0.5, 0.5, 0.5, 0.5, 0.5 * 0.00000, 0.00000, 0.49224 *  * 0.00000 *   0
4.1656995433725363E-4, 0.2539469269468966, 0.5, 0.5, 0.5, 0.5, 0.5 * 0.00000, 0.00000, 0.49979 *  * 0.00000 *   0
0.004113274534584099, 0.7362219514380403, 0.5, 0.5, 0.5, 0.5, 0.5 * 0.00000, 0.00000, 0.49794 *  * 0.00000 *   0
0.010319701512497392, 0.8719451697279007, 0.5, 0.5, 0.5, 0.5, 0.5 * 0.00000, 0.00000, 0.49484 *  * 0.00000 *   0
0.008414990838860659, 0.46559615962284207, 0.5, 0.5, 0.5, 0.5, 0.5 * 0.00000, 0.00000, 0.49579 *  * 0.00000 *   0
0.005153710871076411, 0.3089965500487669, 0.5, 0.5, 0.5, 0.5, 0.5 * 0.00000, 0.00000, 0.49742 *  * 0.00000 *   0
0.012979677161323644, 0.9467205477684573, 0.5, 0.5, 0.5, 0.5, 0.5 * 0.00000, 0.00000, 0.49351 *  * 0.00000 *   0
0.026168920427528608, 0.6274805195185088, 0.5, 0.5, 0.5, 0.5, 0.5 * 0.00000, 0.00000, 0.48692 *  * 0.00000 *   0
0.03565200474440999, 0.13795524838857787, 0.5, 0.5, 0.5, 0.5, 0.5 * 0.00000, 0.01537, 0.48217 *  * 0.00000 *   0
0.007802647699671428, 0.38961283845596073, 0.5, 0.5, 0.5, 0.5, 0.5 * 0.00000, 0.00000, 0.49610 *  * 0.00000 *   0
7.942918162575641E-4, 0.4193245814880845, 0.5, 0.5, 0.5, 0.5, 0.5 * 0.00000, 0.00000, 0.49960 *  * 0.00000 *   0
0.025720549903398005, 0.41101044161848477, 0.5, 0.5, 0.5, 0.5, 0.5 * 0.00000, 0.00000, 0.48714 *  * 0.00000 *   0
0.016458276922288517, 0.1720584020581276, 0.5, 0.5, 0.5, 0.5, 0.5 * 0.00000, 0.00000, 0.49177 *  * 0.00000 *   0
0.018127750115254693, 0.2516738391056591, 0.5, 0.5, 0.5, 0.5, 0.5 * 0.00000, 0.00000, 0.49094 *  * 0.00000 *   0
0.020468035605241575, 0.049763139195823536, 0.5, 0.5, 0.5, 0.5, 0.5 * 0.00000, 0.00000, 0.48977 *  * 0.00000 *   0
0.012640249019282734, 0.2376301711001887, 0.5, 0.5, 0.5, 0.5, 0.5 * 0.00000, 0.00000, 0.49368 *  * 0.00000 *   0
0.030573959406301254, 0.5522129216613731, 0.5, 0.5, 0.5, 0.5, 0.5 * 0.00000, 0.00000, 0.48471 *  * 0.00000 *   0
0.03934987279493174, 0.6575649011313487, 0.5, 0.5, 0.5, 0.5, 0.5 * 0.01294, 0.00000, 0.48033 *  * 0.00000 *   0
0.012120911740503892, 0.39093806818190846, 0.5, 0.5, 0.5, 0.5, 0.5 * 0.00000, 0.00000, 0.49394 *  * 0.00000 *   0
0.015144982682972263, 0.6876359796654885, 0.5, 0.5, 0.5, 0.5, 0.5 * 0.00000, 0.00000, 0.49243 *  * 0.00000 *   0
0.010860626485655334, 0.4442933125808659, 0.5, 0.5, 0.5, 0.5, 0.5 * 0.00000, 0.00000, 0.49457 *  * 0.00000 *   0
0.014352285408403387, 0.6886986844875028, 0.5, 0.5, 0.5, 0.5, 0.5 * 0.00000, 0.00000, 0.49282 *  * 0.00000 *   0
0.020099547697453257, 0.9893418271120369, 0.5, 0.5, 0.5, 0.5, 0.5 * 0.00000, 0.00000, 0.48995 *  * 0.00000 *   0
0.015904138131607626, 0.19793258628124433, 0.5, 0.5, 0.5, 0.5, 0.5 * 0.00000, 0.00000, 0.49205 *  * 0.00000 *   0
0.023905787939295764, 0.3196198187867867, 0.5, 0.5, 0.5, 0.5, 0.5 * 0.00000, 0.00000, 0.48805 *  * 0.00000 *   0
0.004758525822287973, 0.41233232706391987, 0.5, 0.5, 0.5, 0.5, 0.5 * 0.00000, 0.00000, 0.49762 *  * 0.00000 *   0
0.010506091465029566, 0.3683679742880236, 0.5, 0.5, 0.5, 0.5, 0.5 * 0.00000, 0.00000, 0.49475 *  * 0.00000 *   0
0.035434583187189506, 0.5210660054303914, 0.5, 0.5, 0.5, 0.5, 0.5 * 0.00000, 0.00000, 0.48228 *  * 0.00000 *   0
0.0030033824137838394, 0.436382269101815, 0.5, 0.5, 0.5, 0.5, 0.5 * 0.00000, 0.00000, 0.49850 *  * 0.00000 *   0
0.029678747364080715, 0.4477871212931839, 0.5, 0.5, 0.5, 0.5, 0.5 * 0.00000, 0.00000, 0.48516 *  * 0.00000 *   0
0.013974727131110476, 0.4023004143925881, 0.5, 0.5, 0.5, 0.5, 0.5 * 0.00000, 0.00000, 0.49301 *  * 0.00000 *   0
0.011221661315707565, 0.8240615385432929, 0.5, 0.5, 0.5, 0.5, 0.5 * 0.00000, 0.00000, 0.49439 *  * 0.00000 *   0
0.02537031490184638, 0.5638875843653736, 0.5, 0.5, 0.5, 0.5, 0.5 * 0.00000, 0.00000, 0.48731 *  * 0.00000 *   0
0.026853334493986414, 0.2773681984467308, 0.5, 0.5, 0.5, 0.5, 0.5 * 0.00000, 0.00000, 0.48657 *  * 0.00000 *   0
0.028486780894514396, 0.4721074168410412, 0.5, 0.5, 0.5, 0.5, 0.5 * 0.00000, 0.00000, 0.48576 *  * 0.00000 *   0
0.024394746099183462, 0.8134113514605191, 0.5, 0.5, 0.5, 0.5, 0.5 * 0.00000, 0.00000, 0.48780 *  * 0.00000 *   0
0.01772592190147182, 0.5731659206480644, 0.5, 0.5, 0.5, 0.5, 0.5 * 0.00000, 0.00000, 0.49114 *  * 0.00000 *   0
0.019956159314105215, 0.7917745246707866, 0.5, 0.5, 0.5, 0.5, 0.5 * 0.00000, 0.00000, 0.49002 *  * 0.00000 *   0
0.006558628258547028, 0.346782214786444, 0.5, 0.5, 0.5, 0.5, 0.5 * 0.00000, 0.00000, 0.49672 *  * 0.00000 *   0
0.007479709505957333, 0.27723890151195285, 0.5, 0.5, 0.5, 0.5, 0.5 * 0.00000, 0.00000, 0.49626 *  * 0.00000 *   0
0.013759006213899916, 0.5770678866747341, 0.5, 0.5, 0.5, 0.5, 0.5 * 0.00000, 0.00000, 0.49312 *  * 0.00000 *   0
0.019341684255828273, 0.7774308089479876, 0.5, 0.5, 0.5, 0.5, 0.5 * 0.00000, 0.00000, 0.49033 *  * 0.00000 *   0
0.017997043494049958, 0.4637917487834763, 0.5, 0.5, 0.5, 0.5, 0.5 * 0.00000, 0.00000, 0.49100 *  * 0.00000 *   0
0.012954694263395461, 0.7459866254576082, 0.5, 0.5, 0.5, 0.5, 0.5 * 0.00000, 0.00000, 0.49352 *  * 0.00000 *   0
0.0027001433806368436, 0.307007649262211, 0.5, 0.5, 0.5, 0.5, 0.5 * 0.00000, 0.00000, 0.49865 *  * 0.00000 *   0
2.8683397428685975E-4, 0.7286550045050226, 0.5, 0.5, 0.5, 0.5, 0.5 * 0.00000, 0.00000, 0.49986 *  * 0.00000 *   0
0.03026034687841761, 0.3639784151770673, 0.5, 0.5, 0.5, 0.5, 0.5 * 0.00000, 0.00000, 0.48487 *  * 0.00000 *   0
0.019042377656366516, 0.2635384224007177, 0.5, 0.5, 0.5, 0.5, 0.5 * 0.00000, 0.00000, 0.49048 *  * 0.00000 *   0
0.028393986608362787, 0.4219092300145898, 0.5, 0.5, 0.5, 0.5, 0.5 * 0.00000, 0.00000, 0.48580 *  * 0.00000 *   0
0.017424297036231606, 0.4845292766949143, 0.5, 0.5, 0.5, 0.5, 0.5 * 0.00000, 0.00000, 0.49129 *  * 0.00000 *   0
0.0024767852036489124, 0.5523071366126465, 0.5, 0.5, 0.5, 0.5, 0.5 * 0.00000, 0.00000, 0.49876 *  * 0.00000 *   0
0.024104818717799792, 0.18364791511870915, 0.5, 0.5, 0.5, 0.5, 0.5 * 0.00000, 0.00000, 0.48795 *  * 0.00000 *   0
0.0040703537782997845, 0.1618843686450956, 0.5, 0.5, 0.5, 0.5, 0.5 * 0.00000, 0.00000, 0.49796 *  * 0.00000 *   0
0.024472153305477806, 0.30771672209741663, 0.5, 0.5, 0.5, 0.5, 0.5 * 0.00000, 0.00000, 0.48776 *  * 0.00000 *   0
0.019382099679884912, 0.11578279906462607, 0.5, 0.5, 0.5, 0.5, 0.5 * 0.00000, 0.00000, 0.49031 *  * 0.00000 *   0
0.005331137513579942, 0.3321888986944552, 0.5, 0.5, 0.5, 0.5, 0.5 * 0.00000, 0.00000, 0.49733 *  * 0.00000 *   0
0.015936855406916473, 0.021532011453195166, 0.5, 0.5, 0.5, 0.5, 0.5 * 0.00000, 0.00000, 0.49203 *  * 0.00000 *   0
0.010722968953536971, 0.32540462658308233, 0.5, 0.5, 0.5, 0.5, 0.5 * 0.00000, 0.00000, 0.49464 *  * 0.00000 *   0
0.009424665005457356, 0.8818371219223248, 0.5, 0.5, 0.5, 0.5, 0.5 * 0.00000, 0.00000, 0.49529 *  * 0.00000 *   0
0.005638034829728467, 0.3670842000649438, 0.5, 0.5, 0.5, 0.5, 0.5 * 0.00000, 0.00000, 0.49718 *  * 0.00000 *   0
0.01779107653589551, 0.3082786354529914, 0.5, 0.5, 0.5, 0.5, 0.5 * 0.00000, 0.00000, 0.49110 *  * 0.00000 *   0
0.014623607458644217, 0.5664694675226982, 0.5, 0.5, 0.5, 0.5, 0.5 * 0.00000, 0.00000, 0.49269 *  * 0.00000 *   0
0.014796754488243136, 0.2044404103972055, 0.5, 0.5, 0.5, 0.5, 0.5 * 0.00000, 0.00000, 0.49260 *  * 0.00000 *   0
0.0038186029157356582, 0.540911507144334, 0.5, 0.5, 0.5, 0.5, 0.5 * 0.00000, 0.00000, 0.49809 *  * 0.00000 *   0
0.011744249146724783, 0.29860552087599834, 0.5, 0.5, 0.5, 0.5, 0.5 * 0.00000, 0.00000, 0.49413 *  * 0.00000 *   0
0.009193724276390425, 0.9796038333696334, 0.5, 0.5, 0.5, 0.5, 0.5 * 0.00000, 0.00000, 0.49540 *  * 0.00000 *   0
0.013629018935012227, 0.9422133425752985, 0.5, 0.5, 0.5, 0.5, 0.5 * 0.00000, 0.00000, 0.49319 *  * 0.00000 *   0
0.011557500266235254, 0.4388710219295846, 0.5, 0.5, 0.5, 0.5, 0.5 * 0.00000, 0.00000, 0.49422 *  * 0.00000 *   0
0.005533907557778939, 0.6923866868273001, 0.5, 0.5, 0.5, 0.5, 0.5 * 0.00000, 0.00000, 0.49723 *  * 0.00000 *   0
0.01535479972826892, 0.19914345123958632, 0.5, 0.5, 0.5, 0.5, 0.5 * 0.00000, 0.00000, 0.49232 *  * 0.00000 *   0
0.014918675130400794, 0.6207145101972077, 0.5, 0.5, 0.5, 0.5, 0.5 * 0.00000, 0.00000, 0.49254 *  * 0.00000 *   0
0.027299677674131773, 0.532976355691317, 0.5, 0.5, 0.5, 0.5, 0.5 * 0.00000, 0.00000, 0.48635 *  * 0.00000 *   0
0.011462433718546716, 0.6942743809504784, 0.5, 0.5, 0.5, 0.5, 0.5 * 0.00000, 0.00000, 0.49427 *  * 0.00000 *   0
0.014151711604950878, 0.5052361168744509, 0.5, 0.5, 0.5, 0.5, 0.5 * 0.00000, 0.00000, 0.49292 *  * 0.00000 *   0
0.002669665187393977, 0.6507429125531072, 0.5, 0.5, 0.5, 0.5, 0.5 * 0.00000, 0.00000, 0.49867 *  * 0.00000 *   0
0.026004204593102376, 0.7339833481965938, 0.5, 0.5, 0.5, 0.5, 0.5 * 0.00000, 0.00000, 0.48700 *  * 0.00000 *   0
0.0058380690012580505, 0.7633567851766229, 0.5, 0.5, 0.5, 0.5, 0.5 * 0.00000, 0.00000, 0.49708 *  * 0.00000 *   0
0.007445641500478994, 0.6199221772214757, 0.5, 0.5, 0.5, 0.5, 0.5 * 0.00000, 0.00000, 0.49628 *  * 0.00000 *   0
0.047091611972049474, 0.685460038925569, 0.5, 0.5, 0.5, 0.5, 0.5 * 0.01614, 0.00000, 0.47645 *  * 0.00000 *   0
0.02888770033798238, 0.5046971592446297, 0.5, 0.5, 0.5, 0.5, 0.5 * 0.00000, 0.00000, 0.48556 *  * 0.00000 *   0
0.023694380351131805, 0.585321814108331, 0.5, 0.5, 0.5, 0.5, 0.5 * 0.00000, 0.00000, 0.48815 *  * 0.00000 *   0
0.01128513655201746, 0.04536522360149997, 0.5, 0.5, 0.5, 0.5, 0.5 * 0.00000, 0.00000, 0.49436 *  * 0.00000 *   0
0.016641233456460847, 0.5726067174026268, 0.5, 0.5, 0.5, 0.5, 0.5 * 0.00000, 0.00000, 0.49168 *  * 0.00000 *   0
8.784057245224686E-4, 0.5162248257608028, 0.5, 0.5, 0.5, 0.5, 0.5 * 0.00000, 0.00000, 0.49956 *  * 0.00000 *   0
0.014200625705715342, 0.3658377011433932, 0.5, 0.5, 0.5, 0.5, 0.5 * 0.00000, 0.00000, 0.49290 *  * 0.00000 *   0
0.024100485105190028, 0.8012986351329116, 0.5, 0.5, 0.5, 0.5, 0.5 * 0.00000, 0.00000, 0.48795 *  * 0.00000 *   0
0.02717483231922868, 0.11690266174274544, 0.5, 0.5, 0.5, 0.5, 0.5 * 0.00000, 0.01200, 0.48641 *  * 0.00000 *   0
0.02719669428293159, 0.7428067541197907, 0.5, 0.5, 0.5, 0.5, 0.5 * 0.01010, 0.00000, 0.48640 *  * 0.00000 *   0
0.02676252005731561, 0.5407202501687792, 0.5, 0.5, 0.5, 0.5, 0.5 * 0.00000, 0.00000, 0.48662 *  * 0.00000 *   0
0.011990925960505328, 0.44811534720037827, 0.5, 0.5, 0.5, 0.5, 0.5 * 0.00000, 0.00000, 0.49400 *  * 0.00000 *   0
0.02170109309124968, 0.15115916776875837, 0.5, 0.5, 0.5, 0.5, 0.5 * 0.00000, 0.00000, 0.48915 *  * 0.00000 *   0
0.0052474698162291444, 0.49293627002078844, 0.5, 0.5, 0.5, 0.5, 0.5 * 0.00000, 0.00000, 0.49738 *  * 0.00000 *   0
0.025845551312216886, 0.35750218250075905, 0.5, 0.5, 0.5, 0.5, 0.5 * 0.00000, 0.00000, 0.48708 *  * 0.00000 *   0
0.013522756168051653, 0.9458169237019263, 0.5, 0.5, 0.5, 0.5, 0.5 * 0.00000, 0.00000, 0.49324 *  * 0.00000 *   0
0.014623981002570452, 0.3557243281462832, 0.5, 0.5, 0.5, 0.5, 0.5 * 0.00000, 0.00000, 0.49269 *  * 0.00000 *   0
0.004744144731762989, 0.43321034473678477, 0.5, 0.5, 0.5, 0.5, 0.5 * 0.00000, 0.00000, 0.49763 *  * 0.00000 *   0
0.011881724642242797, 0.3859624450145983, 0.5, 0.5, 0.5, 0.5, 0.5 * 0.00000, 0.00000, 0.49406 *  * 0.00000 *   0
0.026066714096369625, 0.6980862799175799, 0.5, 0.5, 0.5, 0.5, 0.5 * 0.00000, 0.00000, 0.48697 *  * 0.00000 *   0
0.015396859429253507, 0.5339853608639892, 0.5, 0.5, 0.5, 0.5, 0.5 * 0.00000, 0.00000, 0.49230 *  * 0.00000 *   0
0.003099646875671991, 0.7103117776070306, 0.5, 0.5, 0.5, 0.5, 0.5 * 0.00000, 0.00000, 0.49845 *  * 0.00000 *   0
0.017418836830594087, 0.8236236995919652, 0.5, 0.5, 0.5, 0.5, 0.5 * 0.00000, 0.00000, 0.49129 *  * 0.00000 *   0
0.010788765652913423, 0.4440477601062729, 0.5, 0.5, 0.5, 0.5, 0.5 * 0.00000, 0.00000, 0.49461 *  * 0.00000 *   0
0.005972328588159215, 0.3666112934157516, 0.5, 0.5, 0.5, 0.5, 0.5 * 0.00000, 0.00000, 0.49701 *  * 0.00000 *   0
0.005854260867134142, 0.05214100805185251, 0.5, 0.5, 0.5, 0.5, 0.5 * 0.00000, 0.00000, 0.49707 *  * 0.00000 *   0
0.012064207114516723, 0.7257949195314843, 0.5, 0.5, 0.5, 0.5, 0.5 * 0.00000, 0.00000, 0.49397 *  * 0.00000 *   0
0.014892309338260912, 0.8089863519042713, 0.5, 0.5, 0.5, 0.5, 0.5 * 0.00000, 0.00000, 0.49255 *  * 0.00000 *   0
0.009472727067153519, 0.2933831269617413, 0.5, 0.5, 0.5, 0.5, 0.5 * 0.00000, 0.00000, 0.49526 *  * 0.00000 *   0
0.005562602766739588, 0.6116155882910149, 0.5, 0.5, 0.5, 0.5, 0.5 * 0.00000, 0.00000, 0.49722 *  * 0.00000 *   0
0.011512876067193534, 0.21252392252141294, 0.5, 0.5, 0.5, 0.5, 0.5 * 0.00000, 0.00000, 0.49424 *  * 0.00000 *   0
0.026795092288872446, 0.4233323656333967, 0.5, 0.5, 0.5, 0.5, 0.5 * 0.00000, 0.00000, 0.48660 *  * 0.00000 *   0
0.028869309786639152, 0.6099906372807927, 0.5, 0.5, 0.5, 0.5, 0.5 * 0.00000, 0.00000, 0.48557 *  * 0.00000 *   0
0.011820010619786436, 0.5037103373534212, 0.5, 0.5, 0.5, 0.5, 0.5 * 0.00000, 0.00000, 0.49409 *  * 0.00000 *   0
0.020050891279806193, 0.8809860016247496, 0.5, 0.5, 0.5, 0.5, 0.5 * 0.00000, 0.00000, 0.48997 *  * 0.00000 *   0
0.011803855730522117, 0.1424247923800961, 0.5, 0.5, 0.5, 0.5, 0.5 * 0.00000, 0.00000, 0.49410 *  * 0.00000 *   0
0.006502981076024539, 0.7985539023334568, 0.5, 0.5, 0.5, 0.5, 0.5 * 0.00000, 0.00000, 0.49675 *  * 0.00000 *   0
0.019990059030905893, 0.33420925943805047, 0.5, 0.5, 0.5, 0.5, 0.5 * 0.00000, 0.00000, 0.49000 *  * 0.00000 *   0
0.011253809522488223, 0.4375760725981429, 0.5, 0.5, 0.5, 0.5, 0.5 * 0.00000, 0.00000, 0.49437 *  * 0.00000 *   0
0.020023163189890836, 0.16802211518087073, 0.5, 0.5, 0.5, 0.5, 0.5 * 0.00000, 0.00000, 0.48999 *  * 0.00000 *   0
0.015373188440675811, 0.6272741563467498, 0.5, 0.5, 0.5, 0.5, 0.5 * 0.00000, 0.00000, 0.49231 *  * 0.00000 *   0
0.014916608624825911, 0.39306570565683985, 0.5, 0.5, 0.5, 0.5, 0.5 * 0.00000, 0.00000, 0.49254 *  * 0.00000 *   0
0.01297767637124303, 0.17380663757713055, 0.5, 0.5, 0.5, 0.5, 0.5 * 0.00000, 0.00000, 0.49351 *  * 0.00000 *   0
