0.3438492409623457, 0.6615358086589425, 0.5, 0.5, 0.5, 0.5, 0.5, 0.5, 0.5, 0.5, 0.5, 0.5 * 0.6064490401512176, 0.6064490401512175, 0.5142364469768104 *   0
0.1610606360067896, 0.5977699498635577, 0.5000000000000000, 0.5000000000000000, 0.5000000000000000, 0.5000000000000000, 0.5000000000000000, 0.5000000000000000, 0.5000000000000000, 0.5000000000000000, 0.5000000000000000, 0.5000000000000000 * 0.6845977967900427, 0.6845977967900426, 0.2503032426087185 *   0
0.9984448741169077, 0.8767327887647327, 0.5, 0.5, 0.5, 0.5, 0.5, 0.5, 0.5, 0.5, 0.5, 0.5 * 0.00000, 0.00000, 1.00000 *  * 0.00000 *   0
0.7786233755550959, 0.1932629956873877, 0.5, 0.5, 0.5, 0.5, 0.5, 0.5, 0.5, 0.5, 0.5, 0.5 * 0.24096, 0.24096, 0.94015 *  * 0.00000 *   0
0.9985293139364351, 0.39893259890238264, 0.5, 0.5, 0.5, 0.5, 0.5, 0.5, 0.5, 0.5, 0.5, 0.5 * 0.00000, 0.00000, 1.00000 *  * 0.00000 *   0
0.6365968341414218, 0.060093532802471095, 0.5, 0.5, 0.5, 0.5, 0.5, 0.5, 0.5, 0.5, 0.5, 0.5 * 0.38207, 0.38207, 0.84145 *  * 0.00000 *   0
0.0012962554637184764, 0.6606020229323792, 0.5, 0.5, 0.5, 0.5, 0.5, 0.5, 0.5, 0.5, 0.5, 0.5 * 0.70711, 0.70711, 0.00000 *  * 0.00000 *   0
0.998626370256236, 0.8839878252234257, 0.5, 0.5, 0.5, 0.5, 0.5, 0.5, 0.5, 0.5, 0.5, 0.5 * 0.00000, 0.00000, 1.00000 *  * 0.00000 *   0
0.31807588815391674, 0.5995846926111301, 0.5, 0.5, 0.5, 0.5, 0.5, 0.5, 0.5, 0.5, 0.5, 0.5 * 0.62067, 0.62067, 0.47910 *  * 0.00000 *   0
0.0010148202772105597, 0.940482361199824, 0.5, 0.5, 0.5, 0.5, 0.5, 0.5, 0.5, 0.5, 0.5, 0.5 * 0.70711, 0.70711, 0.00000 *  * 0.00000 *   0
0.001242350060748021, 0.2252036718984768, 0.5, 0.5, 0.5, 0.5, 0.5, 0.5, 0.5, 0.5, 0.5, 0.5 * 0.70711, 0.70711, 0.00000 *  * 0.00000 *   0
0.8041878175480642, 0.7748131404859131, 0.5, 0.5, 0.5, 0.5, 0.5, 0.5, 0.5, 0.5, 0.5, 0.5 * 0.21408, 0.21408, 0.95307 *  * 0.00000 *   0
0.9989805012285702, 0.8921560625688348, 0.5, 0.5, 0.5, 0.5, 0.5, 0.5, 0.5, 0.5, 0.5, 0.5 * 0.00000, 0.00000, 1.00000 *  * 0.00000 *   0
0.0015050167068237918, 0.17116211123051106, 0.5, 0.5, 0.5, 0.5, 0.5, 0.5, 0.5, 0.5, 0.5, 0.5 * 0.70710, 0.70710, 0.00000 *  * 0.00000 *   0
0.10765555430360518, 0.5809640524132881, 0.5, 0.5, 0.5, 0.5, 0.5, 0.5, 0.5, 0.5, 0.5, 0.5 * 0.69702, 0.69702, 0.16830 *  * 0.00000 *   0
0.9990900806815358, 0.6103515324428127, 0.5, 0.5, 0.5, 0.5, 0.5, 0.5, 0.5, 0.5, 0.5, 0.5 * 0.00000, 0.00000, 1.00000 *  * 0.00000 *   0
0.9987388398934088, 0.17220441167065426, 0.5, 0.5, 0.5, 0.5, 0.5, 0.5, 0.5, 0.5, 0.5, 0.5 * 0.00000, 0.00000, 1.00000 *  * 0.00000 *   0
0.9984909502997541, 0.7076439139182602, 0.5, 0.5, 0.5, 0.5, 0.5, 0.5, 0.5, 0.5, 0.5, 0.5 * 0.00000, 0.00000, 1.00000 *  * 0.00000 *   0
0.22085474340276445, 0.34534742238010774, 0.5, 0.5, 0.5, 0.5, 0.5, 0.5, 0.5, 0.5, 0.5, 0.5 * 0.66498, 0.66498, 0.34000 *  * 0.00000 *   0
0.0011837502720311033, 0.33672568929314406, 0.5, 0.5, 0.5, 0.5, 0.5, 0.5, 0.5, 0.5, 0.5, 0.5 * 0.70711, 0.70711, 0.00000 *  * 0.00000 *   0
0.9989569709968689, 0.8077254807940537, 0.5, 0.5, 0.5, 0.5, 0.5, 0.5, 0.5, 0.5, 0.5, 0.5 * 0.00000, 0.00000, 1.00000 *  * 0.00000 *   0
0.9989232764865479, 0.8750129115454889, 0.5, 0.5, 0.5, 0.5, 0.5, 0.5, 0.5, 0.5, 0.5, 0.5 * 0.00000, 0.00000, 1.00000 *  * 0.00000 *   0
0.9985552747187146, 0.23896417789147684, 0.5, 0.5, 0.5, 0.5, 0.5, 0.5, 0.5, 0.5, 0.5, 0.5 * 0.00000, 0.00000, 1.00000 *  * 0.00000 *   0
0.1759612183616166, 0.516523043717909, 0.5, 0.5, 0.5, 0.5, 0.5, 0.5, 0.5, 0.5, 0.5, 0.5 * 0.68027, 0.68027, 0.27289 *  * 0.00000 *   0
0.0010272283716995512, 0.36444036347343756, 0.5, 0.5, 0.5, 0.5, 0.5, 0.5, 0.5, 0.5, 0.5, 0.5 * 0.70711, 0.70711, 0.00000 *  * 0.00000 *   0
0.0013154870722164036, 0.9607037586120604, 0.5, 0.5, 0.5, 0.5, 0.5, 0.5, 0.5, 0.5, 0.5, 0.5 * 0.70711, 0.70711, 0.00000 *  * 0.00000 *   0
0.0013549053153072421, 0.05121894589698417, 0.5, 0.5, 0.5, 0.5, 0.5, 0.5, 0.5, 0.5, 0.5, 0.5 * 0.70711, 0.70711, 0.00000 *  * 0.00000 *   0
0.13739711456432468, 0.8906226580696619, 0.5, 0.5, 0.5, 0.5, 0.5, 0.5, 0.5, 0.5, 0.5, 0.5 * 0.69070, 0.69070, 0.21415 *  * 0.00000 *   0
0.0013579316684056986, 0.2195496340118891, 0.5, 0.5, 0.5, 0.5, 0.5, 0.5, 0.5, 0.5, 0.5, 0.5 * 0.70711, 0.70711, 0.00000 *  * 0.00000 *   0
0.9988844751329947, 0.2936868014691819, 0.5, 0.5, 0.5, 0.5, 0.5, 0.5, 0.5, 0.5, 0.5, 0.5 * 0.00000, 0.00000, 1.00000 *  * 0.00000 *   0
0.9987913432307057, 0.2943194713198789, 0.5, 0.5, 0.5, 0.5, 0.5, 0.5, 0.5, 0.5, 0.5, 0.5 * 0.00000, 0.00000, 1.00000 *  * 0.00000 *   0
0.3257279703464878, 0.45906551838041265, 0.5, 0.5, 0.5, 0.5, 0.5, 0.5, 0.5, 0.5, 0.5, 0.5 * 0.61655, 0.61655, 0.48962 *  * 0.00000 *   0
0.9988827084852686, 0.06645041372939708, 0.5, 0.5, 0.5, 0.5, 0.5, 0.5, 0.5, 0.5, 0.5, 0.5 * 0.00000, 0.00000, 1.00000 *  * 0.00000 *   0
0.9987669503797814, 0.22639361984169604, 0.5, 0.5, 0.5, 0.5, 0.5, 0.5, 0.5, 0.5, 0.5, 0.5 * 0.00000, 0.00000, 1.00000 *  * 0.00000 *   0
0.7232596289523465, 0.8321278088515154, 0.5, 0.5, 0.5, 0.5, 0.5, 0.5, 0.5, 0.5, 0.5, 0.5 * 0.29779, 0.29779, 0.90700 *  * 0.00000 *   0
0.9987768516110939, 0.9196904476189331, 0.5, 0.5, 0.5, 0.5, 0.5, 0.5, 0.5, 0.5, 0.5, 0.5 * 0.00000, 0.00000, 1.00000 *  * 0.00000 *   0
0.9987182556713365, 0.48452692328062796, 0.5, 0.5, 0.5, 0.5, 0.5, 0.5, 0.5, 0.5, 0.5, 0.5 * 0.00000, 0.00000, 1.00000 *  * 0.00000 *   0
0.001500085924462935, 0.8144399347281363, 0.5, 0.5, 0.5, 0.5, 0.5, 0.5, 0.5, 0.5, 0.5, 0.5 * 0.70710, 0.70710, 0.00000 *  * 0.00000 *   0
0.33384886920701073, 0.025252075324823542, 0.5, 0.5, 0.5, 0.5, 0.5, 0.5, 0.5, 0.5, 0.5, 0.5 * 0.61209, 0.61209, 0.50070 *  * 0.00000 *   0
0.001328934059701914, 0.10815007706025126, 0.5, 0.5, 0.5, 0.5, 0.5, 0.5, 0.5, 0.5, 0.5, 0.5 * 0.70711, 0.70711, 0.00000 *  * 0.00000 *   0
0.9906714094594741, 0.5216947793163592, 0.5, 0.5, 0.5, 0.5, 0.5, 0.5, 0.5, 0.5, 0.5, 0.5 * 0.01036, 0.01036, 0.99989 *  * 0.00000 *   0
0.0010660459131961453, 0.7744374732388405, 0.5, 0.5, 0.5, 0.5, 0.5, 0.5, 0.5, 0.5, 0.5, 0.5 * 0.70711, 0.70711, 0.00000 *  * 0.00000 *   0
0.0012964144148076562, 0.762990646590836, 0.5, 0.5, 0.5, 0.5, 0.5, 0.5, 0.5, 0.5, 0.5, 0.5 * 0.70711, 0.70711, 0.00000 *  * 0.00000 *   0
0.2889060394330618, 0.1195369956067559, 0.5, 0.5, 0.5, 0.5, 0.5, 0.5, 0.5, 0.5, 0.5, 0.5 * 0.63554, 0.63554, 0.43840 *  * 0.00000 *   0
0.0014199001343679907, 0.33148485215771484, 0.5, 0.5, 0.5, 0.5, 0.5, 0.5, 0.5, 0.5, 0.5, 0.5 * 0.70711, 0.70711, 0.00000 *  * 0.00000 *   0
0.0014931340225242673, 0.7794763274829114, 0.5, 0.5, 0.5, 0.5, 0.5, 0.5, 0.5, 0.5, 0.5, 0.5 * 0.70710, 0.70710, 0.00000 *  * 0.00000 *   0
0.1880868506417258, 0.7806164406493536, 0.5, 0.5, 0.5, 0.5, 0.5, 0.5, 0.5, 0.5, 0.5, 0.5 * 0.67647, 0.67647, 0.29117 *  * 0.00000 *   0
0.9984461024617722, 0.7535543947361624, 0.5, 0.5, 0.5, 0.5, 0.5, 0.5, 0.5, 0.5, 0.5, 0.5 * 0.00000, 0.00000, 1.00000 *  * 0.00000 *   0
0.26054924659929624, 0.30683448466922714, 0.5, 0.5, 0.5, 0.5, 0.5, 0.5, 0.5, 0.5, 0.5, 0.5 * 0.64871, 0.64871, 0.39794 *  * 0.00000 *   0
0.998943687213954, 0.5437483560954314, 0.5, 0.5, 0.5, 0.5, 0.5, 0.5, 0.5, 0.5, 0.5, 0.5 * 0.00000, 0.00000, 1.00000 *  * 0.00000 *   0
0.0010141936464046486, 0.9785506571534291, 0.5, 0.5, 0.5, 0.5, 0.5, 0.5, 0.5, 0.5, 0.5, 0.5 * 0.70711, 0.70711, 0.00000 *  * 0.00000 *   0
0.9987314791271422, 0.5536437706486644, 0.5, 0.5, 0.5, 0.5, 0.5, 0.5, 0.5, 0.5, 0.5, 0.5 * 0.00000, 0.00000, 1.00000 *  * 0.00000 *   0
0.2997548381025885, 0.7658824505025144, 0.5, 0.5, 0.5, 0.5, 0.5, 0.5, 0.5, 0.5, 0.5, 0.5 * 0.63016, 0.63016, 0.45365 *  * 0.00000 *   0
0.9987577492656711, 0.3997117677089964, 0.5, 0.5, 0.5, 0.5, 0.5, 0.5, 0.5, 0.5, 0.5, 0.5 * 0.00000, 0.00000, 1.00000 *  * 0.00000 *   0
0.0011219812128463458, 0.999108386061131, 0.5, 0.5, 0.5, 0.5, 0.5, 0.5, 0.5, 0.5, 0.5, 0.5 * 0.70711, 0.70711, 0.00000 *  * 0.00000 *   0
0.5986507193896994, 0.3728235804721809, 0.5, 0.5, 0.5, 0.5, 0.5, 0.5, 0.5, 0.5, 0.5, 0.5 * 0.41684, 0.41684, 0.80777 *  * 0.00000 *   0
0.0012372720267534998, 0.4581317760563932, 0.5, 0.5, 0.5, 0.5, 0.5, 0.5, 0.5, 0.5, 0.5, 0.5 * 0.70711, 0.70711, 0.00000 *  * 0.00000 *   0
0.001375944262385631, 0.42195700773940337, 0.5, 0.5, 0.5, 0.5, 0.5, 0.5, 0.5, 0.5, 0.5, 0.5 * 0.70711, 0.70711, 0.00000 *  * 0.00000 *   0
0.6890047651529759, 0.438614564702117, 0.5, 0.5, 0.5, 0.5, 0.5, 0.5, 0.5, 0.5, 0.5, 0.5 * 0.33185, 0.33185, 0.88303 *  * 0.00000 *   0
0.0013368675624599868, 0.49358730469328993, 0.5, 0.5, 0.5, 0.5, 0.5, 0.5, 0.5, 0.5, 0.5, 0.5 * 0.70711, 0.70711, 0.00000 *  * 0.00000 *   0
0.9985652871371498, 0.4882402432417775, 0.5, 0.5, 0.5, 0.5, 0.5, 0.5, 0.5, 0.5, 0.5, 0.5 * 0.00000, 0.00000, 1.00000 *  * 0.00000 *   0
0.013395416419854866, 0.23216808195396166, 0.5, 0.5, 0.5, 0.5, 0.5, 0.5, 0.5, 0.5, 0.5, 0.5 * 0.70695, 0.70695, 0.02104 *  * 0.00000 *   0
0.9987879128444549, 0.6992611569870568, 0.5, 0.5, 0.5, 0.5, 0.5, 0.5, 0.5, 0.5, 0.5, 0.5 * 0.00000, 0.00000, 1.00000 *  * 0.00000 *   0
0.0010108479908110812, 0.3513319481741394, 0.5, 0.5, 0.5, 0.5, 0.5, 0.5, 0.5, 0.5, 0.5, 0.5 * 0.70711, 0.70711, 0.00000 *  * 0.00000 *   0
0.0011763824479142926, 0.37206592984573117, 0.5, 0.5, 0.5, 0.5, 0.5, 0.5, 0.5, 0.5, 0.5, 0.5 * 0.70711, 0.70711, 0.00000 *  * 0.00000 *   0
0.0012626932842962901, 0.8172810354020501, 0.5, 0.5, 0.5, 0.5, 0.5, 0.5, 0.5, 0.5, 0.5, 0.5 * 0.70711, 0.70711, 0.00000 *  * 0.00000 *   0
0.9021109044552879, 0.9038723869944973, 0.5, 0.5, 0.5, 0.5, 0.5, 0.5, 0.5, 0.5, 0.5, 0.5 * 0.10830, 0.10830, 0.98820 *  * 0.00000 *   0
0.9988371132565221, 0.5755556205430462, 0.5, 0.5, 0.5, 0.5, 0.5, 0.5, 0.5, 0.5, 0.5, 0.5 * 0.00000, 0.00000, 1.00000 *  * 0.00000 *   0
0.9985258953239712, 0.4148361598212743, 0.5, 0.5, 0.5, 0.5, 0.5, 0.5, 0.5, 0.5, 0.5, 0.5 * 0.00000, 0.00000, 1.00000 *  * 0.00000 *   0
0.9985246520614848, 0.4186820668265828, 0.5, 0.5, 0.5, 0.5, 0.5, 0.5, 0.5, 0.5, 0.5, 0.5 * 0.00000, 0.00000, 1.00000 *  * 0.00000 *   0
0.96235285131405, 0.3940168515793342, 0.5, 0.5, 0.5, 0.5, 0.5, 0.5, 0.5, 0.5, 0.5, 0.5 * 0.04179, 0.04179, 0.99825 *  * 0.00000 *   0
0.9988498025543727, 0.43944729896060397, 0.5, 0.5, 0.5, 0.5, 0.5, 0.5, 0.5, 0.5, 0.5, 0.5 * 0.00000, 0.00000, 1.00000 *  * 0.00000 *   0
0.0010444219258123333, 0.5548230014270814, 0.5, 0.5, 0.5, 0.5, 0.5, 0.5, 0.5, 0.5, 0.5, 0.5 * 0.70711, 0.70711, 0.00000 *  * 0.00000 *   0
0.0013605869943906779, 0.310839566363181, 0.5, 0.5, 0.5, 0.5, 0.5, 0.5, 0.5, 0.5, 0.5, 0.5 * 0.70711, 0.70711, 0.00000 *  * 0.00000 *   0
0.9529170013103095, 0.18983366892933384, 0.5, 0.5, 0.5, 0.5, 0.5, 0.5, 0.5, 0.5, 0.5, 0.5 * 0.05225, 0.05225, 0.99727 *  * 0.00000 *   0
0.999230555047859, 0.35822881453177047, 0.5, 0.5, 0.5, 0.5, 0.5, 0.5, 0.5, 0.5, 0.5, 0.5 * 0.00000, 0.00000, 1.00000 *  * 0.00000 *   0
0.9985802225690091, 0.16718190526906496, 0.5, 0.5, 0.5, 0.5, 0.5, 0.5, 0.5, 0.5, 0.5, 0.5 * 0.00000, 0.00000, 1.00000 *  * 0.00000 *   0
0.732691026311401, 0.40696955553760716, 0.5, 0.5, 0.5, 0.5, 0.5, 0.5, 0.5, 0.5, 0.5, 0.5 * 0.28826, 0.28826, 0.91313 *  * 0.00000 *   0
0.0013828109228556373, 0.6801539072284065, 0.5, 0.5, 0.5, 0.5, 0.5, 0.5, 0.5, 0.5, 0.5, 0.5 * 0.70711, 0.70711, 0.00000 *  * 0.00000 *   0
0.0015553983697680351, 0.2158437744952968, 0.5, 0.5, 0.5, 0.5, 0.5, 0.5, 0.5, 0.5, 0.5, 0.5 * 0.70710, 0.70710, 0.00000 *  * 0.00000 *   0
0.914881650618891, 0.5220406678054668, 0.5, 0.5, 0.5, 0.5, 0.5, 0.5, 0.5, 0.5, 0.5, 0.5 * 0.09426, 0.09426, 0.99107 *  * 0.00000 *   0
0.9990259479850025, 0.9667722545277168, 0.5, 0.5, 0.5, 0.5, 0.5, 0.5, 0.5, 0.5, 0.5, 0.5 * 0.00000, 0.00000, 1.00000 *  * 0.00000 *   0
0.0013286612132388242, 0.006269018544092342, 0.5, 0.5, 0.5, 0.5, 0.5, 0.5, 0.5, 0.5, 0.5, 0.5 * 0.70711, 0.70711, 0.00000 *  * 0.00000 *   0
0.012181355383635295, 0.5590206613559279, 0.5, 0.5, 0.5, 0.5, 0.5, 0.5, 0.5, 0.5, 0.5, 0.5 * 0.70698, 0.70698, 0.01913 *  * 0.00000 *   0
8.15575682775127E-4, 0.26148764560937277, 0.5, 0.5, 0.5, 0.5, 0.5, 0.5, 0.5, 0.5, 0.5, 0.5 * 0.70711, 0.70711, 0.00000 *  * 0.00000 *   0
0.9991228055593845, 0.15527285425011716, 0.5, 0.5, 0.5, 0.5, 0.5, 0.5, 0.5, 0.5, 0.5, 0.5 * 0.00000, 0.00000, 1.00000 *  * 0.00000 *   0
0.9989570382156028, 0.08857780586043384, 0.5, 0.5, 0.5, 0.5, 0.5, 0.5, 0.5, 0.5, 0.5, 0.5 * 0.00000, 0.00000, 1.00000 *  * 0.00000 *   0
0.0011540890901661216, 0.10954302300668406, 0.5, 0.5, 0.5, 0.5, 0.5, 0.5, 0.5, 0.5, 0.5, 0.5 * 0.70711, 0.70711, 0.00000 *  * 0.00000 *   0
0.11548316058239738, 0.6888906355519901, 0.5, 0.5, 0.5, 0.5, 0.5, 0.5, 0.5, 0.5, 0.5, 0.5 * 0.69550, 0.69550, 0.18041 *  * 0.00000 *   0
0.9986325605221594, 0.20380748005505922, 0.5, 0.5, 0.5, 0.5, 0.5, 0.5, 0.5, 0.5, 0.5, 0.5 * 0.00000, 0.00000, 1.00000 *  * 0.00000 *   0
0.9985930546363798, 0.5372818614005159, 0.5, 0.5, 0.5, 0.5, 0.5, 0.5, 0.5, 0.5, 0.5, 0.5 * 0.00000, 0.00000, 1.00000 *  * 0.00000 *   0
0.8126587802401616, 0.22455627749943463, 0.5, 0.5, 0.5, 0.5, 0.5, 0.5, 0.5, 0.5, 0.5, 0.5 * 0.20509, 0.20509, 0.95701 *  * 0.00000 *   0
2.1051925763271306E-4, 0.7849610455393081, 0.5, 0.5, 0.5, 0.5, 0.5, 0.5, 0.5, 0.5, 0.5, 0.5 * 0.70711, 0.70711, 0.00000 *  * 0.00000 *   0
0.9984553697808947, 0.28878128141745363, 0.5, 0.5, 0.5, 0.5, 0.5, 0.5, 0.5, 0.5, 0.5, 0.5 * 0.00000, 0.00000, 1.00000 *  * 0.00000 *   0
0.7231935957930486, 0.48385814057289034, 0.5, 0.5, 0.5, 0.5, 0.5, 0.5, 0.5, 0.5, 0.5, 0.5 * 0.29786, 0.29786, 0.90695 *  * 0.00000 *   0
0.9986262697370505, 0.8664546351011043, 0.5, 0.5, 0.5, 0.5, 0.5, 0.5, 0.5, 0.5, 0.5, 0.5 * 0.00000, 0.00000, 1.00000 *  * 0.00000 *   0
0.9985528509753315, 0.6338819186880574, 0.5, 0.5, 0.5, 0.5, 0.5, 0.5, 0.5, 0.5, 0.5, 0.5 * 0.00000, 0.00000, 1.00000 *  * 0.00000 *   0
0.2274268731746555, 0.9095153856514049, 0.5, 0.5, 0.5, 0.5, 0.5, 0.5, 0.5, 0.5, 0.5, 0.5 * 0.66246, 0.66246, 0.34969 *  * 0.00000 *   0
0.9992872617108951, 0.680100275774899, 0.5, 0.5, 0.5, 0.5, 0.5, 0.5, 0.5, 0.5, 0.5, 0.5 * 0.00000, 0.00000, 1.00000 *  * 0.00000 *   0
0.9991851524955454, 0.8668393840812146, 0.5, 0.5, 0.5, 0.5, 0.5, 0.5, 0.5, 0.5, 0.5, 0.5 * 0.00000, 0.00000, 1.00000 *  * 0.00000 *   0
0.9987036463369372, 0.5678058477172936, 0.5, 0.5, 0.5, 0.5, 0.5, 0.5, 0.5, 0.5, 0.5, 0.5 * 0.00000, 0.00000, 1.00000 *  * 0.00000 *   0
0.0012991307920207085, 0.4108216759469757, 0.5, 0.5, 0.5, 0.5, 0.5, 0.5, 0.5, 0.5, 0.5, 0.5 * 0.70711, 0.70711, 0.00000 *  * 0.00000 *   0
0.001479527683679538, 0.806467803529364, 0.5, 0.5, 0.5, 0.5, 0.5, 0.5, 0.5, 0.5, 0.5, 0.5 * 0.70710, 0.70710, 0.00000 *  * 0.00000 *   0
0.7857034042082537, 0.8724204398706217, 0.5, 0.5, 0.5, 0.5, 0.5, 0.5, 0.5, 0.5, 0.5, 0.5 * 0.23355, 0.23355, 0.94388 *  * 0.00000 *   0
0.9984954311621306, 0.5069442083434632, 0.5, 0.5, 0.5, 0.5, 0.5, 0.5, 0.5, 0.5, 0.5, 0.5 * 0.00000, 0.00000, 1.00000 *  * 0.00000 *   0
0.0014384881133345795, 0.32975928194109927, 0.5, 0.5, 0.5, 0.5, 0.5, 0.5, 0.5, 0.5, 0.5, 0.5 * 0.70710, 0.70710, 0.00000 *  * 0.00000 *   0
0.001529470567720681, 0.3664358723542136, 0.5, 0.5, 0.5, 0.5, 0.5, 0.5, 0.5, 0.5, 0.5, 0.5 * 0.70710, 0.70710, 0.00000 *  * 0.00000 *   0
0.22055697364231353, 0.21949977165117907, 0.5, 0.5, 0.5, 0.5, 0.5, 0.5, 0.5, 0.5, 0.5, 0.5 * 0.66509, 0.66509, 0.33956 *  * 0.00000 *   0
0.0013492422122004522, 0.24469610005543252, 0.5, 0.5, 0.5, 0.5, 0.5, 0.5, 0.5, 0.5, 0.5, 0.5 * 0.70711, 0.70711, 0.00000 *  * 0.00000 *   0
0.0014229222712440759, 0.03480626555425792, 0.5, 0.5, 0.5, 0.5, 0.5, 0.5, 0.5, 0.5, 0.5, 0.5 * 0.70711, 0.70711, 0.00000 *  * 0.00000 *   0
0.7865320791114297, 0.5061706320075524, 0.5, 0.5, 0.5, 0.5, 0.5, 0.5, 0.5, 0.5, 0.5, 0.5 * 0.23269, 0.23269, 0.94431 *  * 0.00000 *   0
0.001010021235308911, 0.6863230637695986, 0.5, 0.5, 0.5, 0.5, 0.5, 0.5, 0.5, 0.5, 0.5, 0.5 * 0.70711, 0.70711, 0.00000 *  * 0.00000 *   0
0.9990809577491814, 0.8588220367372092, 0.5, 0.5, 0.5, 0.5, 0.5, 0.5, 0.5, 0.5, 0.5, 0.5 * 0.00000, 0.00000, 1.00000 *  * 0.00000 *   0
0.9985568989662228, 0.8376841578259301, 0.5, 0.5, 0.5, 0.5, 0.5, 0.5, 0.5, 0.5, 0.5, 0.5 * 0.00000, 0.00000, 1.00000 *  * 0.00000 *   0
0.44439458718130964, 0.5351866626597004, 0.5, 0.5, 0.5, 0.5, 0.5, 0.5, 0.5, 0.5, 0.5, 0.5 * 0.54171, 0.54171, 0.64273 *  * 0.00000 *   0
0.9986797143540569, 0.7210543747102972, 0.5, 0.5, 0.5, 0.5, 0.5, 0.5, 0.5, 0.5, 0.5, 0.5 * 0.00000, 0.00000, 1.00000 *  * 0.00000 *   0
0.9984901388337338, 0.5234516494863155, 0.5, 0.5, 0.5, 0.5, 0.5, 0.5, 0.5, 0.5, 0.5, 0.5 * 0.00000, 0.00000, 1.00000 *  * 0.00000 *   0
0.4153779369485686, 0.27346586568145215, 0.5, 0.5, 0.5, 0.5, 0.5, 0.5, 0.5, 0.5, 0.5, 0.5 * 0.56186, 0.56186, 0.60715 *  * 0.00000 *   0
0.9988891092333314, 0.25578914760777416, 0.5, 0.5, 0.5, 0.5, 0.5, 0.5, 0.5, 0.5, 0.5, 0.5 * 0.00000, 0.00000, 1.00000 *  * 0.00000 *   0
0.9987286909031792, 0.8475769079986726, 0.5, 0.5, 0.5, 0.5, 0.5, 0.5, 0.5, 0.5, 0.5, 0.5 * 0.00000, 0.00000, 1.00000 *  * 0.00000 *   0
0.5139209784515122, 0.31211651440060184, 0.5, 0.5, 0.5, 0.5, 0.5, 0.5, 0.5, 0.5, 0.5, 0.5 * 0.48895, 0.48895, 0.72240 *  * 0.00000 *   0
0.9994504606589254, 0.7264504721705688, 0.5, 0.5, 0.5, 0.5, 0.5, 0.5, 0.5, 0.5, 0.5, 0.5 * 0.00000, 0.00000, 1.00000 *  * 0.00000 *   0
0.9989510996691282, 0.6098928529475605, 0.5, 0.5, 0.5, 0.5, 0.5, 0.5, 0.5, 0.5, 0.5, 0.5 * 0.00000, 0.00000, 1.00000 *  * 0.00000 *   0
0.9988615668349856, 0.3774344530870759, 0.5, 0.5, 0.5, 0.5, 0.5, 0.5, 0.5, 0.5, 0.5, 0.5 * 0.00000, 0.00000, 1.00000 *  * 0.00000 *   0
0.1879752090558492, 0.6103221787723444, 0.5, 0.5, 0.5, 0.5, 0.5, 0.5, 0.5, 0.5, 0.5, 0.5 * 0.67651, 0.67651, 0.29100 *  * 0.00000 *   0
0.0011175081092669181, 0.22936385711896534, 0.5, 0.5, 0.5, 0.5, 0.5, 0.5, 0.5, 0.5, 0.5, 0.5 * 0.70711, 0.70711, 0.00000 *  * 0.00000 *   0
0.001442281514222321, 0.7588231126332029, 0.5, 0.5, 0.5, 0.5, 0.5, 0.5, 0.5, 0.5, 0.5, 0.5 * 0.70710, 0.70710, 0.00000 *  * 0.00000 *   0
0.7781375822095518, 0.6788686983379079, 0.5, 0.5, 0.5, 0.5, 0.5, 0.5, 0.5, 0.5, 0.5, 0.5 * 0.24147, 0.24147, 0.93989 *  * 0.00000 *   0
0.9993431491356403, 0.4437232504280886, 0.5, 0.5, 0.5, 0.5, 0.5, 0.5, 0.5, 0.5, 0.5, 0.5 * 0.00000, 0.00000, 1.00000 *  * 0.00000 *   0
0.0013704244593142345, 0.4592335229565293, 0.5, 0.5, 0.5, 0.5, 0.5, 0.5, 0.5, 0.5, 0.5, 0.5 * 0.70711, 0.70711, 0.00000 *  * 0.00000 *   0
0.9261124940303161, 0.30604171052008167, 0.5, 0.5, 0.5, 0.5, 0.5, 0.5, 0.5, 0.5, 0.5, 0.5 * 0.08188, 0.08188, 0.99327 *  * 0.00000 *   0
0.0015206609136035887, 0.13641075065590536, 0.5, 0.5, 0.5, 0.5, 0.5, 0.5, 0.5, 0.5, 0.5, 0.5 * 0.70710, 0.70710, 0.00000 *  * 0.00000 *   0
0.6068774205465854, 0.11637633810349546, 0.5, 0.5, 0.5, 0.5, 0.5, 0.5, 0.5, 0.5, 0.5, 0.5 * 0.40942, 0.40942, 0.81532 *  * 0.00000 *   0
0.9992849625949551, 0.2749233770632675, 0.5, 0.5, 0.5, 0.5, 0.5, 0.5, 0.5, 0.5, 0.5, 0.5 * 0.00000, 0.00000, 1.00000 *  * 0.00000 *   0
0.0015364512131407215, 0.2053957635022544, 0.5, 0.5, 0.5, 0.5, 0.5, 0.5, 0.5, 0.5, 0.5, 0.5 * 0.70710, 0.70710, 0.00000 *  * 0.00000 *   0
0.9984858438983399, 0.9459348583469729, 0.5, 0.5, 0.5, 0.5, 0.5, 0.5, 0.5, 0.5, 0.5, 0.5 * 0.00000, 0.00000, 1.00000 *  * 0.00000 *   0
0.5147578999805752, 0.15027908816584334, 0.5, 0.5, 0.5, 0.5, 0.5, 0.5, 0.5, 0.5, 0.5, 0.5 * 0.48828, 0.48828, 0.72331 *  * 0.00000 *   0
0.9988215954182416, 0.2562314626973119, 0.5, 0.5, 0.5, 0.5, 0.5, 0.5, 0.5, 0.5, 0.5, 0.5 * 0.00000, 0.00000, 1.00000 *  * 0.00000 *   0
0.0014565219902380466, 0.6450373437516371, 0.5, 0.5, 0.5, 0.5, 0.5, 0.5, 0.5, 0.5, 0.5, 0.5 * 0.70710, 0.70710, 0.00000 *  * 0.00000 *   0
0.16553515373797922, 0.06787153368767163, 0.5, 0.5, 0.5, 0.5, 0.5, 0.5, 0.5, 0.5, 0.5, 0.5 * 0.68334, 0.68334, 0.25710 *  * 0.00000 *   0
0.9990163734437448, 0.11257759030864256, 0.5, 0.5, 0.5, 0.5, 0.5, 0.5, 0.5, 0.5, 0.5, 0.5 * 0.00000, 0.00000, 1.00000 *  * 0.00000 *   0
0.9989595062216089, 0.9183283261551635, 0.5, 0.5, 0.5, 0.5, 0.5, 0.5, 0.5, 0.5, 0.5, 0.5 * 0.00000, 0.00000, 1.00000 *  * 0.00000 *   0
0.9988579287453572, 0.8887112460154644, 0.5, 0.5, 0.5, 0.5, 0.5, 0.5, 0.5, 0.5, 0.5, 0.5 * 0.00000, 0.00000, 1.00000 *  * 0.00000 *   0
0.9987123012219513, 0.935308667651842, 0.5, 0.5, 0.5, 0.5, 0.5, 0.5, 0.5, 0.5, 0.5, 0.5 * 0.00000, 0.00000, 1.00000 *  * 0.00000 *   0
0.7799910507927532, 0.7631419531639301, 0.5, 0.5, 0.5, 0.5, 0.5, 0.5, 0.5, 0.5, 0.5, 0.5 * 0.23953, 0.23953, 0.94088 *  * 0.00000 *   0
0.9985842541950725, 0.9829680949222367, 0.5, 0.5, 0.5, 0.5, 0.5, 0.5, 0.5, 0.5, 0.5, 0.5 * 0.00000, 0.00000, 1.00000 *  * 0.00000 *   0
0.17187195730409, 0.8964740667768671, 0.5, 0.5, 0.5, 0.5, 0.5, 0.5, 0.5, 0.5, 0.5, 0.5 * 0.68149, 0.68149, 0.26671 *  * 0.00000 *   0
7.432834377157915E-4, 0.23346389315988336, 0.5, 0.5, 0.5, 0.5, 0.5, 0.5, 0.5, 0.5, 0.5, 0.5 * 0.70711, 0.70711, 0.00000 *  * 0.00000 *   0
0.9985015466520938, 0.6533306756784141, 0.5, 0.5, 0.5, 0.5, 0.5, 0.5, 0.5, 0.5, 0.5, 0.5 * 0.00000, 0.00000, 1.00000 *  * 0.00000 *   0
0.6245443960331558, 0.7257991862932212, 0.5, 0.5, 0.5, 0.5, 0.5, 0.5, 0.5, 0.5, 0.5, 0.5 * 0.39327, 0.39327, 0.83107 *  * 0.00000 *   0
0.9995243841402998, 0.6205531819819546, 0.5, 0.5, 0.5, 0.5, 0.5, 0.5, 0.5, 0.5, 0.5, 0.5 * 0.00000, 0.00000, 1.00000 *  * 0.00000 *   0
0.00135135457377078, 0.7492052917209031, 0.5, 0.5, 0.5, 0.5, 0.5, 0.5, 0.5, 0.5, 0.5, 0.5 * 0.70711, 0.70711, 0.00000 *  * 0.00000 *   0
0.0015495817273917245, 0.37135557681636266, 0.5, 0.5, 0.5, 0.5, 0.5, 0.5, 0.5, 0.5, 0.5, 0.5 * 0.70710, 0.70710, 0.00000 *  * 0.00000 *   0
0.349191750811232, 0.589110118922344, 0.5, 0.5, 0.5, 0.5, 0.5, 0.5, 0.5, 0.5, 0.5, 0.5 * 0.60338, 0.60338, 0.52142 *  * 0.00000 *   0
0.0011515307400323804, 0.2025951838921739, 0.5, 0.5, 0.5, 0.5, 0.5, 0.5, 0.5, 0.5, 0.5, 0.5 * 0.70711, 0.70711, 0.00000 *  * 0.00000 *   0
0.9986570013539617, 0.2930166928396629, 0.5, 0.5, 0.5, 0.5, 0.5, 0.5, 0.5, 0.5, 0.5, 0.5 * 0.00000, 0.00000, 1.00000 *  * 0.00000 *   0
0.0013449384401557074, 0.40334940453424273, 0.5, 0.5, 0.5, 0.5, 0.5, 0.5, 0.5, 0.5, 0.5, 0.5 * 0.70711, 0.70711, 0.00000 *  * 0.00000 *   0
0.9986362917161541, 0.5008356407475051, 0.5, 0.5, 0.5, 0.5, 0.5, 0.5, 0.5, 0.5, 0.5, 0.5 * 0.00000, 0.00000, 1.00000 *  * 0.00000 *   0
0.9986041895166209, 0.1640324644228346, 0.5, 0.5, 0.5, 0.5, 0.5, 0.5, 0.5, 0.5, 0.5, 0.5 * 0.00000, 0.00000, 1.00000 *  * 0.00000 *   0
0.3588622396259179, 0.9882850523411997, 0.5, 0.5, 0.5, 0.5, 0.5, 0.5, 0.5, 0.5, 0.5, 0.5 * 0.59771, 0.59771, 0.53432 *  * 0.00000 *   0
0.0014220299659094549, 0.03854037055742088, 0.5, 0.5, 0.5, 0.5, 0.5, 0.5, 0.5, 0.5, 0.5, 0.5 * 0.70711, 0.70711, 0.00000 *  * 0.00000 *   0
0.0015474914912125826, 0.7241174284965411, 0.5, 0.5, 0.5, 0.5, 0.5, 0.5, 0.5, 0.5, 0.5, 0.5 * 0.70710, 0.70710, 0.00000 *  * 0.00000 *   0
0.16912126477176148, 0.22177211894368853, 0.5, 0.5, 0.5, 0.5, 0.5, 0.5, 0.5, 0.5, 0.5, 0.5 * 0.68230, 0.68230, 0.26254 *  * 0.00000 *   0
0.998743203399507, 0.16227719991650846, 0.5, 0.5, 0.5, 0.5, 0.5, 0.5, 0.5, 0.5, 0.5, 0.5 * 0.00000, 0.00000, 1.00000 *  * 0.00000 *   0
0.00151074988198463, 0.9635426689691993, 0.5, 0.5, 0.5, 0.5, 0.5, 0.5, 0.5, 0.5, 0.5, 0.5 * 0.70710, 0.70710, 0.00000 *  * 0.00000 *   0
0.38238921884966215, 0.8756755305865894, 0.5, 0.5, 0.5, 0.5, 0.5, 0.5, 0.5, 0.5, 0.5, 0.5 * 0.58334, 0.58334, 0.56518 *  * 0.00000 *   0
0.9989482597476695, 0.5581852532452601, 0.5, 0.5, 0.5, 0.5, 0.5, 0.5, 0.5, 0.5, 0.5, 0.5 * 0.00000, 0.00000, 1.00000 *  * 0.00000 *   0
0.9985666653033043, 0.6463870586158977, 0.5, 0.5, 0.5, 0.5, 0.5, 0.5, 0.5, 0.5, 0.5, 0.5 * 0.00000, 0.00000, 1.00000 *  * 0.00000 *   0
0.4059314030538429, 0.9010254874207093, 0.5, 0.5, 0.5, 0.5, 0.5, 0.5, 0.5, 0.5, 0.5, 0.5 * 0.56816, 0.56816, 0.59530 *  * 0.00000 *   0
0.9987566777266945, 0.13187429402449535, 0.5, 0.5, 0.5, 0.5, 0.5, 0.5, 0.5, 0.5, 0.5, 0.5 * 0.00000, 0.00000, 1.00000 *  * 0.00000 *   0
0.001222625280194456, 0.8651509203050246, 0.5, 0.5, 0.5, 0.5, 0.5, 0.5, 0.5, 0.5, 0.5, 0.5 * 0.70711, 0.70711, 0.00000 *  * 0.00000 *   0
