0.7821716730399857, 0.0988882845728138, 0.0, 0.0, 0.0, 0.0, 0.0, 0.0, 0.0, 0.0, 0.0, 0.0 * 0.7821716730399857, 0.0988882845728138, 4.3465605194746768 *   0
0.0756327757032741, 0.7813161219383199, 0.0000000000000000, 0.0000000000000000, 0.0000000000000000, 0.0000000000000000, 0.0000000000000000, 0.0000000000000000, 0.0000000000000000, 0.0000000000000000, 0.0000000000000000, 0.0000000000000000 * 0.0756327757032741, 0.7813161219383199, 4.4043007399253753 *   0
0.23302474810653484, 0.2126249652773572, 0.0, 0.0, 0.0, 0.0, 0.0, 0.0, 0.0, 0.0, 0.0, 0.0 * 0.23302, 0.21262, 5.17244 *  * 0.00000 *   0
0.39044169331954415, 0.8506244915959355, 0.0, 0.0, 0.0, 0.0, 0.0, 0.0, 0.0, 0.0, 0.0, 0.0 * 0.39044, 0.85062, 4.11973 *  * 0.00000 *   0
0.09175769846343085, 0.03943151458177041, 0.0, 0.0, 0.0, 0.0, 0.0, 0.0, 0.0, 0.0, 0.0, 0.0 * 0.09176, 0.03943, 5.78467 *  * 0.00000 *   0
0.27051450816572975, 0.3593114699933314, 0.0, 0.0, 0.0, 0.0, 0.0, 0.0, 0.0, 0.0, 0.0, 0.0 * 0.27051, 0.35931, 5.30631 *  * 0.00000 *   0
0.2909036443608328, 0.11046002188948711, 0.0, 0.0, 0.0, 0.0, 0.0, 0.0, 0.0, 0.0, 0.0, 0.0 * 0.29090, 0.11046, 5.39006 *  * 0.00000 *   0
0.23507410396957462, 0.22532058783563058, 0.0, 0.0, 0.0, 0.0, 0.0, 0.0, 0.0, 0.0, 0.0, 0.0 * 0.23507, 0.22532, 5.15996 *  * 0.00000 *   0
0.19150200759161073, 0.237981263721454, 0.0, 0.0, 0.0, 0.0, 0.0, 0.0, 0.0, 0.0, 0.0, 0.0 * 0.19150, 0.23798, 5.19802 *  * 0.00000 *   0
0.20474634862337526, 0.19500211274726853, 0.0, 0.0, 0.0, 0.0, 0.0, 0.0, 0.0, 0.0, 0.0, 0.0 * 0.20475, 0.19500, 5.22046 *  * 0.00000 *   0
0.20896141277496394, 0.1952586629159071, 0.0, 0.0, 0.0, 0.0, 0.0, 0.0, 0.0, 0.0, 0.0, 0.0 * 0.20896, 0.19526, 5.21499 *  * 0.00000 *   0
0.13829281760379442, 0.6833958856040053, 0.0, 0.0, 0.0, 0.0, 0.0, 0.0, 0.0, 0.0, 0.0, 0.0 * 0.13829, 0.68340, 4.93763 *  * 0.00000 *   0
0.2521149306182968, 0.36911176564208004, 0.0, 0.0, 0.0, 0.0, 0.0, 0.0, 0.0, 0.0, 0.0, 0.0 * 0.25211, 0.36911, 5.32621 *  * 0.00000 *   0
0.14286675585990893, 0.37816032647506936, 0.0, 0.0, 0.0, 0.0, 0.0, 0.0, 0.0, 0.0, 0.0, 0.0 * 0.14287, 0.37816, 5.49474 *  * 0.00000 *   0
0.32877327929651423, 0.001636546530981775, 0.0, 0.0, 0.0, 0.0, 0.0, 0.0, 0.0, 0.0, 0.0, 0.0 * 0.32877, 0.00164, 5.65544 *  * 0.00000 *   0
0.026877035436514762, 0.2683256561167773, 0.0, 0.0, 0.0, 0.0, 0.0, 0.0, 0.0, 0.0, 0.0, 0.0 * 0.02688, 0.26833, 5.54376 *  * 0.00000 *   0
0.2211667424016993, 0.08270718770291419, 0.0, 0.0, 0.0, 0.0, 0.0, 0.0, 0.0, 0.0, 0.0, 0.0 * 0.22117, 0.08271, 5.44536 *  * 0.00000 *   0
0.15792609820236436, 0.2530249892762285, 0.0, 0.0, 0.0, 0.0, 0.0, 0.0, 0.0, 0.0, 0.0, 0.0 * 0.15793, 0.25302, 5.25792 *  * 0.00000 *   0
0.180805307449581, 0.18885188643185136, 0.0, 0.0, 0.0, 0.0, 0.0, 0.0, 0.0, 0.0, 0.0, 0.0 * 0.18081, 0.18885, 5.26640 *  * 0.00000 *   0
0.21227349372233217, 0.20591580145885846, 0.0, 0.0, 0.0, 0.0, 0.0, 0.0, 0.0, 0.0, 0.0, 0.0 * 0.21227, 0.20592, 5.19686 *  * 0.00000 *   0
0.38058823935898733, 0.7179357960331769, 0.0, 0.0, 0.0, 0.0, 0.0, 0.0, 0.0, 0.0, 0.0, 0.0 * 0.38059, 0.71794, 4.73187 *  * 0.00000 *   0
0.2290390401199761, 0.7033687131758739, 0.0, 0.0, 0.0, 0.0, 0.0, 0.0, 0.0, 0.0, 0.0, 0.0 * 0.22904, 0.70337, 4.63852 *  * 0.00000 *   0
0.06735949197448865, 0.19414888616050596, 0.0, 0.0, 0.0, 0.0, 0.0, 0.0, 0.0, 0.0, 0.0, 0.0 * 0.06736, 0.19415, 5.51087 *  * 0.00000 *   0
0.08968430932502203, 0.2857011181793553, 0.0, 0.0, 0.0, 0.0, 0.0, 0.0, 0.0, 0.0, 0.0, 0.0 * 0.08968, 0.28570, 5.43353 *  * 0.00000 *   0
0.09848079626950035, 0.28261834455483714, 0.0, 0.0, 0.0, 0.0, 0.0, 0.0, 0.0, 0.0, 0.0, 0.0 * 0.09848, 0.28262, 5.41007 *  * 0.00000 *   0
0.19245156838094624, 0.1723349939044584, 0.0, 0.0, 0.0, 0.0, 0.0, 0.0, 0.0, 0.0, 0.0, 0.0 * 0.19245, 0.17233, 5.27633 *  * 0.00000 *   0
0.2063813344300114, 0.23799857282677228, 0.0, 0.0, 0.0, 0.0, 0.0, 0.0, 0.0, 0.0, 0.0, 0.0 * 0.20638, 0.23800, 5.17732 *  * 0.00000 *   0
0.20160247145217924, 0.2336630522003702, 0.0, 0.0, 0.0, 0.0, 0.0, 0.0, 0.0, 0.0, 0.0, 0.0 * 0.20160, 0.23366, 5.18535 *  * 0.00000 *   0
0.22399056395589867, 0.19356043941176537, 0.0, 0.0, 0.0, 0.0, 0.0, 0.0, 0.0, 0.0, 0.0, 0.0 * 0.22399, 0.19356, 5.20298 *  * 0.00000 *   0
0.2146485886335996, 0.21895628234276066, 0.0, 0.0, 0.0, 0.0, 0.0, 0.0, 0.0, 0.0, 0.0, 0.0 * 0.21465, 0.21896, 5.18042 *  * 0.00000 *   0
0.79262688610011, 0.06321418320812078, 0.0, 0.0, 0.0, 0.0, 0.0, 0.0, 0.0, 0.0, 0.0, 0.0 * 0.79263, 0.06321, 4.37368 *  * 0.00000 *   0
0.37715923771727666, 0.2272172424460881, 0.0, 0.0, 0.0, 0.0, 0.0, 0.0, 0.0, 0.0, 0.0, 0.0 * 0.37716, 0.22722, 5.35581 *  * 0.00000 *   0
0.3442474779300013, 0.1978944493902718, 0.0, 0.0, 0.0, 0.0, 0.0, 0.0, 0.0, 0.0, 0.0, 0.0 * 0.34425, 0.19789, 5.30382 *  * 0.00000 *   0
0.0444917586758683, 0.21642686272844314, 0.0, 0.0, 0.0, 0.0, 0.0, 0.0, 0.0, 0.0, 0.0, 0.0 * 0.04449, 0.21643, 5.52791 *  * 0.00000 *   0
0.23137290028028, 0.20405245351847112, 0.0, 0.0, 0.0, 0.0, 0.0, 0.0, 0.0, 0.0, 0.0, 0.0 * 0.23137, 0.20405, 5.18339 *  * 0.00000 *   0
0.18959685980070173, 0.23887658802203549, 0.0, 0.0, 0.0, 0.0, 0.0, 0.0, 0.0, 0.0, 0.0, 0.0 * 0.18960, 0.23888, 5.20068 *  * 0.00000 *   0
0.1687385330423924, 0.20584296132234703, 0.0, 0.0, 0.0, 0.0, 0.0, 0.0, 0.0, 0.0, 0.0, 0.0 * 0.16874, 0.20584, 5.26474 *  * 0.00000 *   0
0.1736146035726125, 0.231745475739093, 0.0, 0.0, 0.0, 0.0, 0.0, 0.0, 0.0, 0.0, 0.0, 0.0 * 0.17361, 0.23175, 5.23189 *  * 0.00000 *   0
0.20638770753304658, 0.21142587452721373, 0.0, 0.0, 0.0, 0.0, 0.0, 0.0, 0.0, 0.0, 0.0, 0.0 * 0.20639, 0.21143, 5.19720 *  * 0.00000 *   0
0.6537577798862648, 0.30543270560922164, 0.0, 0.0, 0.0, 0.0, 0.0, 0.0, 0.0, 0.0, 0.0, 0.0 * 0.65376, 0.30543, 5.04076 *  * 0.00000 *   0
0.017500488572040562, 0.7685089796022534, 0.0, 0.0, 0.0, 0.0, 0.0, 0.0, 0.0, 0.0, 0.0, 0.0 * 0.01750, 0.76851, 4.58163 *  * 0.00000 *   0
0.2933387260454319, 0.8777261538753971, 0.0, 0.0, 0.0, 0.0, 0.0, 0.0, 0.0, 0.0, 0.0, 0.0 * 0.29334, 0.87773, 3.91895 *  * 0.00000 *   0
0.03161597704380692, 0.2725407298894015, 0.0, 0.0, 0.0, 0.0, 0.0, 0.0, 0.0, 0.0, 0.0, 0.0 * 0.03162, 0.27254, 5.53881 *  * 0.00000 *   0
0.2647829052330294, 0.09177635414914709, 0.0, 0.0, 0.0, 0.0, 0.0, 0.0, 0.0, 0.0, 0.0, 0.0 * 0.26478, 0.09178, 5.41418 *  * 0.00000 *   0
0.18268439158677652, 0.21963921279155274, 0.0, 0.0, 0.0, 0.0, 0.0, 0.0, 0.0, 0.0, 0.0, 0.0 * 0.18268, 0.21964, 5.22424 *  * 0.00000 *   0
0.1973753377498496, 0.1883018176307315, 0.0, 0.0, 0.0, 0.0, 0.0, 0.0, 0.0, 0.0, 0.0, 0.0 * 0.19738, 0.18830, 5.24076 *  * 0.00000 *   0
0.19698143905847088, 0.22179454800792486, 0.0, 0.0, 0.0, 0.0, 0.0, 0.0, 0.0, 0.0, 0.0, 0.0 * 0.19698, 0.22179, 5.19970 *  * 0.00000 *   0
0.20832959651860783, 0.21865217493658107, 0.0, 0.0, 0.0, 0.0, 0.0, 0.0, 0.0, 0.0, 0.0, 0.0 * 0.20833, 0.21865, 5.18762 *  * 0.00000 *   0
0.7423106633201998, 0.31451983618671187, 0.0, 0.0, 0.0, 0.0, 0.0, 0.0, 0.0, 0.0, 0.0, 0.0 * 0.74231, 0.31452, 4.40218 *  * 0.00000 *   0
0.03634067622966164, 0.3107894055249778, 0.0, 0.0, 0.0, 0.0, 0.0, 0.0, 0.0, 0.0, 0.0, 0.0 * 0.03634, 0.31079, 5.57513 *  * 0.00000 *   0
0.29267630098726993, 0.29774971710172116, 0.0, 0.0, 0.0, 0.0, 0.0, 0.0, 0.0, 0.0, 0.0, 0.0 * 0.29268, 0.29775, 5.20216 *  * 0.00000 *   0
0.2991671848811822, 0.2541387078381945, 0.0, 0.0, 0.0, 0.0, 0.0, 0.0, 0.0, 0.0, 0.0, 0.0 * 0.29917, 0.25414, 5.17946 *  * 0.00000 *   0
0.281354980012378, 0.16924675228185881, 0.0, 0.0, 0.0, 0.0, 0.0, 0.0, 0.0, 0.0, 0.0, 0.0 * 0.28135, 0.16925, 5.24782 *  * 0.00000 *   0
0.22221113707709583, 0.1760540720551096, 0.0, 0.0, 0.0, 0.0, 0.0, 0.0, 0.0, 0.0, 0.0, 0.0 * 0.22221, 0.17605, 5.23392 *  * 0.00000 *   0
0.22074899572156115, 0.1721726129486002, 0.0, 0.0, 0.0, 0.0, 0.0, 0.0, 0.0, 0.0, 0.0, 0.0 * 0.22075, 0.17217, 5.24245 *  * 0.00000 *   0
0.20950144728894293, 0.21186585334895247, 0.0, 0.0, 0.0, 0.0, 0.0, 0.0, 0.0, 0.0, 0.0, 0.0 * 0.20950, 0.21187, 5.19304 *  * 0.00000 *   0
0.18847345755049594, 0.19693546172345733, 0.0, 0.0, 0.0, 0.0, 0.0, 0.0, 0.0, 0.0, 0.0, 0.0 * 0.18847, 0.19694, 5.24111 *  * 0.00000 *   0
0.19896285825298654, 0.20562961106024713, 0.0, 0.0, 0.0, 0.0, 0.0, 0.0, 0.0, 0.0, 0.0, 0.0 * 0.19896, 0.20563, 5.21367 *  * 0.00000 *   0
0.9646549350681876, 0.685934042278896, 0.0, 0.0, 0.0, 0.0, 0.0, 0.0, 0.0, 0.0, 0.0, 0.0 * 0.96465, 0.68593, 3.91010 *  * 0.00000 *   0
0.7916681957798609, 0.08667134914751717, 0.0, 0.0, 0.0, 0.0, 0.0, 0.0, 0.0, 0.0, 0.0, 0.0 * 0.79167, 0.08667, 4.32707 *  * 0.00000 *   0
0.03959144973260331, 0.19462888946603596, 0.0, 0.0, 0.0, 0.0, 0.0, 0.0, 0.0, 0.0, 0.0, 0.0 * 0.03959, 0.19463, 5.56344 *  * 0.00000 *   0
0.1556061577315655, 0.2914278926732371, 0.0, 0.0, 0.0, 0.0, 0.0, 0.0, 0.0, 0.0, 0.0, 0.0 * 0.15561, 0.29143, 5.28607 *  * 0.00000 *   0
0.19323562597275323, 0.28750033905749794, 0.0, 0.0, 0.0, 0.0, 0.0, 0.0, 0.0, 0.0, 0.0, 0.0 * 0.19324, 0.28750, 5.21169 *  * 0.00000 *   0
0.24057529528615373, 0.19266230567043485, 0.0, 0.0, 0.0, 0.0, 0.0, 0.0, 0.0, 0.0, 0.0, 0.0 * 0.24058, 0.19266, 5.19532 *  * 0.00000 *   0
0.1762460969440126, 0.2328343035876549, 0.0, 0.0, 0.0, 0.0, 0.0, 0.0, 0.0, 0.0, 0.0, 0.0 * 0.17625, 0.23283, 5.22638 *  * 0.00000 *   0
0.18721459236601334, 0.18946993041163618, 0.0, 0.0, 0.0, 0.0, 0.0, 0.0, 0.0, 0.0, 0.0, 0.0 * 0.18721, 0.18947, 5.25449 *  * 0.00000 *   0
0.18262696528448863, 0.19005030458753058, 0.0, 0.0, 0.0, 0.0, 0.0, 0.0, 0.0, 0.0, 0.0, 0.0 * 0.18263, 0.19005, 5.26130 *  * 0.00000 *   0
0.18854556647380538, 0.19913070509728936, 0.0, 0.0, 0.0, 0.0, 0.0, 0.0, 0.0, 0.0, 0.0, 0.0 * 0.18855, 0.19913, 5.23789 *  * 0.00000 *   0
0.9725396226309038, 0.951997915702714, 0.0, 0.0, 0.0, 0.0, 0.0, 0.0, 0.0, 0.0, 0.0, 0.0 * 0.97254, 0.95200, 3.41041 *  * 0.00000 *   0
0.32959342145182136, 0.2995946843817512, 0.0, 0.0, 0.0, 0.0, 0.0, 0.0, 0.0, 0.0, 0.0, 0.0 * 0.32959, 0.29959, 5.26553 *  * 0.00000 *   0
0.2328166699886146, 0.07676318552600292, 0.0, 0.0, 0.0, 0.0, 0.0, 0.0, 0.0, 0.0, 0.0, 0.0 * 0.23282, 0.07676, 5.45059 *  * 0.00000 *   0
0.28774594408202314, 0.16332596635824825, 0.0, 0.0, 0.0, 0.0, 0.0, 0.0, 0.0, 0.0, 0.0, 0.0 * 0.28775, 0.16333, 5.26582 *  * 0.00000 *   0
0.19859153916460281, 0.2134300467161825, 0.0, 0.0, 0.0, 0.0, 0.0, 0.0, 0.0, 0.0, 0.0, 0.0 * 0.19859, 0.21343, 5.20527 *  * 0.00000 *   0
0.21184487370562388, 0.16861332113351535, 0.0, 0.0, 0.0, 0.0, 0.0, 0.0, 0.0, 0.0, 0.0, 0.0 * 0.21184, 0.16861, 5.25803 *  * 0.00000 *   0
0.1679994250520206, 0.1968719356347015, 0.0, 0.0, 0.0, 0.0, 0.0, 0.0, 0.0, 0.0, 0.0, 0.0 * 0.16800, 0.19687, 5.27819 *  * 0.00000 *   0
0.18499438629667797, 0.19942326692344758, 0.0, 0.0, 0.0, 0.0, 0.0, 0.0, 0.0, 0.0, 0.0, 0.0 * 0.18499, 0.19942, 5.24335 *  * 0.00000 *   0
0.26871481704839895, 0.0627636329962531, 0.0, 0.0, 0.0, 0.0, 0.0, 0.0, 0.0, 0.0, 0.0, 0.0 * 0.26871, 0.06276, 5.47980 *  * 0.00000 *   0
0.1639830192991496, 0.23179699034056578, 0.0, 0.0, 0.0, 0.0, 0.0, 0.0, 0.0, 0.0, 0.0, 0.0 * 0.16398, 0.23180, 5.25081 *  * 0.00000 *   0
0.22474653661442445, 0.1510777853221562, 0.0, 0.0, 0.0, 0.0, 0.0, 0.0, 0.0, 0.0, 0.0, 0.0 * 0.22475, 0.15108, 5.28282 *  * 0.00000 *   0
0.20499994506255526, 0.19629110563397978, 0.0, 0.0, 0.0, 0.0, 0.0, 0.0, 0.0, 0.0, 0.0, 0.0 * 0.20500, 0.19629, 5.21825 *  * 0.00000 *   0
0.22299366408326593, 0.1922888183197239, 0.0, 0.0, 0.0, 0.0, 0.0, 0.0, 0.0, 0.0, 0.0, 0.0 * 0.22299, 0.19229, 5.20571 *  * 0.00000 *   0
0.3008342193618754, 0.6364097532637902, 0.0, 0.0, 0.0, 0.0, 0.0, 0.0, 0.0, 0.0, 0.0, 0.0 * 0.30083, 0.63641, 5.15108 *  * 0.00000 *   0
0.21369635847515744, 0.723723763726981, 0.0, 0.0, 0.0, 0.0, 0.0, 0.0, 0.0, 0.0, 0.0, 0.0 * 0.21370, 0.72372, 4.49884 *  * 0.00000 *   0
0.7917664395617152, 0.25605403041579167, 0.0, 0.0, 0.0, 0.0, 0.0, 0.0, 0.0, 0.0, 0.0, 0.0 * 0.79177, 0.25605, 4.04996 *  * 0.00000 *   0
0.2675945636589333, 0.22309450125801134, 0.0, 0.0, 0.0, 0.0, 0.0, 0.0, 0.0, 0.0, 0.0, 0.0 * 0.26759, 0.22309, 5.16164 *  * 0.00000 *   0
0.22123913944696927, 0.19712949172476513, 0.0, 0.0, 0.0, 0.0, 0.0, 0.0, 0.0, 0.0, 0.0, 0.0 * 0.22124, 0.19713, 5.19996 *  * 0.00000 *   0
0.21191384809058844, 0.18408993099945437, 0.0, 0.0, 0.0, 0.0, 0.0, 0.0, 0.0, 0.0, 0.0, 0.0 * 0.21191, 0.18409, 5.22945 *  * 0.00000 *   0
0.19376075275051896, 0.20456395185335896, 0.0, 0.0, 0.0, 0.0, 0.0, 0.0, 0.0, 0.0, 0.0, 0.0 * 0.19376, 0.20456, 5.22254 *  * 0.00000 *   0
0.04363894039330107, 0.4791691226553647, 0.0, 0.0, 0.0, 0.0, 0.0, 0.0, 0.0, 0.0, 0.0, 0.0 * 0.04364, 0.47917, 5.92971 *  * 0.00000 *   0
0.3179119592432359, 0.01811516370705346, 0.0, 0.0, 0.0, 0.0, 0.0, 0.0, 0.0, 0.0, 0.0, 0.0 * 0.31791, 0.01812, 5.61485 *  * 0.00000 *   0
0.11566445609591547, 0.12589415740382082, 0.0, 0.0, 0.0, 0.0, 0.0, 0.0, 0.0, 0.0, 0.0, 0.0 * 0.11566, 0.12589, 5.53917 *  * 0.00000 *   0
0.1831016330022257, 0.2751950101767838, 0.0, 0.0, 0.0, 0.0, 0.0, 0.0, 0.0, 0.0, 0.0, 0.0 * 0.18310, 0.27520, 5.21744 *  * 0.00000 *   0
0.19824662178754415, 0.20739542472800598, 0.0, 0.0, 0.0, 0.0, 0.0, 0.0, 0.0, 0.0, 0.0, 0.0 * 0.19825, 0.20740, 5.21253 *  * 0.00000 *   0
0.037754196980892774, 0.8121642134716953, 0.0, 0.0, 0.0, 0.0, 0.0, 0.0, 0.0, 0.0, 0.0, 0.0 * 0.03775, 0.81216, 4.34088 *  * 0.00000 *   0
0.34390004513513484, 0.06731584260233459, 0.0, 0.0, 0.0, 0.0, 0.0, 0.0, 0.0, 0.0, 0.0, 0.0 * 0.34390, 0.06732, 5.58308 *  * 0.00000 *   0
0.22840996860251062, 0.05161996564831506, 0.0, 0.0, 0.0, 0.0, 0.0, 0.0, 0.0, 0.0, 0.0, 0.0 * 0.22841, 0.05162, 5.50502 *  * 0.00000 *   0
0.2835161323505806, 0.1287224282887921, 0.0, 0.0, 0.0, 0.0, 0.0, 0.0, 0.0, 0.0, 0.0, 0.0 * 0.28352, 0.12872, 5.33890 *  * 0.00000 *   0
0.20511445458076638, 0.2029573488808445, 0.0, 0.0, 0.0, 0.0, 0.0, 0.0, 0.0, 0.0, 0.0, 0.0 * 0.20511, 0.20296, 5.20893 *  * 0.00000 *   0
0.10677798384952542, 0.1435173155922882, 0.0, 0.0, 0.0, 0.0, 0.0, 0.0, 0.0, 0.0, 0.0, 0.0 * 0.10678, 0.14352, 5.51937 *  * 0.00000 *   0
0.30405213998597924, 0.24350828130656232, 0.0, 0.0, 0.0, 0.0, 0.0, 0.0, 0.0, 0.0, 0.0, 0.0 * 0.30405, 0.24351, 5.18720 *  * 0.00000 *   0
0.07167287988145521, 0.2130851168936848, 0.0, 0.0, 0.0, 0.0, 0.0, 0.0, 0.0, 0.0, 0.0, 0.0 * 0.07167, 0.21309, 5.47741 *  * 0.00000 *   0
0.19697583597113877, 0.13455292016267073, 0.0, 0.0, 0.0, 0.0, 0.0, 0.0, 0.0, 0.0, 0.0, 0.0 * 0.19698, 0.13455, 5.35104 *  * 0.00000 *   0
0.16788894731310722, 0.22329739343844612, 0.0, 0.0, 0.0, 0.0, 0.0, 0.0, 0.0, 0.0, 0.0, 0.0 * 0.16789, 0.22330, 5.24870 *  * 0.00000 *   0
0.19380343155374002, 0.18614986088998575, 0.0, 0.0, 0.0, 0.0, 0.0, 0.0, 0.0, 0.0, 0.0, 0.0 * 0.19380, 0.18615, 5.24953 *  * 0.00000 *   0
0.21946090461185186, 0.187877221939183, 0.0, 0.0, 0.0, 0.0, 0.0, 0.0, 0.0, 0.0, 0.0, 0.0 * 0.21946, 0.18788, 5.21568 *  * 0.00000 *   0
0.1956790922227325, 0.21422235676126333, 0.0, 0.0, 0.0, 0.0, 0.0, 0.0, 0.0, 0.0, 0.0, 0.0 * 0.19568, 0.21422, 5.20863 *  * 0.00000 *   0
0.08762388753245098, 0.9706328204937157, 0.0, 0.0, 0.0, 0.0, 0.0, 0.0, 0.0, 0.0, 0.0, 0.0 * 0.08762, 0.97063, 4.61210 *  * 0.00000 *   0
0.3470947064165383, 0.332087614783278, 0.0, 0.0, 0.0, 0.0, 0.0, 0.0, 0.0, 0.0, 0.0, 0.0 * 0.34709, 0.33209, 5.36181 *  * 0.00000 *   0
0.17653709947877416, 0.1407714827414227, 0.0, 0.0, 0.0, 0.0, 0.0, 0.0, 0.0, 0.0, 0.0, 0.0 * 0.17654, 0.14077, 5.37032 *  * 0.00000 *   0
0.21166668929199606, 0.2554203098724189, 0.0, 0.0, 0.0, 0.0, 0.0, 0.0, 0.0, 0.0, 0.0, 0.0 * 0.21167, 0.25542, 5.16885 *  * 0.00000 *   0
0.21247347934348404, 0.12822953940599113, 0.0, 0.0, 0.0, 0.0, 0.0, 0.0, 0.0, 0.0, 0.0, 0.0 * 0.21247, 0.12823, 5.34641 *  * 0.00000 *   0
0.18281314458181053, 0.1523658988960278, 0.0, 0.0, 0.0, 0.0, 0.0, 0.0, 0.0, 0.0, 0.0, 0.0 * 0.18281, 0.15237, 5.33314 *  * 0.00000 *   0
0.2149913001467797, 0.15165444490626379, 0.0, 0.0, 0.0, 0.0, 0.0, 0.0, 0.0, 0.0, 0.0, 0.0 * 0.21499, 0.15165, 5.29014 *  * 0.00000 *   0
0.22021771063737594, 0.20623479829003377, 0.0, 0.0, 0.0, 0.0, 0.0, 0.0, 0.0, 0.0, 0.0, 0.0 * 0.22022, 0.20623, 5.18873 *  * 0.00000 *   0
0.19468811181775747, 0.18037952478042518, 0.0, 0.0, 0.0, 0.0, 0.0, 0.0, 0.0, 0.0, 0.0, 0.0 * 0.19469, 0.18038, 5.25812 *  * 0.00000 *   0
0.18839187003601066, 0.18073027264950803, 0.0, 0.0, 0.0, 0.0, 0.0, 0.0, 0.0, 0.0, 0.0, 0.0 * 0.18839, 0.18073, 5.26728 *  * 0.00000 *   0
0.6825146899371467, 0.004489565515807481, 0.0, 0.0, 0.0, 0.0, 0.0, 0.0, 0.0, 0.0, 0.0, 0.0 * 0.68251, 0.00449, 5.21124 *  * 0.00000 *   0
0.7017512393520098, 0.3592658420915068, 0.0, 0.0, 0.0, 0.0, 0.0, 0.0, 0.0, 0.0, 0.0, 0.0 * 0.70175, 0.35927, 4.79808 *  * 0.00000 *   0
0.7404354743151301, 0.8842217322084848, 0.0, 0.0, 0.0, 0.0, 0.0, 0.0, 0.0, 0.0, 0.0, 0.0 * 0.74044, 0.88422, 3.11658 *  * 0.00000 *   0
0.7819761369477359, 0.8007460037502263, 0.0, 0.0, 0.0, 0.0, 0.0, 0.0, 0.0, 0.0, 0.0, 0.0 * 0.78198, 0.80075, 2.96185 *  * 0.00000 *   0
0.8016433982104062, 0.25381548122730224, 0.0, 0.0, 0.0, 0.0, 0.0, 0.0, 0.0, 0.0, 0.0, 0.0 * 0.80164, 0.25382, 4.00548 *  * 0.00000 *   0
0.09675928997809702, 0.34443753876165994, 0.0, 0.0, 0.0, 0.0, 0.0, 0.0, 0.0, 0.0, 0.0, 0.0 * 0.09676, 0.34444, 5.51828 *  * 0.00000 *   0
0.18143790404345006, 0.24456394504403567, 0.0, 0.0, 0.0, 0.0, 0.0, 0.0, 0.0, 0.0, 0.0, 0.0 * 0.18144, 0.24456, 5.21275 *  * 0.00000 *   0
0.1872406069723137, 0.15667724256366622, 0.0, 0.0, 0.0, 0.0, 0.0, 0.0, 0.0, 0.0, 0.0, 0.0 * 0.18724, 0.15668, 5.31637 *  * 0.00000 *   0
0.18129482156124577, 0.2094509506508192, 0.0, 0.0, 0.0, 0.0, 0.0, 0.0, 0.0, 0.0, 0.0, 0.0 * 0.18129, 0.20945, 5.23703 *  * 0.00000 *   0
0.19211890041472723, 0.21553314442131388, 0.0, 0.0, 0.0, 0.0, 0.0, 0.0, 0.0, 0.0, 0.0, 0.0 * 0.19212, 0.21553, 5.21265 *  * 0.00000 *   0
0.20022432728797512, 0.19846506951693732, 0.0, 0.0, 0.0, 0.0, 0.0, 0.0, 0.0, 0.0, 0.0, 0.0 * 0.20022, 0.19847, 5.22140 *  * 0.00000 *   0
0.17354401242810147, 0.18601566034011197, 0.0, 0.0, 0.0, 0.0, 0.0, 0.0, 0.0, 0.0, 0.0, 0.0 * 0.17354, 0.18602, 5.28433 *  * 0.00000 *   0
0.16962669709265166, 0.19789195442686125, 0.0, 0.0, 0.0, 0.0, 0.0, 0.0, 0.0, 0.0, 0.0, 0.0 * 0.16963, 0.19789, 5.27354 *  * 0.00000 *   0
0.3242300990613137, 0.22410547933427027, 0.0, 0.0, 0.0, 0.0, 0.0, 0.0, 0.0, 0.0, 0.0, 0.0 * 0.32423, 0.22411, 5.23182 *  * 0.00000 *   0
0.19204737168934205, 0.16404051059008318, 0.0, 0.0, 0.0, 0.0, 0.0, 0.0, 0.0, 0.0, 0.0, 0.0 * 0.19205, 0.16404, 5.29334 *  * 0.00000 *   0
0.15585667296284, 0.21496171561079258, 0.0, 0.0, 0.0, 0.0, 0.0, 0.0, 0.0, 0.0, 0.0, 0.0 * 0.15586, 0.21496, 5.28106 *  * 0.00000 *   0
0.23485855222687613, 0.18675319561592418, 0.0, 0.0, 0.0, 0.0, 0.0, 0.0, 0.0, 0.0, 0.0, 0.0 * 0.23486, 0.18675, 5.20697 *  * 0.00000 *   0
0.22762911784304318, 0.19196926430809114, 0.0, 0.0, 0.0, 0.0, 0.0, 0.0, 0.0, 0.0, 0.0, 0.0 * 0.22763, 0.19197, 5.20279 *  * 0.00000 *   0
0.18926033745099213, 0.21387863044094746, 0.0, 0.0, 0.0, 0.0, 0.0, 0.0, 0.0, 0.0, 0.0, 0.0 * 0.18926, 0.21388, 5.21882 *  * 0.00000 *   0
0.18983826173723228, 0.20936010038976904, 0.0, 0.0, 0.0, 0.0, 0.0, 0.0, 0.0, 0.0, 0.0, 0.0 * 0.18984, 0.20936, 5.22283 *  * 0.00000 *   0
0.206705666088839, 0.22071448000355265, 0.0, 0.0, 0.0, 0.0, 0.0, 0.0, 0.0, 0.0, 0.0, 0.0 * 0.20671, 0.22071, 5.18772 *  * 0.00000 *   0
0.7196465596519279, 0.5762769307448852, 0.0, 0.0, 0.0, 0.0, 0.0, 0.0, 0.0, 0.0, 0.0, 0.0 * 0.71965, 0.57628, 4.79316 *  * 0.00000 *   0
0.6693026303560229, 0.33255344808153364, 0.0, 0.0, 0.0, 0.0, 0.0, 0.0, 0.0, 0.0, 0.0, 0.0 * 0.66930, 0.33255, 4.97907 *  * 0.00000 *   0
0.8167653843273098, 0.10795462582762794, 0.0, 0.0, 0.0, 0.0, 0.0, 0.0, 0.0, 0.0, 0.0, 0.0 * 0.81677, 0.10795, 4.17661 *  * 0.00000 *   0
0.04012615577308709, 0.15692794172644697, 0.0, 0.0, 0.0, 0.0, 0.0, 0.0, 0.0, 0.0, 0.0, 0.0 * 0.04013, 0.15693, 5.63186 *  * 0.00000 *   0
0.2773708923788418, 0.15007683998728427, 0.0, 0.0, 0.0, 0.0, 0.0, 0.0, 0.0, 0.0, 0.0, 0.0 * 0.27737, 0.15008, 5.28470 *  * 0.00000 *   0
0.2722660774475083, 0.13634495187073903, 0.0, 0.0, 0.0, 0.0, 0.0, 0.0, 0.0, 0.0, 0.0, 0.0 * 0.27227, 0.13634, 5.31238 *  * 0.00000 *   0
0.23408493774161987, 0.22506022580369933, 0.0, 0.0, 0.0, 0.0, 0.0, 0.0, 0.0, 0.0, 0.0, 0.0 * 0.23408, 0.22506, 5.16063 *  * 0.00000 *   0
0.23736406409411992, 0.2068315543700654, 0.0, 0.0, 0.0, 0.0, 0.0, 0.0, 0.0, 0.0, 0.0, 0.0 * 0.23736, 0.20683, 5.17702 *  * 0.00000 *   0
0.16174665179039682, 0.21469634939926652, 0.0, 0.0, 0.0, 0.0, 0.0, 0.0, 0.0, 0.0, 0.0, 0.0 * 0.16175, 0.21470, 5.26891 *  * 0.00000 *   0
0.20849902808084064, 0.23442141531037386, 0.0, 0.0, 0.0, 0.0, 0.0, 0.0, 0.0, 0.0, 0.0, 0.0 * 0.20850, 0.23442, 5.17635 *  * 0.00000 *   0
0.21815569827273962, 0.21377063379743177, 0.0, 0.0, 0.0, 0.0, 0.0, 0.0, 0.0, 0.0, 0.0, 0.0 * 0.21816, 0.21377, 5.18206 *  * 0.00000 *   0
0.19412063410519131, 0.20256057985264275, 0.0, 0.0, 0.0, 0.0, 0.0, 0.0, 0.0, 0.0, 0.0, 0.0 * 0.19412, 0.20256, 5.22458 *  * 0.00000 *   0
0.20556113438328238, 0.21767853566891726, 0.0, 0.0, 0.0, 0.0, 0.0, 0.0, 0.0, 0.0, 0.0, 0.0 * 0.20556, 0.21768, 5.19185 *  * 0.00000 *   0
0.8498898262097109, 0.38222545246840534, 0.0, 0.0, 0.0, 0.0, 0.0, 0.0, 0.0, 0.0, 0.0, 0.0 * 0.84989, 0.38223, 4.09828 *  * 0.00000 *   0
0.2979025895901317, 0.2349434905114054, 0.0, 0.0, 0.0, 0.0, 0.0, 0.0, 0.0, 0.0, 0.0, 0.0 * 0.29790, 0.23494, 5.18156 *  * 0.00000 *   0
0.29021999570363255, 0.09143717953021757, 0.0, 0.0, 0.0, 0.0, 0.0, 0.0, 0.0, 0.0, 0.0, 0.0 * 0.29022, 0.09144, 5.43423 *  * 0.00000 *   0
0.19886236613477115, 0.2428668077256555, 0.0, 0.0, 0.0, 0.0, 0.0, 0.0, 0.0, 0.0, 0.0, 0.0 * 0.19886, 0.24287, 5.18561 *  * 0.00000 *   0
0.21396962879282122, 0.14515824913173692, 0.0, 0.0, 0.0, 0.0, 0.0, 0.0, 0.0, 0.0, 0.0, 0.0 * 0.21397, 0.14516, 5.30563 *  * 0.00000 *   0
0.17619148572352938, 0.1614376007982533, 0.0, 0.0, 0.0, 0.0, 0.0, 0.0, 0.0, 0.0, 0.0, 0.0 * 0.17619, 0.16144, 5.32565 *  * 0.00000 *   0
0.23760681772159664, 0.1841724874110946, 0.0, 0.0, 0.0, 0.0, 0.0, 0.0, 0.0, 0.0, 0.0, 0.0 * 0.23761, 0.18417, 5.21010 *  * 0.00000 *   0
0.18856760726212518, 0.16763177258912476, 0.0, 0.0, 0.0, 0.0, 0.0, 0.0, 0.0, 0.0, 0.0, 0.0 * 0.18857, 0.16763, 5.29161 *  * 0.00000 *   0
0.2201061922585308, 0.1890403040392863, 0.0, 0.0, 0.0, 0.0, 0.0, 0.0, 0.0, 0.0, 0.0, 0.0 * 0.22011, 0.18904, 5.21323 *  * 0.00000 *   0
0.20197134070263634, 0.19349362626608324, 0.0, 0.0, 0.0, 0.0, 0.0, 0.0, 0.0, 0.0, 0.0, 0.0 * 0.20197, 0.19349, 5.22630 *  * 0.00000 *   0
0.22384625978753803, 0.1778097345902493, 0.0, 0.0, 0.0, 0.0, 0.0, 0.0, 0.0, 0.0, 0.0, 0.0 * 0.22385, 0.17781, 5.22939 *  * 0.00000 *   0
0.45876878931143683, 0.01377567589811246, 0.0, 0.0, 0.0, 0.0, 0.0, 0.0, 0.0, 0.0, 0.0, 0.0 * 0.45877, 0.01378, 5.95024 *  * 0.00000 *   0
0.10071587524736636, 0.3600574816880313, 0.0, 0.0, 0.0, 0.0, 0.0, 0.0, 0.0, 0.0, 0.0, 0.0 * 0.10072, 0.36006, 5.54708 *  * 0.00000 *   0
0.14158137443162266, 0.3399226093605978, 0.0, 0.0, 0.0, 0.0, 0.0, 0.0, 0.0, 0.0, 0.0, 0.0 * 0.14158, 0.33992, 5.40195 *  * 0.00000 *   0
0.33379223528583835, 0.21382104010548297, 0.0, 0.0, 0.0, 0.0, 0.0, 0.0, 0.0, 0.0, 0.0, 0.0 * 0.33379, 0.21382, 5.26078 *  * 0.00000 *   0
0.2090795534364327, 0.1363997227991407, 0.0, 0.0, 0.0, 0.0, 0.0, 0.0, 0.0, 0.0, 0.0, 0.0 * 0.20908, 0.13640, 5.33104 *  * 0.00000 *   0
0.1670141717235627, 0.16147316256958366, 0.0, 0.0, 0.0, 0.0, 0.0, 0.0, 0.0, 0.0, 0.0, 0.0 * 0.16701, 0.16147, 5.34322 *  * 0.00000 *   0
0.1864228789573794, 0.2571954571548253, 0.0, 0.0, 0.0, 0.0, 0.0, 0.0, 0.0, 0.0, 0.0, 0.0 * 0.18642, 0.25720, 5.20406 *  * 0.00000 *   0
0.24246649160089895, 0.16306559683868926, 0.0, 0.0, 0.0, 0.0, 0.0, 0.0, 0.0, 0.0, 0.0, 0.0 * 0.24247, 0.16307, 5.24832 *  * 0.00000 *   0
0.2025053475205456, 0.19377093362488873, 0.0, 0.0, 0.0, 0.0, 0.0, 0.0, 0.0, 0.0, 0.0, 0.0 * 0.20251, 0.19377, 5.22518 *  * 0.00000 *   0
0.5294906223053016, 0.33906467795570894, 0.0, 0.0, 0.0, 0.0, 0.0, 0.0, 0.0, 0.0, 0.0, 0.0 * 0.52949, 0.33906, 5.65892 *  * 0.00000 *   0
0.08217863911023304, 0.31987159231176654, 0.0, 0.0, 0.0, 0.0, 0.0, 0.0, 0.0, 0.0, 0.0, 0.0 * 0.08218, 0.31987, 5.50000 *  * 0.00000 *   0
0.25982305352146295, 0.08908443915241426, 0.0, 0.0, 0.0, 0.0, 0.0, 0.0, 0.0, 0.0, 0.0, 0.0 * 0.25982, 0.08908, 5.41883 *  * 0.00000 *   0
0.23317769483536432, 0.1684201106448735, 0.0, 0.0, 0.0, 0.0, 0.0, 0.0, 0.0, 0.0, 0.0, 0.0 * 0.23318, 0.16842, 5.24116 *  * 0.00000 *   0
0.14581307234227237, 0.2195077287381657, 0.0, 0.0, 0.0, 0.0, 0.0, 0.0, 0.0, 0.0, 0.0, 0.0 * 0.14581, 0.21951, 5.29883 *  * 0.00000 *   0
0.1811471950024075, 0.208622581888516, 0.0, 0.0, 0.0, 0.0, 0.0, 0.0, 0.0, 0.0, 0.0, 0.0 * 0.18115, 0.20862, 5.23824 *  * 0.00000 *   0
0.20855794329275756, 0.1978714983891655, 0.0, 0.0, 0.0, 0.0, 0.0, 0.0, 0.0, 0.0, 0.0, 0.0 * 0.20856, 0.19787, 5.21168 *  * 0.00000 *   0
0.1872963003552648, 0.2064918556807379, 0.0, 0.0, 0.0, 0.0, 0.0, 0.0, 0.0, 0.0, 0.0, 0.0 * 0.18730, 0.20649, 5.23033 *  * 0.00000 *   0
0.24965703231251712, 0.43778238987825824, 0.0, 0.0, 0.0, 0.0, 0.0, 0.0, 0.0, 0.0, 0.0, 0.0 * 0.24966, 0.43778, 5.50011 *  * 0.00000 *   0
0.35850639612877067, 0.07384183257299537, 0.0, 0.0, 0.0, 0.0, 0.0, 0.0, 0.0, 0.0, 0.0, 0.0 * 0.35851, 0.07384, 5.60457 *  * 0.00000 *   0
0.033643582322240184, 0.2589684834159076, 0.0, 0.0, 0.0, 0.0, 0.0, 0.0, 0.0, 0.0, 0.0, 0.0 * 0.03364, 0.25897, 5.52989 *  * 0.00000 *   0
0.3195739022123877, 0.13547167548218952, 0.0, 0.0, 0.0, 0.0, 0.0, 0.0, 0.0, 0.0, 0.0, 0.0 * 0.31957, 0.13547, 5.37397 *  * 0.00000 *   0
0.21451172156208742, 0.0913315670868885, 0.0, 0.0, 0.0, 0.0, 0.0, 0.0, 0.0, 0.0, 0.0, 0.0 * 0.21451, 0.09133, 5.43183 *  * 0.00000 *   0
0.1609480228835506, 0.19159360340362352, 0.0, 0.0, 0.0, 0.0, 0.0, 0.0, 0.0, 0.0, 0.0, 0.0 * 0.16095, 0.19159, 5.30041 *  * 0.00000 *   0
0.20329359887847376, 0.19979932619030472, 0.0, 0.0, 0.0, 0.0, 0.0, 0.0, 0.0, 0.0, 0.0, 0.0 * 0.20329, 0.19980, 5.21547 *  * 0.00000 *   0
0.16188130416866153, 0.19250057708917012, 0.0, 0.0, 0.0, 0.0, 0.0, 0.0, 0.0, 0.0, 0.0, 0.0 * 0.16188, 0.19250, 5.29708 *  * 0.00000 *   0
0.20905539881970725, 0.2091472060741365, 0.0, 0.0, 0.0, 0.0, 0.0, 0.0, 0.0, 0.0, 0.0, 0.0 * 0.20906, 0.20915, 5.19660 *  * 0.00000 *   0
0.20098177402841833, 0.16726991128545865, 0.0, 0.0, 0.0, 0.0, 0.0, 0.0, 0.0, 0.0, 0.0, 0.0 * 0.20098, 0.16727, 5.27392 *  * 0.00000 *   0
0.9645418912066114, 0.08594328400300943, 0.0, 0.0, 0.0, 0.0, 0.0, 0.0, 0.0, 0.0, 0.0, 0.0 * 0.96454, 0.08594, 4.57090 *  * 0.00000 *   0
0.9356006323358099, 0.11721853962271567, 0.0, 0.0, 0.0, 0.0, 0.0, 0.0, 0.0, 0.0, 0.0, 0.0 * 0.93560, 0.11722, 4.30883 *  * 0.00000 *   0
0.3283199060175579, 0.2542999768121308, 0.0, 0.0, 0.0, 0.0, 0.0, 0.0, 0.0, 0.0, 0.0, 0.0 * 0.32832, 0.25430, 5.22949 *  * 0.00000 *   0
0.08730607158325288, 0.26531947332882466, 0.0, 0.0, 0.0, 0.0, 0.0, 0.0, 0.0, 0.0, 0.0, 0.0 * 0.08731, 0.26532, 5.42471 *  * 0.00000 *   0
0.23112330984549845, 0.2882879114681165, 0.0, 0.0, 0.0, 0.0, 0.0, 0.0, 0.0, 0.0, 0.0, 0.0 * 0.23112, 0.28829, 5.17207 *  * 0.00000 *   0
0.1479756110026037, 0.2937094110608359, 0.0, 0.0, 0.0, 0.0, 0.0, 0.0, 0.0, 0.0, 0.0, 0.0 * 0.14798, 0.29371, 5.30548 *  * 0.00000 *   0
0.16357563075434944, 0.25483590980978077, 0.0, 0.0, 0.0, 0.0, 0.0, 0.0, 0.0, 0.0, 0.0, 0.0 * 0.16358, 0.25484, 5.24628 *  * 0.00000 *   0
0.13894148371520654, 0.21738430602344838, 0.0, 0.0, 0.0, 0.0, 0.0, 0.0, 0.0, 0.0, 0.0, 0.0 * 0.13894, 0.21738, 5.31643 *  * 0.00000 *   0
0.18367212126572863, 0.21123152459084782, 0.0, 0.0, 0.0, 0.0, 0.0, 0.0, 0.0, 0.0, 0.0, 0.0 * 0.18367, 0.21123, 5.23091 *  * 0.00000 *   0
0.21539013487560754, 0.20514141512107797, 0.0, 0.0, 0.0, 0.0, 0.0, 0.0, 0.0, 0.0, 0.0, 0.0 * 0.21539, 0.20514, 5.19459 *  * 0.00000 *   0
0.21910282159001193, 0.18580372077259122, 0.0, 0.0, 0.0, 0.0, 0.0, 0.0, 0.0, 0.0, 0.0, 0.0 * 0.21910, 0.18580, 5.21942 *  * 0.00000 *   0
0.6186501348117279, 0.510189450308816, 0.0, 0.0, 0.0, 0.0, 0.0, 0.0, 0.0, 0.0, 0.0, 0.0 * 0.61865, 0.51019, 5.64951 *  * 0.00000 *   0
0.8170006316627918, 0.7316663691544315, 0.0, 0.0, 0.0, 0.0, 0.0, 0.0, 0.0, 0.0, 0.0, 0.0 * 0.81700, 0.73167, 3.22328 *  * 0.00000 *   0
0.7183892552303788, 0.1578225030243917, 0.0, 0.0, 0.0, 0.0, 0.0, 0.0, 0.0, 0.0, 0.0, 0.0 * 0.71839, 0.15782, 4.63002 *  * 0.00000 *   0
0.3871944908921777, 0.8023437073709722, 0.0, 0.0, 0.0, 0.0, 0.0, 0.0, 0.0, 0.0, 0.0, 0.0 * 0.38719, 0.80234, 4.23032 *  * 0.00000 *   0
0.23252298943224048, 0.7583619795250383, 0.0, 0.0, 0.0, 0.0, 0.0, 0.0, 0.0, 0.0, 0.0, 0.0 * 0.23252, 0.75836, 4.24317 *  * 0.00000 *   0
0.10596307411664696, 0.11326722482370777, 0.0, 0.0, 0.0, 0.0, 0.0, 0.0, 0.0, 0.0, 0.0, 0.0 * 0.10596, 0.11327, 5.59246 *  * 0.00000 *   0
0.03042029202532459, 0.24033239355908853, 0.0, 0.0, 0.0, 0.0, 0.0, 0.0, 0.0, 0.0, 0.0, 0.0 * 0.03042, 0.24033, 5.53595 *  * 0.00000 *   0
0.20502368271497073, 0.25985068603795847, 0.0, 0.0, 0.0, 0.0, 0.0, 0.0, 0.0, 0.0, 0.0, 0.0 * 0.20502, 0.25985, 5.17744 *  * 0.00000 *   0
0.19374210533170322, 0.2558627482880822, 0.0, 0.0, 0.0, 0.0, 0.0, 0.0, 0.0, 0.0, 0.0, 0.0 * 0.19374, 0.25586, 5.19227 *  * 0.00000 *   0
0.25239290450310115, 0.16128218976029185, 0.0, 0.0, 0.0, 0.0, 0.0, 0.0, 0.0, 0.0, 0.0, 0.0 * 0.25239, 0.16128, 5.25085 *  * 0.00000 *   0
0.24243854601868498, 0.18259336849029406, 0.0, 0.0, 0.0, 0.0, 0.0, 0.0, 0.0, 0.0, 0.0, 0.0 * 0.24244, 0.18259, 5.21123 *  * 0.00000 *   0
0.17206469418719605, 0.1845279489399274, 0.0, 0.0, 0.0, 0.0, 0.0, 0.0, 0.0, 0.0, 0.0, 0.0 * 0.17206, 0.18453, 5.28965 *  * 0.00000 *   0
0.19941742503006799, 0.18750298886158057, 0.0, 0.0, 0.0, 0.0, 0.0, 0.0, 0.0, 0.0, 0.0, 0.0 * 0.19942, 0.18750, 5.23919 *  * 0.00000 *   0
0.19683365207517967, 0.1807797602420146, 0.0, 0.0, 0.0, 0.0, 0.0, 0.0, 0.0, 0.0, 0.0, 0.0 * 0.19683, 0.18078, 5.25427 *  * 0.00000 *   0
0.19483563238135715, 0.19687876965597972, 0.0, 0.0, 0.0, 0.0, 0.0, 0.0, 0.0, 0.0, 0.0, 0.0 * 0.19484, 0.19688, 5.23132 *  * 0.00000 *   0
