0.1969183078952685, 0.0190770733259046, 0.0, 0.0, 0.0, 0.0, 0.0, 0.0, 0.0, 0.0, 0.0, 0.0 * 0.6735483627540225, 0.6735483627540224, 0.3044096024483322 *   0
0.1610606360067896, 0.5977699498635577, 0.0000000000000000, 0.0000000000000000, 0.0000000000000000, 0.0000000000000000, 0.0000000000000000, 0.0000000000000000, 0.0000000000000000, 0.0000000000000000, 0.0000000000000000, 0.0000000000000000 * 0.6845977967900427, 0.6845977967900426, 0.2503032426087185 *   0
0.8158841323277519, 0.6375542038231521, 0.0, 0.0, 0.0, 0.0, 0.0, 0.0, 0.0, 0.0, 0.0, 0.0 * 0.20166, 0.20166, 0.95847 *  * 0.00000 *   0
0.5892441727088, 0.8761966159464025, 0.0, 0.0, 0.0, 0.0, 0.0, 0.0, 0.0, 0.0, 0.0, 0.0 * 0.42523, 0.42523, 0.79897 *  * 0.00000 *   0
0.805204995018299, 0.8664119827435061, 0.0, 0.0, 0.0, 0.0, 0.0, 0.0, 0.0, 0.0, 0.0, 0.0 * 0.21300, 0.21300, 0.95355 *  * 0.00000 *   0
0.9911557906488235, 0.8622175298915911, 0.0, 0.0, 0.0, 0.0, 0.0, 0.0, 0.0, 0.0, 0.0, 0.0 * 0.00982, 0.00982, 0.99990 *  * 0.00000 *   0
0.25715628069655716, 0.4343803306305647, 0.0, 0.0, 0.0, 0.0, 0.0, 0.0, 0.0, 0.0, 0.0, 0.0 * 0.65020, 0.65020, 0.39304 *  * 0.00000 *   0
0.6695022149322404, 0.02293802264839595, 0.0, 0.0, 0.0, 0.0, 0.0, 0.0, 0.0, 0.0, 0.0, 0.0 * 0.35082, 0.35082, 0.86824 *  * 0.00000 *   0
0.03444748893557248, 0.5561257934182272, 0.0, 0.0, 0.0, 0.0, 0.0, 0.0, 0.0, 0.0, 0.0, 0.0 * 0.70607, 0.70607, 0.05408 *  * 0.00000 *   0
0.5920821715879137, 0.635709641437895, 0.0, 0.0, 0.0, 0.0, 0.0, 0.0, 0.0, 0.0, 0.0, 0.0 * 0.42271, 0.42271, 0.80164 *  * 0.00000 *   0
0.12036695701334532, 0.7887258910201177, 0.0, 0.0, 0.0, 0.0, 0.0, 0.0, 0.0, 0.0, 0.0, 0.0 * 0.69451, 0.69451, 0.18795 *  * 0.00000 *   0
0.9493238994070596, 0.28562693828160923, 0.0, 0.0, 0.0, 0.0, 0.0, 0.0, 0.0, 0.0, 0.0, 0.0 * 0.05623, 0.05623, 0.99683 *  * 0.00000 *   0
0.3853833040912076, 0.02483325068285991, 0.0, 0.0, 0.0, 0.0, 0.0, 0.0, 0.0, 0.0, 0.0, 0.0 * 0.58145, 0.58145, 0.56906 *  * 0.00000 *   0
0.04588682695226842, 0.9836916573714872, 0.0, 0.0, 0.0, 0.0, 0.0, 0.0, 0.0, 0.0, 0.0, 0.0 * 0.70527, 0.70527, 0.07202 *  * 0.00000 *   0
0.6037470430302637, 0.7358397291634816, 0.0, 0.0, 0.0, 0.0, 0.0, 0.0, 0.0, 0.0, 0.0, 0.0 * 0.41225, 0.41225, 0.81246 *  * 0.00000 *   0
0.44226298507091366, 0.534976702647762, 0.0, 0.0, 0.0, 0.0, 0.0, 0.0, 0.0, 0.0, 0.0, 0.0 * 0.54323, 0.54323, 0.64016 *  * 0.00000 *   0
0.7200921512296378, 0.4650403300158529, 0.0, 0.0, 0.0, 0.0, 0.0, 0.0, 0.0, 0.0, 0.0, 0.0 * 0.30098, 0.30098, 0.90489 *  * 0.00000 *   0
0.346378661552432, 0.15679024321254942, 0.0, 0.0, 0.0, 0.0, 0.0, 0.0, 0.0, 0.0, 0.0, 0.0 * 0.60500, 0.60500, 0.51764 *  * 0.00000 *   0
0.3660376451900115, 0.5707973928233154, 0.0, 0.0, 0.0, 0.0, 0.0, 0.0, 0.0, 0.0, 0.0, 0.0 * 0.59341, 0.59341, 0.54381 *  * 0.00000 *   0
0.25519595520276395, 0.3468398075675747, 0.0, 0.0, 0.0, 0.0, 0.0, 0.0, 0.0, 0.0, 0.0, 0.0 * 0.65105, 0.65105, 0.39021 *  * 0.00000 *   0
0.6267890693954848, 0.2197046222438297, 0.0, 0.0, 0.0, 0.0, 0.0, 0.0, 0.0, 0.0, 0.0, 0.0 * 0.39119, 0.39119, 0.83303 *  * 0.00000 *   0
0.8463142889406016, 0.0013962772690619962, 0.0, 0.0, 0.0, 0.0, 0.0, 0.0, 0.0, 0.0, 0.0, 0.0 * 0.16905, 0.16905, 0.97100 *  * 0.00000 *   0
0.05774013793233934, 0.6297510909780895, 0.0, 0.0, 0.0, 0.0, 0.0, 0.0, 0.0, 0.0, 0.0, 0.0 * 0.70420, 0.70420, 0.09057 *  * 0.00000 *   0
0.11957204582821623, 0.7834579737148809, 0.0, 0.0, 0.0, 0.0, 0.0, 0.0, 0.0, 0.0, 0.0, 0.0 * 0.69467, 0.69467, 0.18672 *  * 0.00000 *   0
0.9510742755249628, 0.5634854103757004, 0.0, 0.0, 0.0, 0.0, 0.0, 0.0, 0.0, 0.0, 0.0, 0.0 * 0.05429, 0.05429, 0.99705 *  * 0.00000 *   0
0.788648074717126, 0.7409147337558215, 0.0, 0.0, 0.0, 0.0, 0.0, 0.0, 0.0, 0.0, 0.0, 0.0 * 0.23046, 0.23046, 0.94540 *  * 0.00000 *   0
0.8523661622970652, 0.07117966634806938, 0.0, 0.0, 0.0, 0.0, 0.0, 0.0, 0.0, 0.0, 0.0, 0.0 * 0.16251, 0.16251, 0.97323 *  * 0.00000 *   0
0.9226632741248589, 0.174711989032161, 0.0, 0.0, 0.0, 0.0, 0.0, 0.0, 0.0, 0.0, 0.0, 0.0 * 0.08569, 0.08569, 0.99263 *  * 0.00000 *   0
0.3271832822581836, 0.4839936123263241, 0.0, 0.0, 0.0, 0.0, 0.0, 0.0, 0.0, 0.0, 0.0, 0.0 * 0.61576, 0.61576, 0.49161 *  * 0.00000 *   0
0.8377821649358456, 0.7570147894308746, 0.0, 0.0, 0.0, 0.0, 0.0, 0.0, 0.0, 0.0, 0.0, 0.0 * 0.17824, 0.17824, 0.96771 *  * 0.00000 *   0
0.977687564922446, 0.6571386424271062, 0.0, 0.0, 0.0, 0.0, 0.0, 0.0, 0.0, 0.0, 0.0, 0.0 * 0.02478, 0.02478, 0.99939 *  * 0.00000 *   0
0.23881439232179602, 0.8993718898727827, 0.0, 0.0, 0.0, 0.0, 0.0, 0.0, 0.0, 0.0, 0.0, 0.0 * 0.65793, 0.65793, 0.36639 *  * 0.00000 *   0
0.7092368369375287, 0.46304185775062057, 0.0, 0.0, 0.0, 0.0, 0.0, 0.0, 0.0, 0.0, 0.0, 0.0 * 0.31184, 0.31184, 0.89750 *  * 0.00000 *   0
0.6108164102013013, 0.37087978122034193, 0.0, 0.0, 0.0, 0.0, 0.0, 0.0, 0.0, 0.0, 0.0, 0.0 * 0.40585, 0.40585, 0.81889 *  * 0.00000 *   0
0.24698648605516127, 0.5345101811074594, 0.0, 0.0, 0.0, 0.0, 0.0, 0.0, 0.0, 0.0, 0.0, 0.0 * 0.65456, 0.65456, 0.37831 *  * 0.00000 *   0
0.8606929161049851, 0.1663467994165343, 0.0, 0.0, 0.0, 0.0, 0.0, 0.0, 0.0, 0.0, 0.0, 0.0 * 0.15350, 0.15350, 0.97615 *  * 0.00000 *   0
0.9024909500129874, 0.2578943860637488, 0.0, 0.0, 0.0, 0.0, 0.0, 0.0, 0.0, 0.0, 0.0, 0.0 * 0.10788, 0.10788, 0.98829 *  * 0.00000 *   0
0.20879845367871863, 0.6244571638432398, 0.0, 0.0, 0.0, 0.0, 0.0, 0.0, 0.0, 0.0, 0.0, 0.0 * 0.66941, 0.66941, 0.32213 *  * 0.00000 *   0
0.5903053283510059, 0.016253129711586434, 0.0, 0.0, 0.0, 0.0, 0.0, 0.0, 0.0, 0.0, 0.0, 0.0 * 0.42429, 0.42429, 0.79997 *  * 0.00000 *   0
0.33053906361560925, 0.7959350343060598, 0.0, 0.0, 0.0, 0.0, 0.0, 0.0, 0.0, 0.0, 0.0, 0.0 * 0.61392, 0.61392, 0.49619 *  * 0.00000 *   0
0.09458689364517292, 0.6825171232752193, 0.0, 0.0, 0.0, 0.0, 0.0, 0.0, 0.0, 0.0, 0.0, 0.0 * 0.69932, 0.69932, 0.14803 *  * 0.00000 *   0
0.7479737147958622, 0.061708586645593644, 0.0, 0.0, 0.0, 0.0, 0.0, 0.0, 0.0, 0.0, 0.0, 0.0 * 0.27268, 0.27268, 0.92266 *  * 0.00000 *   0
0.5856967256755848, 0.3626530084192886, 0.0, 0.0, 0.0, 0.0, 0.0, 0.0, 0.0, 0.0, 0.0, 0.0 * 0.42837, 0.42837, 0.79561 *  * 0.00000 *   0
0.4714159179658659, 0.0010740622716813863, 0.0, 0.0, 0.0, 0.0, 0.0, 0.0, 0.0, 0.0, 0.0, 0.0 * 0.52194, 0.52194, 0.67466 *  * 0.00000 *   0
0.3868011705060165, 0.3888276247125556, 0.0, 0.0, 0.0, 0.0, 0.0, 0.0, 0.0, 0.0, 0.0, 0.0 * 0.58055, 0.58055, 0.57089 *  * 0.00000 *   0
0.8910353133402462, 0.5098598661264215, 0.0, 0.0, 0.0, 0.0, 0.0, 0.0, 0.0, 0.0, 0.0, 0.0 * 0.12044, 0.12044, 0.98539 *  * 0.00000 *   0
0.990473541707329, 0.5625719380902108, 0.0, 0.0, 0.0, 0.0, 0.0, 0.0, 0.0, 0.0, 0.0, 0.0 * 0.01058, 0.01058, 0.99989 *  * 0.00000 *   0
0.9184592023245652, 0.16859054916318938, 0.0, 0.0, 0.0, 0.0, 0.0, 0.0, 0.0, 0.0, 0.0, 0.0 * 0.09032, 0.09032, 0.99181 *  * 0.00000 *   0
0.3252955719864279, 0.6479451369542457, 0.0, 0.0, 0.0, 0.0, 0.0, 0.0, 0.0, 0.0, 0.0, 0.0 * 0.61679, 0.61679, 0.48903 *  * 0.00000 *   0
0.3783741425679561, 0.8606509733648795, 0.0, 0.0, 0.0, 0.0, 0.0, 0.0, 0.0, 0.0, 0.0, 0.0 * 0.58585, 0.58585, 0.55997 *  * 0.00000 *   0
0.2724589728486394, 0.11469874690027693, 0.0, 0.0, 0.0, 0.0, 0.0, 0.0, 0.0, 0.0, 0.0, 0.0 * 0.64333, 0.64333, 0.41503 *  * 0.00000 *   0
0.6501274424329193, 0.6404502718711822, 0.0, 0.0, 0.0, 0.0, 0.0, 0.0, 0.0, 0.0, 0.0, 0.0 * 0.36934, 0.36934, 0.85274 *  * 0.00000 *   0
0.43236708739234453, 0.13144057035572598, 0.0, 0.0, 0.0, 0.0, 0.0, 0.0, 0.0, 0.0, 0.0, 0.0 * 0.55020, 0.55020, 0.62814 *  * 0.00000 *   0
0.5593288529055043, 0.8515860214474068, 0.0, 0.0, 0.0, 0.0, 0.0, 0.0, 0.0, 0.0, 0.0, 0.0 * 0.45130, 0.45130, 0.76984 *  * 0.00000 *   0
0.14123639781729158, 0.8087988981641901, 0.0, 0.0, 0.0, 0.0, 0.0, 0.0, 0.0, 0.0, 0.0, 0.0 * 0.68978, 0.68978, 0.22004 *  * 0.00000 *   0
0.5194519354052362, 0.4950081951611778, 0.0, 0.0, 0.0, 0.0, 0.0, 0.0, 0.0, 0.0, 0.0, 0.0 * 0.48449, 0.48449, 0.72838 *  * 0.00000 *   0
0.7376980366581986, 0.6925864715753651, 0.0, 0.0, 0.0, 0.0, 0.0, 0.0, 0.0, 0.0, 0.0, 0.0 * 0.28317, 0.28317, 0.91631 *  * 0.00000 *   0
0.9234358505528453, 0.8471832975983548, 0.0, 0.0, 0.0, 0.0, 0.0, 0.0, 0.0, 0.0, 0.0, 0.0 * 0.08484, 0.08484, 0.99278 *  * 0.00000 *   0
0.0793994805575805, 0.5069645671695452, 0.0, 0.0, 0.0, 0.0, 0.0, 0.0, 0.0, 0.0, 0.0, 0.0 * 0.70161, 0.70161, 0.12440 *  * 0.00000 *   0
0.7852867185296131, 0.3282583994961149, 0.0, 0.0, 0.0, 0.0, 0.0, 0.0, 0.0, 0.0, 0.0, 0.0 * 0.23399, 0.23399, 0.94366 *  * 0.00000 *   0
0.30960593483948196, 0.14760707060625466, 0.0, 0.0, 0.0, 0.0, 0.0, 0.0, 0.0, 0.0, 0.0, 0.0 * 0.62512, 0.62512, 0.46738 *  * 0.00000 *   0
0.6316792960863927, 0.6202252506071319, 0.0, 0.0, 0.0, 0.0, 0.0, 0.0, 0.0, 0.0, 0.0, 0.0 * 0.38666, 0.38666, 0.83725 *  * 0.00000 *   0
0.873802109238691, 0.9248645242958453, 0.0, 0.0, 0.0, 0.0, 0.0, 0.0, 0.0, 0.0, 0.0, 0.0 * 0.13925, 0.13925, 0.98042 *  * 0.00000 *   0
0.6435585380686308, 0.03508420257394873, 0.0, 0.0, 0.0, 0.0, 0.0, 0.0, 0.0, 0.0, 0.0, 0.0 * 0.37554, 0.37554, 0.84731 *  * 0.00000 *   0
0.7862935801227299, 0.05692822349986981, 0.0, 0.0, 0.0, 0.0, 0.0, 0.0, 0.0, 0.0, 0.0, 0.0 * 0.23294, 0.23294, 0.94418 *  * 0.00000 *   0
0.04774110306203494, 0.13300846335418826, 0.0, 0.0, 0.0, 0.0, 0.0, 0.0, 0.0, 0.0, 0.0, 0.0 * 0.70512, 0.70512, 0.07492 *  * 0.00000 *   0
0.14680845446235968, 0.41299422674977593, 0.0, 0.0, 0.0, 0.0, 0.0, 0.0, 0.0, 0.0, 0.0, 0.0 * 0.68839, 0.68839, 0.22857 *  * 0.00000 *   0
0.7585169819728202, 0.5905080126443454, 0.0, 0.0, 0.0, 0.0, 0.0, 0.0, 0.0, 0.0, 0.0, 0.0 * 0.26183, 0.26183, 0.92892 *  * 0.00000 *   0
0.9070989779227311, 0.5064274742990215, 0.0, 0.0, 0.0, 0.0, 0.0, 0.0, 0.0, 0.0, 0.0, 0.0 * 0.10282, 0.10282, 0.98937 *  * 0.00000 *   0
0.26925095151931266, 0.31859371474396636, 0.0, 0.0, 0.0, 0.0, 0.0, 0.0, 0.0, 0.0, 0.0, 0.0 * 0.64480, 0.64480, 0.41044 *  * 0.00000 *   0
0.8875429529647292, 0.7379258059923498, 0.0, 0.0, 0.0, 0.0, 0.0, 0.0, 0.0, 0.0, 0.0, 0.0 * 0.12426, 0.12426, 0.98444 *  * 0.00000 *   0
0.7939842847685827, 0.8309414351451168, 0.0, 0.0, 0.0, 0.0, 0.0, 0.0, 0.0, 0.0, 0.0, 0.0 * 0.22485, 0.22485, 0.94809 *  * 0.00000 *   0
0.043745428892510874, 0.8886840275638398, 0.0, 0.0, 0.0, 0.0, 0.0, 0.0, 0.0, 0.0, 0.0, 0.0 * 0.70544, 0.70544, 0.06866 *  * 0.00000 *   0
0.6590362269797901, 0.8620559522308852, 0.0, 0.0, 0.0, 0.0, 0.0, 0.0, 0.0, 0.0, 0.0, 0.0 * 0.36087, 0.36087, 0.85997 *  * 0.00000 *   0
0.9831402466147199, 0.8635580104625687, 0.0, 0.0, 0.0, 0.0, 0.0, 0.0, 0.0, 0.0, 0.0, 0.0 * 0.01872, 0.01872, 0.99965 *  * 0.00000 *   0
0.9446055496786248, 0.2354352154258822, 0.0, 0.0, 0.0, 0.0, 0.0, 0.0, 0.0, 0.0, 0.0, 0.0 * 0.06145, 0.06145, 0.99622 *  * 0.00000 *   0
0.7315915275263477, 0.6842287357989196, 0.0, 0.0, 0.0, 0.0, 0.0, 0.0, 0.0, 0.0, 0.0, 0.0 * 0.28937, 0.28937, 0.91243 *  * 0.00000 *   0
0.3763721382593608, 0.9817342345430021, 0.0, 0.0, 0.0, 0.0, 0.0, 0.0, 0.0, 0.0, 0.0, 0.0 * 0.58709, 0.58709, 0.55736 *  * 0.00000 *   0
0.7499953002263354, 0.7323663122138583, 0.0, 0.0, 0.0, 0.0, 0.0, 0.0, 0.0, 0.0, 0.0, 0.0 * 0.27060, 0.27060, 0.92388 *  * 0.00000 *   0
0.46709855350987806, 0.7069292708786973, 0.0, 0.0, 0.0, 0.0, 0.0, 0.0, 0.0, 0.0, 0.0, 0.0 * 0.52516, 0.52516, 0.66963 *  * 0.00000 *   0
0.20088104155349906, 0.24279411668278805, 0.0, 0.0, 0.0, 0.0, 0.0, 0.0, 0.0, 0.0, 0.0, 0.0 * 0.67220, 0.67220, 0.31033 *  * 0.00000 *   0
0.9082315968619741, 0.2104818234172866, 0.0, 0.0, 0.0, 0.0, 0.0, 0.0, 0.0, 0.0, 0.0, 0.0 * 0.10158, 0.10158, 0.98963 *  * 0.00000 *   0
0.46501325115006686, 0.04665280493424617, 0.0, 0.0, 0.0, 0.0, 0.0, 0.0, 0.0, 0.0, 0.0, 0.0 * 0.52671, 0.52671, 0.66720 *  * 0.00000 *   0
0.2115038495646442, 0.3535026932663603, 0.0, 0.0, 0.0, 0.0, 0.0, 0.0, 0.0, 0.0, 0.0, 0.0 * 0.66844, 0.66844, 0.32615 *  * 0.00000 *   0
0.9079930297505078, 0.564564370297372, 0.0, 0.0, 0.0, 0.0, 0.0, 0.0, 0.0, 0.0, 0.0, 0.0 * 0.10184, 0.10184, 0.98957 *  * 0.00000 *   0
0.6005352900884574, 0.17691611142211994, 0.0, 0.0, 0.0, 0.0, 0.0, 0.0, 0.0, 0.0, 0.0, 0.0 * 0.41515, 0.41515, 0.80951 *  * 0.00000 *   0
0.8968595568875211, 0.04979623607699046, 0.0, 0.0, 0.0, 0.0, 0.0, 0.0, 0.0, 0.0, 0.0, 0.0 * 0.11406, 0.11406, 0.98690 *  * 0.00000 *   0
0.15243478114477216, 0.2696237212483962, 0.0, 0.0, 0.0, 0.0, 0.0, 0.0, 0.0, 0.0, 0.0, 0.0 * 0.68693, 0.68693, 0.23716 *  * 0.00000 *   0
0.06669179584073448, 0.08142530695049899, 0.0, 0.0, 0.0, 0.0, 0.0, 0.0, 0.0, 0.0, 0.0, 0.0 * 0.70323, 0.70323, 0.10457 *  * 0.00000 *   0
0.18940164983720975, 0.38666866898908614, 0.0, 0.0, 0.0, 0.0, 0.0, 0.0, 0.0, 0.0, 0.0, 0.0 * 0.67604, 0.67604, 0.29314 *  * 0.00000 *   0
0.8372099042874692, 0.3075020240900479, 0.0, 0.0, 0.0, 0.0, 0.0, 0.0, 0.0, 0.0, 0.0, 0.0 * 0.17885, 0.17885, 0.96748 *  * 0.00000 *   0
0.9203273460442235, 0.31739971290704094, 0.0, 0.0, 0.0, 0.0, 0.0, 0.0, 0.0, 0.0, 0.0, 0.0 * 0.08826, 0.08826, 0.99218 *  * 0.00000 *   0
0.17937690199853473, 0.438214424010009, 0.0, 0.0, 0.0, 0.0, 0.0, 0.0, 0.0, 0.0, 0.0, 0.0 * 0.67922, 0.67922, 0.27805 *  * 0.00000 *   0
0.3323968512072182, 0.003635231840116715, 0.0, 0.0, 0.0, 0.0, 0.0, 0.0, 0.0, 0.0, 0.0, 0.0 * 0.61289, 0.61289, 0.49873 *  * 0.00000 *   0
0.6320002081488636, 0.4890522458432187, 0.0, 0.0, 0.0, 0.0, 0.0, 0.0, 0.0, 0.0, 0.0, 0.0 * 0.38636, 0.38636, 0.83753 *  * 0.00000 *   0
0.33269038886718394, 0.9078272821859982, 0.0, 0.0, 0.0, 0.0, 0.0, 0.0, 0.0, 0.0, 0.0, 0.0 * 0.61273, 0.61273, 0.49913 *  * 0.00000 *   0
0.5683331823534364, 0.2739708933309002, 0.0, 0.0, 0.0, 0.0, 0.0, 0.0, 0.0, 0.0, 0.0, 0.0 * 0.44356, 0.44356, 0.77879 *  * 0.00000 *   0
0.13978488560687963, 0.631225688414636, 0.0, 0.0, 0.0, 0.0, 0.0, 0.0, 0.0, 0.0, 0.0, 0.0 * 0.69013, 0.69013, 0.21781 *  * 0.00000 *   0
0.7126767141319811, 0.14855563895645318, 0.0, 0.0, 0.0, 0.0, 0.0, 0.0, 0.0, 0.0, 0.0, 0.0 * 0.30841, 0.30841, 0.89987 *  * 0.00000 *   0
0.9253555102241127, 0.7820420926024896, 0.0, 0.0, 0.0, 0.0, 0.0, 0.0, 0.0, 0.0, 0.0, 0.0 * 0.08272, 0.08272, 0.99313 *  * 0.00000 *   0
0.9069807117908335, 0.0031855486824738932, 0.0, 0.0, 0.0, 0.0, 0.0, 0.0, 0.0, 0.0, 0.0, 0.0 * 0.10295, 0.10295, 0.98934 *  * 0.00000 *   0
0.7057773954442439, 0.0936140523955451, 0.0, 0.0, 0.0, 0.0, 0.0, 0.0, 0.0, 0.0, 0.0, 0.0 * 0.31529, 0.31529, 0.89509 *  * 0.00000 *   0
0.12744580364634506, 0.5061976190293193, 0.0, 0.0, 0.0, 0.0, 0.0, 0.0, 0.0, 0.0, 0.0, 0.0 * 0.69298, 0.69298, 0.19886 *  * 0.00000 *   0
0.4837270206312746, 0.7925690383894949, 0.0, 0.0, 0.0, 0.0, 0.0, 0.0, 0.0, 0.0, 0.0, 0.0 * 0.51262, 0.51262, 0.68880 *  * 0.00000 *   0
0.7511248045550023, 0.5970508433731578, 0.0, 0.0, 0.0, 0.0, 0.0, 0.0, 0.0, 0.0, 0.0, 0.0 * 0.26944, 0.26944, 0.92455 *  * 0.00000 *   0
0.6397838664451256, 0.21698855444449594, 0.0, 0.0, 0.0, 0.0, 0.0, 0.0, 0.0, 0.0, 0.0, 0.0 * 0.37909, 0.37909, 0.84415 *  * 0.00000 *   0
0.0725242457734806, 0.2294902223646642, 0.0, 0.0, 0.0, 0.0, 0.0, 0.0, 0.0, 0.0, 0.0, 0.0 * 0.70252, 0.70252, 0.11367 *  * 0.00000 *   0
0.5740319689160789, 0.6845721723182531, 0.0, 0.0, 0.0, 0.0, 0.0, 0.0, 0.0, 0.0, 0.0, 0.0 * 0.43861, 0.43861, 0.78437 *  * 0.00000 *   0
0.07020602775327855, 0.36471091218345664, 0.0, 0.0, 0.0, 0.0, 0.0, 0.0, 0.0, 0.0, 0.0, 0.0 * 0.70281, 0.70281, 0.11006 *  * 0.00000 *   0
0.5976614921456694, 0.6108015700243911, 0.0, 0.0, 0.0, 0.0, 0.0, 0.0, 0.0, 0.0, 0.0, 0.0 * 0.41773, 0.41773, 0.80685 *  * 0.00000 *   0
0.4233889574513524, 0.21452221260504944, 0.0, 0.0, 0.0, 0.0, 0.0, 0.0, 0.0, 0.0, 0.0, 0.0 * 0.55641, 0.55641, 0.61710 *  * 0.00000 *   0
0.07457021532590136, 0.8771046633230848, 0.0, 0.0, 0.0, 0.0, 0.0, 0.0, 0.0, 0.0, 0.0, 0.0 * 0.70226, 0.70226, 0.11687 *  * 0.00000 *   0
0.7785502297613963, 0.7345115885954202, 0.0, 0.0, 0.0, 0.0, 0.0, 0.0, 0.0, 0.0, 0.0, 0.0 * 0.24104, 0.24104, 0.94011 *  * 0.00000 *   0
0.8129652171988495, 0.4490196217276904, 0.0, 0.0, 0.0, 0.0, 0.0, 0.0, 0.0, 0.0, 0.0, 0.0 * 0.20477, 0.20477, 0.95715 *  * 0.00000 *   0
0.26602715108899233, 0.3672089042471226, 0.0, 0.0, 0.0, 0.0, 0.0, 0.0, 0.0, 0.0, 0.0, 0.0 * 0.64626, 0.64626, 0.40582 *  * 0.00000 *   0
0.7069643407241332, 0.24435888823666607, 0.0, 0.0, 0.0, 0.0, 0.0, 0.0, 0.0, 0.0, 0.0, 0.0 * 0.31411, 0.31411, 0.89592 *  * 0.00000 *   0
0.2666184941230202, 0.03525030281282138, 0.0, 0.0, 0.0, 0.0, 0.0, 0.0, 0.0, 0.0, 0.0, 0.0 * 0.64600, 0.64600, 0.40667 *  * 0.00000 *   0
0.6281977806809698, 0.2513733667035567, 0.0, 0.0, 0.0, 0.0, 0.0, 0.0, 0.0, 0.0, 0.0, 0.0 * 0.38989, 0.38989, 0.83425 *  * 0.00000 *   0
0.42818628846603235, 0.3845423884873418, 0.0, 0.0, 0.0, 0.0, 0.0, 0.0, 0.0, 0.0, 0.0, 0.0 * 0.55310, 0.55310, 0.62302 *  * 0.00000 *   0
0.5674096898966805, 0.89691637451369, 0.0, 0.0, 0.0, 0.0, 0.0, 0.0, 0.0, 0.0, 0.0, 0.0 * 0.44436, 0.44436, 0.77788 *  * 0.00000 *   0
0.9322571679550838, 0.2774261883975908, 0.0, 0.0, 0.0, 0.0, 0.0, 0.0, 0.0, 0.0, 0.0, 0.0 * 0.07510, 0.07510, 0.99434 *  * 0.00000 *   0
0.026059655090034828, 0.6646077032942902, 0.0, 0.0, 0.0, 0.0, 0.0, 0.0, 0.0, 0.0, 0.0, 0.0 * 0.70651, 0.70651, 0.04092 *  * 0.00000 *   0
0.010624109138042792, 0.5358413269340258, 0.0, 0.0, 0.0, 0.0, 0.0, 0.0, 0.0, 0.0, 0.0, 0.0 * 0.70701, 0.70701, 0.01669 *  * 0.00000 *   0
0.6579243254514975, 0.9629977727568506, 0.0, 0.0, 0.0, 0.0, 0.0, 0.0, 0.0, 0.0, 0.0, 0.0 * 0.36193, 0.36193, 0.85908 *  * 0.00000 *   0
0.7119478456496454, 0.9344900249934787, 0.0, 0.0, 0.0, 0.0, 0.0, 0.0, 0.0, 0.0, 0.0, 0.0 * 0.30914, 0.30914, 0.89937 *  * 0.00000 *   0
0.1606990151464438, 0.24373159454970028, 0.0, 0.0, 0.0, 0.0, 0.0, 0.0, 0.0, 0.0, 0.0, 0.0 * 0.68470, 0.68470, 0.24975 *  * 0.00000 *   0
0.9183585545337426, 0.44400111784843266, 0.0, 0.0, 0.0, 0.0, 0.0, 0.0, 0.0, 0.0, 0.0, 0.0 * 0.09043, 0.09043, 0.99179 *  * 0.00000 *   0
0.4175991456308915, 0.3697129335509558, 0.0, 0.0, 0.0, 0.0, 0.0, 0.0, 0.0, 0.0, 0.0, 0.0 * 0.56035, 0.56035, 0.60992 *  * 0.00000 *   0
0.6120573674769028, 0.7240942257531998, 0.0, 0.0, 0.0, 0.0, 0.0, 0.0, 0.0, 0.0, 0.0, 0.0 * 0.40472, 0.40472, 0.82000 *  * 0.00000 *   0
0.8889618854076187, 0.2332682344681858, 0.0, 0.0, 0.0, 0.0, 0.0, 0.0, 0.0, 0.0, 0.0, 0.0 * 0.12271, 0.12271, 0.98483 *  * 0.00000 *   0
0.3919178857673049, 0.8667437494614555, 0.0, 0.0, 0.0, 0.0, 0.0, 0.0, 0.0, 0.0, 0.0, 0.0 * 0.57729, 0.57729, 0.57747 *  * 0.00000 *   0
0.2538477190017663, 0.6243108501865883, 0.0, 0.0, 0.0, 0.0, 0.0, 0.0, 0.0, 0.0, 0.0, 0.0 * 0.65163, 0.65163, 0.38826 *  * 0.00000 *   0
0.24008784799053318, 0.3893429290737075, 0.0, 0.0, 0.0, 0.0, 0.0, 0.0, 0.0, 0.0, 0.0, 0.0 * 0.65742, 0.65742, 0.36825 *  * 0.00000 *   0
0.30164197495824696, 0.3485049311157514, 0.0, 0.0, 0.0, 0.0, 0.0, 0.0, 0.0, 0.0, 0.0, 0.0 * 0.62921, 0.62921, 0.45629 *  * 0.00000 *   0
0.538590577933245, 0.47786792151121715, 0.0, 0.0, 0.0, 0.0, 0.0, 0.0, 0.0, 0.0, 0.0, 0.0 * 0.46879, 0.46879, 0.74865 *  * 0.00000 *   0
0.073656417169089, 0.5954296758895735, 0.0, 0.0, 0.0, 0.0, 0.0, 0.0, 0.0, 0.0, 0.0, 0.0 * 0.70238, 0.70238, 0.11544 *  * 0.00000 *   0
0.3359266299272248, 0.4800418668140489, 0.0, 0.0, 0.0, 0.0, 0.0, 0.0, 0.0, 0.0, 0.0, 0.0 * 0.61093, 0.61093, 0.50352 *  * 0.00000 *   0
0.25473076542026507, 0.5567432132624427, 0.0, 0.0, 0.0, 0.0, 0.0, 0.0, 0.0, 0.0, 0.0, 0.0 * 0.65125, 0.65125, 0.38954 *  * 0.00000 *   0
0.8636753187094368, 0.6484989581644105, 0.0, 0.0, 0.0, 0.0, 0.0, 0.0, 0.0, 0.0, 0.0, 0.0 * 0.15026, 0.15026, 0.97716 *  * 0.00000 *   0
0.8148343388731002, 0.29434675595160886, 0.0, 0.0, 0.0, 0.0, 0.0, 0.0, 0.0, 0.0, 0.0, 0.0 * 0.20278, 0.20278, 0.95800 *  * 0.00000 *   0
0.30309631261201575, 0.13394848583296126, 0.0, 0.0, 0.0, 0.0, 0.0, 0.0, 0.0, 0.0, 0.0, 0.0 * 0.62847, 0.62847, 0.45832 *  * 0.00000 *   0
0.9006674946547135, 0.8585486836990404, 0.0, 0.0, 0.0, 0.0, 0.0, 0.0, 0.0, 0.0, 0.0, 0.0 * 0.10988, 0.10988, 0.98785 *  * 0.00000 *   0
0.8017311410705786, 0.22833888485041032, 0.0, 0.0, 0.0, 0.0, 0.0, 0.0, 0.0, 0.0, 0.0, 0.0 * 0.21668, 0.21668, 0.95189 *  * 0.00000 *   0
0.9772633383946523, 0.6562285406516025, 0.0, 0.0, 0.0, 0.0, 0.0, 0.0, 0.0, 0.0, 0.0, 0.0 * 0.02525, 0.02525, 0.99936 *  * 0.00000 *   0
0.7400047952647941, 0.8580218460090501, 0.0, 0.0, 0.0, 0.0, 0.0, 0.0, 0.0, 0.0, 0.0, 0.0 * 0.28082, 0.28082, 0.91776 *  * 0.00000 *   0
0.21958917026591385, 0.06900115567581755, 0.0, 0.0, 0.0, 0.0, 0.0, 0.0, 0.0, 0.0, 0.0, 0.0 * 0.66546, 0.66546, 0.33813 *  * 0.00000 *   0
0.247827302681921, 0.3269163411826127, 0.0, 0.0, 0.0, 0.0, 0.0, 0.0, 0.0, 0.0, 0.0, 0.0 * 0.65420, 0.65420, 0.37953 *  * 0.00000 *   0
0.15414806886170962, 0.32138066208978566, 0.0, 0.0, 0.0, 0.0, 0.0, 0.0, 0.0, 0.0, 0.0, 0.0 * 0.68648, 0.68648, 0.23978 *  * 0.00000 *   0
0.9711952010975072, 0.30967271197606216, 0.0, 0.0, 0.0, 0.0, 0.0, 0.0, 0.0, 0.0, 0.0, 0.0 * 0.03198, 0.03198, 0.99898 *  * 0.00000 *   0
0.5505804936986793, 0.598944610527363, 0.0, 0.0, 0.0, 0.0, 0.0, 0.0, 0.0, 0.0, 0.0, 0.0 * 0.45874, 0.45874, 0.76100 *  * 0.00000 *   0
0.08879323979879838, 0.09483665779254746, 0.0, 0.0, 0.0, 0.0, 0.0, 0.0, 0.0, 0.0, 0.0, 0.0 * 0.70024, 0.70024, 0.13902 *  * 0.00000 *   0
0.5632658467419134, 0.4164979514171807, 0.0, 0.0, 0.0, 0.0, 0.0, 0.0, 0.0, 0.0, 0.0, 0.0 * 0.44793, 0.44793, 0.77377 *  * 0.00000 *   0
0.5785958610160175, 0.07801343624190338, 0.0, 0.0, 0.0, 0.0, 0.0, 0.0, 0.0, 0.0, 0.0, 0.0 * 0.43462, 0.43462, 0.78880 *  * 0.00000 *   0
0.12292400785294222, 0.2362371701985646, 0.0, 0.0, 0.0, 0.0, 0.0, 0.0, 0.0, 0.0, 0.0, 0.0 * 0.69397, 0.69397, 0.19189 *  * 0.00000 *   0
0.7344687297824191, 0.505031813954701, 0.0, 0.0, 0.0, 0.0, 0.0, 0.0, 0.0, 0.0, 0.0, 0.0 * 0.28645, 0.28645, 0.91427 *  * 0.00000 *   0
0.5782168590618549, 0.3359143517569402, 0.0, 0.0, 0.0, 0.0, 0.0, 0.0, 0.0, 0.0, 0.0, 0.0 * 0.43495, 0.43495, 0.78844 *  * 0.00000 *   0
0.932770401630085, 0.46510814033087844, 0.0, 0.0, 0.0, 0.0, 0.0, 0.0, 0.0, 0.0, 0.0, 0.0 * 0.07453, 0.07453, 0.99443 *  * 0.00000 *   0
0.5873499317739979, 0.9270011591775607, 0.0, 0.0, 0.0, 0.0, 0.0, 0.0, 0.0, 0.0, 0.0, 0.0 * 0.42691, 0.42691, 0.79718 *  * 0.00000 *   0
0.6489538002959137, 0.13401045481598373, 0.0, 0.0, 0.0, 0.0, 0.0, 0.0, 0.0, 0.0, 0.0, 0.0 * 0.37045, 0.37045, 0.85178 *  * 0.00000 *   0
0.25967393849267373, 0.5228529652361368, 0.0, 0.0, 0.0, 0.0, 0.0, 0.0, 0.0, 0.0, 0.0, 0.0 * 0.64909, 0.64909, 0.39668 *  * 0.00000 *   0
0.7241677587575455, 0.2672225084957415, 0.0, 0.0, 0.0, 0.0, 0.0, 0.0, 0.0, 0.0, 0.0, 0.0 * 0.29688, 0.29688, 0.90760 *  * 0.00000 *   0
0.5472862933659705, 0.5568729578124348, 0.0, 0.0, 0.0, 0.0, 0.0, 0.0, 0.0, 0.0, 0.0, 0.0 * 0.46152, 0.46152, 0.75763 *  * 0.00000 *   0
0.8818586683027065, 0.9431078639217148, 0.0, 0.0, 0.0, 0.0, 0.0, 0.0, 0.0, 0.0, 0.0, 0.0 * 0.13047, 0.13047, 0.98283 *  * 0.00000 *   0
0.8866327258658466, 0.25067610001755347, 0.0, 0.0, 0.0, 0.0, 0.0, 0.0, 0.0, 0.0, 0.0, 0.0 * 0.12525, 0.12525, 0.98419 *  * 0.00000 *   0
0.49437201211455295, 0.5560739241564527, 0.0, 0.0, 0.0, 0.0, 0.0, 0.0, 0.0, 0.0, 0.0, 0.0 * 0.50440, 0.50440, 0.70083 *  * 0.00000 *   0
0.09010885348902409, 0.7322532281569403, 0.0, 0.0, 0.0, 0.0, 0.0, 0.0, 0.0, 0.0, 0.0, 0.0 * 0.70004, 0.70004, 0.14107 *  * 0.00000 *   0
0.5995538727799831, 0.059736025148572125, 0.0, 0.0, 0.0, 0.0, 0.0, 0.0, 0.0, 0.0, 0.0, 0.0 * 0.41603, 0.41603, 0.80860 *  * 0.00000 *   0
0.4876616538750428, 0.4041351683198614, 0.0, 0.0, 0.0, 0.0, 0.0, 0.0, 0.0, 0.0, 0.0, 0.0 * 0.50960, 0.50960, 0.69327 *  * 0.00000 *   0
0.16735257763369127, 0.4600814424261628, 0.0, 0.0, 0.0, 0.0, 0.0, 0.0, 0.0, 0.0, 0.0, 0.0 * 0.68282, 0.68282, 0.25986 *  * 0.00000 *   0
0.3183911045623783, 0.56155672258371, 0.0, 0.0, 0.0, 0.0, 0.0, 0.0, 0.0, 0.0, 0.0, 0.0 * 0.62050, 0.62050, 0.47954 *  * 0.00000 *   0
0.616420169013577, 0.5586335505270943, 0.0, 0.0, 0.0, 0.0, 0.0, 0.0, 0.0, 0.0, 0.0, 0.0 * 0.40074, 0.40074, 0.82391 *  * 0.00000 *   0
0.3721517966675282, 0.260620778152894, 0.0, 0.0, 0.0, 0.0, 0.0, 0.0, 0.0, 0.0, 0.0, 0.0 * 0.58969, 0.58969, 0.55184 *  * 0.00000 *   0
0.5807140868577011, 0.9456157626371965, 0.0, 0.0, 0.0, 0.0, 0.0, 0.0, 0.0, 0.0, 0.0, 0.0 * 0.43276, 0.43276, 0.79084 *  * 0.00000 *   0
0.8811543436731307, 0.4364623755195315, 0.0, 0.0, 0.0, 0.0, 0.0, 0.0, 0.0, 0.0, 0.0, 0.0 * 0.13124, 0.13124, 0.98263 *  * 0.00000 *   0
0.9260985719044702, 0.2431156974711468, 0.0, 0.0, 0.0, 0.0, 0.0, 0.0, 0.0, 0.0, 0.0, 0.0 * 0.08190, 0.08190, 0.99327 *  * 0.00000 *   0
0.661567077063438, 0.2714127058436302, 0.0, 0.0, 0.0, 0.0, 0.0, 0.0, 0.0, 0.0, 0.0, 0.0 * 0.35845, 0.35845, 0.86199 *  * 0.00000 *   0
0.016946430245979305, 0.5982492306693594, 0.0, 0.0, 0.0, 0.0, 0.0, 0.0, 0.0, 0.0, 0.0, 0.0 * 0.70686, 0.70686, 0.02662 *  * 0.00000 *   0
0.5051175668711441, 0.8131632759713299, 0.0, 0.0, 0.0, 0.0, 0.0, 0.0, 0.0, 0.0, 0.0, 0.0 * 0.49596, 0.49596, 0.71277 *  * 0.00000 *   0
0.2327403694729704, 0.4263244605131967, 0.0, 0.0, 0.0, 0.0, 0.0, 0.0, 0.0, 0.0, 0.0, 0.0 * 0.66038, 0.66038, 0.35750 *  * 0.00000 *   0
0.820694175751826, 0.8429298536610179, 0.0, 0.0, 0.0, 0.0, 0.0, 0.0, 0.0, 0.0, 0.0, 0.0 * 0.19654, 0.19654, 0.96060 *  * 0.00000 *   0
0.7346747557775951, 0.40400587108056707, 0.0, 0.0, 0.0, 0.0, 0.0, 0.0, 0.0, 0.0, 0.0, 0.0 * 0.28624, 0.28624, 0.91440 *  * 0.00000 *   0
0.5259475720801917, 0.9936166549533136, 0.0, 0.0, 0.0, 0.0, 0.0, 0.0, 0.0, 0.0, 0.0, 0.0 * 0.47921, 0.47921, 0.73533 *  * 0.00000 *   0
0.48225707675824314, 0.7124784097198454, 0.0, 0.0, 0.0, 0.0, 0.0, 0.0, 0.0, 0.0, 0.0, 0.0 * 0.51374, 0.51374, 0.68713 *  * 0.00000 *   0
0.1888924255855522, 0.11798029684776401, 0.0, 0.0, 0.0, 0.0, 0.0, 0.0, 0.0, 0.0, 0.0, 0.0 * 0.67621, 0.67621, 0.29238 *  * 0.00000 *   0
0.49990948245546774, 0.5306114043363118, 0.0, 0.0, 0.0, 0.0, 0.0, 0.0, 0.0, 0.0, 0.0, 0.0 * 0.50007, 0.50007, 0.70701 *  * 0.00000 *   0
0.4195088682940056, 0.9067939474199257, 0.0, 0.0, 0.0, 0.0, 0.0, 0.0, 0.0, 0.0, 0.0, 0.0 * 0.55906, 0.55906, 0.61230 *  * 0.00000 *   0
0.39357046422365105, 0.7781228122294249, 0.0, 0.0, 0.0, 0.0, 0.0, 0.0, 0.0, 0.0, 0.0, 0.0 * 0.57623, 0.57623, 0.57958 *  * 0.00000 *   0
0.5113440486028777, 0.7570112859486406, 0.0, 0.0, 0.0, 0.0, 0.0, 0.0, 0.0, 0.0, 0.0, 0.0 * 0.49101, 0.49101, 0.71959 *  * 0.00000 *   0
0.1172962691070597, 0.10874312992868018, 0.0, 0.0, 0.0, 0.0, 0.0, 0.0, 0.0, 0.0, 0.0, 0.0 * 0.69514, 0.69514, 0.18321 *  * 0.00000 *   0
0.333113748685099, 0.8899307051871825, 0.0, 0.0, 0.0, 0.0, 0.0, 0.0, 0.0, 0.0, 0.0, 0.0 * 0.61249, 0.61249, 0.49970 *  * 0.00000 *   0
0.9898625861620914, 0.1533795600744976, 0.0, 0.0, 0.0, 0.0, 0.0, 0.0, 0.0, 0.0, 0.0, 0.0 * 0.01126, 0.01126, 0.99987 *  * 0.00000 *   0
0.4703039311130639, 0.719359219336469, 0.0, 0.0, 0.0, 0.0, 0.0, 0.0, 0.0, 0.0, 0.0, 0.0 * 0.52277, 0.52277, 0.67337 *  * 0.00000 *   0
0.9613660129873935, 0.013280062815110183, 0.0, 0.0, 0.0, 0.0, 0.0, 0.0, 0.0, 0.0, 0.0, 0.0 * 0.04289, 0.04289, 0.99816 *  * 0.00000 *   0
0.6167722594054601, 0.4697766737667871, 0.0, 0.0, 0.0, 0.0, 0.0, 0.0, 0.0, 0.0, 0.0, 0.0 * 0.40041, 0.40041, 0.82422 *  * 0.00000 *   0
0.1298257196943684, 0.0031973066206146816, 0.0, 0.0, 0.0, 0.0, 0.0, 0.0, 0.0, 0.0, 0.0, 0.0 * 0.69245, 0.69245, 0.20252 *  * 0.00000 *   0
0.2163497266075155, 0.044499660441587374, 0.0, 0.0, 0.0, 0.0, 0.0, 0.0, 0.0, 0.0, 0.0, 0.0 * 0.66667, 0.66667, 0.33334 *  * 0.00000 *   0
0.5077848930855507, 0.6445528612408916, 0.0, 0.0, 0.0, 0.0, 0.0, 0.0, 0.0, 0.0, 0.0, 0.0 * 0.49385, 0.49385, 0.71570 *  * 0.00000 *   0
0.35444216838724574, 0.1438457350897897, 0.0, 0.0, 0.0, 0.0, 0.0, 0.0, 0.0, 0.0, 0.0, 0.0 * 0.60031, 0.60031, 0.52844 *  * 0.00000 *   0
0.038912408075692406, 0.9086012304760424, 0.0, 0.0, 0.0, 0.0, 0.0, 0.0, 0.0, 0.0, 0.0, 0.0 * 0.70579, 0.70579, 0.06109 *  * 0.00000 *   0
0.8996318692639595, 0.6332973102778352, 0.0, 0.0, 0.0, 0.0, 0.0, 0.0, 0.0, 0.0, 0.0, 0.0 * 0.11102, 0.11102, 0.98760 *  * 0.00000 *   0
0.864604324024205, 0.7095938737709557, 0.0, 0.0, 0.0, 0.0, 0.0, 0.0, 0.0, 0.0, 0.0, 0.0 * 0.14926, 0.14926, 0.97747 *  * 0.00000 *   0
0.8952790533527647, 0.16166592473605645, 0.0, 0.0, 0.0, 0.0, 0.0, 0.0, 0.0, 0.0, 0.0, 0.0 * 0.11579, 0.11579, 0.98650 *  * 0.00000 *   0
