0.8853470044607981, 0.6723846060560944, 0.5, 0.5, 0.5, 0.5, 0.5, 0.5, 0.5, 0.5, 0.5, 0.5 * 0.9999999999673477, 0.0000000000000000, 0.0000080811300828 *   0
0.9576646694716368, 0.0410435409476252, 0.5000000000000000, 0.5000000000000000, 0.5000000000000000, 0.5000000000000000, 0.5000000000000000, 0.5000000000000000, 0.5000000000000000, 0.5000000000000000, 0.5000000000000000, 0.5000000000000000 * 0.9997842815677781, 0.0000000000000000, 0.0207699381318738 *   0
0.9374050891608507, 0.6524364466068018, 0.5, 0.5, 0.5, 0.5, 0.5, 0.5, 0.5, 0.5, 0.5, 0.5 * 1.00000, 0.00000, 0.00000 *  * 0.00000 *   0
0.9896866723959538, 0.18547687827035697, 0.5, 0.5, 0.5, 0.5, 0.5, 0.5, 0.5, 0.5, 0.5, 0.5 * 0.84882, 0.00000, 0.52868 *  * 0.00000 *   0
0.10483221253285879, 0.8945949447894253, 0.5, 0.5, 0.5, 0.5, 0.5, 0.5, 0.5, 0.5, 0.5, 0.5 * 1.00000, 0.00000, 0.00000 *  * 0.00000 *   0
0.5954380601103987, 0.9235729459368476, 0.5, 0.5, 0.5, 0.5, 0.5, 0.5, 0.5, 0.5, 0.5, 0.5 * 1.00000, 0.00000, 0.00000 *  * 0.00000 *   0
0.9248467370516954, 0.5117112217152028, 0.5, 0.5, 0.5, 0.5, 0.5, 0.5, 0.5, 0.5, 0.5, 0.5 * 1.00000, 0.00000, 0.00000 *  * 0.00000 *   0
0.9317061046073378, 0.12917241354345388, 0.5, 0.5, 0.5, 0.5, 0.5, 0.5, 0.5, 0.5, 0.5, 0.5 * 1.00000, 0.00000, 0.00000 *  * 0.00000 *   0
0.4738271303379519, 0.9354053835004701, 0.5, 0.5, 0.5, 0.5, 0.5, 0.5, 0.5, 0.5, 0.5, 0.5 * 1.00000, 0.00000, 0.00000 *  * 0.00000 *   0
0.17833370359777145, 0.9357125670767162, 0.5, 0.5, 0.5, 0.5, 0.5, 0.5, 0.5, 0.5, 0.5, 0.5 * 1.00000, 0.00000, 0.00000 *  * 0.00000 *   0
0.3524541156725024, 0.9371984176911475, 0.5, 0.5, 0.5, 0.5, 0.5, 0.5, 0.5, 0.5, 0.5, 0.5 * 1.00000, 0.00000, 0.00000 *  * 0.00000 *   0
0.9372260996748057, 0.17804801849563534, 0.5, 0.5, 0.5, 0.5, 0.5, 0.5, 0.5, 0.5, 0.5, 0.5 * 1.00000, 0.00000, 0.00000 *  * 0.00000 *   0
0.06965347057744509, 0.117981793966765, 0.5, 0.5, 0.5, 0.5, 0.5, 0.5, 0.5, 0.5, 0.5, 0.5 * 1.00000, 0.00000, 0.00000 *  * 0.00000 *   0
0.1923553329169123, 0.9212020187065622, 0.5, 0.5, 0.5, 0.5, 0.5, 0.5, 0.5, 0.5, 0.5, 0.5 * 1.00000, 0.00000, 0.00000 *  * 0.00000 *   0
0.16336435855207077, 0.9314758636449219, 0.5, 0.5, 0.5, 0.5, 0.5, 0.5, 0.5, 0.5, 0.5, 0.5 * 1.00000, 0.00000, 0.00000 *  * 0.00000 *   0
0.9335203713484895, 0.5168859965510538, 0.5, 0.5, 0.5, 0.5, 0.5, 0.5, 0.5, 0.5, 0.5, 0.5 * 1.00000, 0.00000, 0.00000 *  * 0.00000 *   0
0.9372067207744005, 0.3363639291522569, 0.5, 0.5, 0.5, 0.5, 0.5, 0.5, 0.5, 0.5, 0.5, 0.5 * 1.00000, 0.00000, 0.00000 *  * 0.00000 *   0
0.9372674378923143, 0.49841380456516304, 0.5, 0.5, 0.5, 0.5, 0.5, 0.5, 0.5, 0.5, 0.5, 0.5 * 1.00000, 0.00000, 0.00000 *  * 0.00000 *   0
0.6249866320564155, 0.937297621442528, 0.5, 0.5, 0.5, 0.5, 0.5, 0.5, 0.5, 0.5, 0.5, 0.5 * 1.00000, 0.00000, 0.00000 *  * 0.00000 *   0
0.03178987155295121, 0.24786109645283338, 0.5, 0.5, 0.5, 0.5, 0.5, 0.5, 0.5, 0.5, 0.5, 0.5 * 1.00000, 0.00000, 0.00000 *  * 0.00000 *   0
0.9589096161758704, 0.7135116327634461, 0.5, 0.5, 0.5, 0.5, 0.5, 0.5, 0.5, 0.5, 0.5, 0.5 * 0.99972, 0.00000, 0.02365 *  * 0.00000 *   0
0.09061522995353799, 0.9127625708641411, 0.5, 0.5, 0.5, 0.5, 0.5, 0.5, 0.5, 0.5, 0.5, 0.5 * 1.00000, 0.00000, 0.00000 *  * 0.00000 *   0
0.540645625664926, 0.9248442272366997, 0.5, 0.5, 0.5, 0.5, 0.5, 0.5, 0.5, 0.5, 0.5, 0.5 * 1.00000, 0.00000, 0.00000 *  * 0.00000 *   0
0.7170243154709408, 0.9313089141954308, 0.5, 0.5, 0.5, 0.5, 0.5, 0.5, 0.5, 0.5, 0.5, 0.5 * 1.00000, 0.00000, 0.00000 *  * 0.00000 *   0
0.35552275833789293, 0.9355149703976827, 0.5, 0.5, 0.5, 0.5, 0.5, 0.5, 0.5, 0.5, 0.5, 0.5 * 1.00000, 0.00000, 0.00000 *  * 0.00000 *   0
0.7001754819904483, 0.9355217089210549, 0.5, 0.5, 0.5, 0.5, 0.5, 0.5, 0.5, 0.5, 0.5, 0.5 * 1.00000, 0.00000, 0.00000 *  * 0.00000 *   0
0.9359352394738673, 0.493331896080729, 0.5, 0.5, 0.5, 0.5, 0.5, 0.5, 0.5, 0.5, 0.5, 0.5 * 1.00000, 0.00000, 0.00000 *  * 0.00000 *   0
0.5922893926292608, 0.9359923271029388, 0.5, 0.5, 0.5, 0.5, 0.5, 0.5, 0.5, 0.5, 0.5, 0.5 * 1.00000, 0.00000, 0.00000 *  * 0.00000 *   0
0.09015534180566698, 0.9361101615289398, 0.5, 0.5, 0.5, 0.5, 0.5, 0.5, 0.5, 0.5, 0.5, 0.5 * 1.00000, 0.00000, 0.00000 *  * 0.00000 *   0
0.20493399388418032, 0.9369410290870309, 0.5, 0.5, 0.5, 0.5, 0.5, 0.5, 0.5, 0.5, 0.5, 0.5 * 1.00000, 0.00000, 0.00000 *  * 0.00000 *   0
0.9373594600183565, 0.7537627146842202, 0.5, 0.5, 0.5, 0.5, 0.5, 0.5, 0.5, 0.5, 0.5, 0.5 * 1.00000, 0.00000, 0.00000 *  * 0.00000 *   0
0.14753978330490503, 0.4673072567952722, 0.5, 0.5, 0.5, 0.5, 0.5, 0.5, 0.5, 0.5, 0.5, 0.5 * 1.00000, 0.00000, 0.00000 *  * 0.00000 *   0
0.8925075650150704, 0.7365339459830632, 0.5, 0.5, 0.5, 0.5, 0.5, 0.5, 0.5, 0.5, 0.5, 0.5 * 1.00000, 0.00000, 0.00000 *  * 0.00000 *   0
0.47710417605746136, 0.9139970867231938, 0.5, 0.5, 0.5, 0.5, 0.5, 0.5, 0.5, 0.5, 0.5, 0.5 * 1.00000, 0.00000, 0.00000 *  * 0.00000 *   0
0.690588097538899, 0.9279872001280354, 0.5, 0.5, 0.5, 0.5, 0.5, 0.5, 0.5, 0.5, 0.5, 0.5 * 1.00000, 0.00000, 0.00000 *  * 0.00000 *   0
0.9283876291983051, 0.6243322315197377, 0.5, 0.5, 0.5, 0.5, 0.5, 0.5, 0.5, 0.5, 0.5, 0.5 * 1.00000, 0.00000, 0.00000 *  * 0.00000 *   0
0.5116262085788632, 0.9335661111903618, 0.5, 0.5, 0.5, 0.5, 0.5, 0.5, 0.5, 0.5, 0.5, 0.5 * 1.00000, 0.00000, 0.00000 *  * 0.00000 *   0
0.0054402091568273026, 0.9345756386751058, 0.5, 0.5, 0.5, 0.5, 0.5, 0.5, 0.5, 0.5, 0.5, 0.5 * 1.00000, 0.00000, 0.00000 *  * 0.00000 *   0
0.9346555988689919, 0.626422773579074, 0.5, 0.5, 0.5, 0.5, 0.5, 0.5, 0.5, 0.5, 0.5, 0.5 * 1.00000, 0.00000, 0.00000 *  * 0.00000 *   0
0.9367326143980003, 0.7569645488052864, 0.5, 0.5, 0.5, 0.5, 0.5, 0.5, 0.5, 0.5, 0.5, 0.5 * 1.00000, 0.00000, 0.00000 *  * 0.00000 *   0
0.5477545605147657, 0.9370072178229641, 0.5, 0.5, 0.5, 0.5, 0.5, 0.5, 0.5, 0.5, 0.5, 0.5 * 1.00000, 0.00000, 0.00000 *  * 0.00000 *   0
0.7833458090728994, 0.9371244275189683, 0.5, 0.5, 0.5, 0.5, 0.5, 0.5, 0.5, 0.5, 0.5, 0.5 * 1.00000, 0.00000, 0.00000 *  * 0.00000 *   0
0.9372302164424681, 0.04076464582726169, 0.5, 0.5, 0.5, 0.5, 0.5, 0.5, 0.5, 0.5, 0.5, 0.5 * 1.00000, 0.00000, 0.00000 *  * 0.00000 *   0
0.02798206319269969, 0.9373894536850395, 0.5, 0.5, 0.5, 0.5, 0.5, 0.5, 0.5, 0.5, 0.5, 0.5 * 1.00000, 0.00000, 0.00000 *  * 0.00000 *   0
0.8098563962314016, 0.13440567919512103, 0.5, 0.5, 0.5, 0.5, 0.5, 0.5, 0.5, 0.5, 0.5, 0.5 * 1.00000, 0.00000, 0.00000 *  * 0.00000 *   0
0.9266336607012818, 0.7117874285340483, 0.5, 0.5, 0.5, 0.5, 0.5, 0.5, 0.5, 0.5, 0.5, 0.5 * 1.00000, 0.00000, 0.00000 *  * 0.00000 *   0
0.20291103946313604, 0.929931298672701, 0.5, 0.5, 0.5, 0.5, 0.5, 0.5, 0.5, 0.5, 0.5, 0.5 * 1.00000, 0.00000, 0.00000 *  * 0.00000 *   0
0.9319192337298318, 0.7553812698802909, 0.5, 0.5, 0.5, 0.5, 0.5, 0.5, 0.5, 0.5, 0.5, 0.5 * 1.00000, 0.00000, 0.00000 *  * 0.00000 *   0
0.9337691822439889, 0.4587743731813062, 0.5, 0.5, 0.5, 0.5, 0.5, 0.5, 0.5, 0.5, 0.5, 0.5 * 1.00000, 0.00000, 0.00000 *  * 0.00000 *   0
0.4162224508726986, 0.9365614731850744, 0.5, 0.5, 0.5, 0.5, 0.5, 0.5, 0.5, 0.5, 0.5, 0.5 * 1.00000, 0.00000, 0.00000 *  * 0.00000 *   0
0.12071952655053753, 0.9367498548651573, 0.5, 0.5, 0.5, 0.5, 0.5, 0.5, 0.5, 0.5, 0.5, 0.5 * 1.00000, 0.00000, 0.00000 *  * 0.00000 *   0
0.937031721917047, 0.026975190607091082, 0.5, 0.5, 0.5, 0.5, 0.5, 0.5, 0.5, 0.5, 0.5, 0.5 * 1.00000, 0.00000, 0.00000 *  * 0.00000 *   0
0.9371218837056841, 0.35724701380838775, 0.5, 0.5, 0.5, 0.5, 0.5, 0.5, 0.5, 0.5, 0.5, 0.5 * 1.00000, 0.00000, 0.00000 *  * 0.00000 *   0
0.08124394658353651, 0.9372669847662989, 0.5, 0.5, 0.5, 0.5, 0.5, 0.5, 0.5, 0.5, 0.5, 0.5 * 1.00000, 0.00000, 0.00000 *  * 0.00000 *   0
0.755568754319303, 0.9373388475224951, 0.5, 0.5, 0.5, 0.5, 0.5, 0.5, 0.5, 0.5, 0.5, 0.5 * 1.00000, 0.00000, 0.00000 *  * 0.00000 *   0
0.8243740568717308, 0.6673060975319964, 0.5, 0.5, 0.5, 0.5, 0.5, 0.5, 0.5, 0.5, 0.5, 0.5 * 1.00000, 0.00000, 0.00000 *  * 0.00000 *   0
0.3961233033600817, 0.9662069539593494, 0.5, 0.5, 0.5, 0.5, 0.5, 0.5, 0.5, 0.5, 0.5, 0.5 * 0.99873, 0.05046, 0.00000 *  * 0.00000 *   0
0.8817019234215862, 0.6276081504193928, 0.5, 0.5, 0.5, 0.5, 0.5, 0.5, 0.5, 0.5, 0.5, 0.5 * 1.00000, 0.00000, 0.00000 *  * 0.00000 *   0
0.8879930466886942, 0.13550567207308584, 0.5, 0.5, 0.5, 0.5, 0.5, 0.5, 0.5, 0.5, 0.5, 0.5 * 1.00000, 0.00000, 0.00000 *  * 0.00000 *   0
0.8926046242077382, 0.35025216902984, 0.5, 0.5, 0.5, 0.5, 0.5, 0.5, 0.5, 0.5, 0.5, 0.5 * 1.00000, 0.00000, 0.00000 *  * 0.00000 *   0
0.310672163165046, 0.9044560596648648, 0.5, 0.5, 0.5, 0.5, 0.5, 0.5, 0.5, 0.5, 0.5, 0.5 * 1.00000, 0.00000, 0.00000 *  * 0.00000 *   0
0.5790802292930892, 0.9052372463610889, 0.5, 0.5, 0.5, 0.5, 0.5, 0.5, 0.5, 0.5, 0.5, 0.5 * 1.00000, 0.00000, 0.00000 *  * 0.00000 *   0
0.33962249780256637, 0.907938701537713, 0.5, 0.5, 0.5, 0.5, 0.5, 0.5, 0.5, 0.5, 0.5, 0.5 * 1.00000, 0.00000, 0.00000 *  * 0.00000 *   0
0.9339530044788643, 0.5719230886685888, 0.5, 0.5, 0.5, 0.5, 0.5, 0.5, 0.5, 0.5, 0.5, 0.5 * 1.00000, 0.00000, 0.00000 *  * 0.00000 *   0
0.9347288223681678, 0.36100718368668705, 0.5, 0.5, 0.5, 0.5, 0.5, 0.5, 0.5, 0.5, 0.5, 0.5 * 1.00000, 0.00000, 0.00000 *  * 0.00000 *   0
0.935022128977524, 0.7729212766126647, 0.5, 0.5, 0.5, 0.5, 0.5, 0.5, 0.5, 0.5, 0.5, 0.5 * 1.00000, 0.00000, 0.00000 *  * 0.00000 *   0
0.9371022449990902, 0.2907210899916689, 0.5, 0.5, 0.5, 0.5, 0.5, 0.5, 0.5, 0.5, 0.5, 0.5 * 1.00000, 0.00000, 0.00000 *  * 0.00000 *   0
0.7957388209313155, 0.9372398394656889, 0.5, 0.5, 0.5, 0.5, 0.5, 0.5, 0.5, 0.5, 0.5, 0.5 * 1.00000, 0.00000, 0.00000 *  * 0.00000 *   0
0.7405681081460449, 0.18318802001639944, 0.5, 0.5, 0.5, 0.5, 0.5, 0.5, 0.5, 0.5, 0.5, 0.5 * 1.00000, 0.00000, 0.00000 *  * 0.00000 *   0
0.9226724883456853, 0.8815177018720662, 0.5, 0.5, 0.5, 0.5, 0.5, 0.5, 0.5, 0.5, 0.5, 0.5 * 1.00000, 0.00000, 0.00000 *  * 0.00000 *   0
0.9278779906476506, 0.5151791417571718, 0.5, 0.5, 0.5, 0.5, 0.5, 0.5, 0.5, 0.5, 0.5, 0.5 * 1.00000, 0.00000, 0.00000 *  * 0.00000 *   0
0.39442915387725563, 0.9353741570220703, 0.5, 0.5, 0.5, 0.5, 0.5, 0.5, 0.5, 0.5, 0.5, 0.5 * 1.00000, 0.00000, 0.00000 *  * 0.00000 *   0
0.7738924304417881, 0.9370497423293498, 0.5, 0.5, 0.5, 0.5, 0.5, 0.5, 0.5, 0.5, 0.5, 0.5 * 1.00000, 0.00000, 0.00000 *  * 0.00000 *   0
0.2491278495712227, 0.9371763642839455, 0.5, 0.5, 0.5, 0.5, 0.5, 0.5, 0.5, 0.5, 0.5, 0.5 * 1.00000, 0.00000, 0.00000 *  * 0.00000 *   0
0.9373458253934087, 0.5199646752269975, 0.5, 0.5, 0.5, 0.5, 0.5, 0.5, 0.5, 0.5, 0.5, 0.5 * 1.00000, 0.00000, 0.00000 *  * 0.00000 *   0
0.5072600012960268, 0.9373805151373621, 0.5, 0.5, 0.5, 0.5, 0.5, 0.5, 0.5, 0.5, 0.5, 0.5 * 1.00000, 0.00000, 0.00000 *  * 0.00000 *   0
0.2918352869116485, 0.372245004619532, 0.5, 0.5, 0.5, 0.5, 0.5, 0.5, 0.5, 0.5, 0.5, 0.5 * 1.00000, 0.00000, 0.00000 *  * 0.00000 *   0
0.4857860045688427, 0.8972746747071094, 0.5, 0.5, 0.5, 0.5, 0.5, 0.5, 0.5, 0.5, 0.5, 0.5 * 1.00000, 0.00000, 0.00000 *  * 0.00000 *   0
0.1401655961580074, 0.9035237863129832, 0.5, 0.5, 0.5, 0.5, 0.5, 0.5, 0.5, 0.5, 0.5, 0.5 * 1.00000, 0.00000, 0.00000 *  * 0.00000 *   0
0.9373288676725363, 0.8703653498391041, 0.5, 0.5, 0.5, 0.5, 0.5, 0.5, 0.5, 0.5, 0.5, 0.5 * 1.00000, 0.00000, 0.00000 *  * 0.00000 *   0
0.28751063118486186, 0.9373913113886747, 0.5, 0.5, 0.5, 0.5, 0.5, 0.5, 0.5, 0.5, 0.5, 0.5 * 1.00000, 0.00000, 0.00000 *  * 0.00000 *   0
0.4906828337065652, 0.3398866691733464, 0.5, 0.5, 0.5, 0.5, 0.5, 0.5, 0.5, 0.5, 0.5, 0.5 * 1.00000, 0.00000, 0.00000 *  * 0.00000 *   0
0.31935966885132405, 0.8709469979799914, 0.5, 0.5, 0.5, 0.5, 0.5, 0.5, 0.5, 0.5, 0.5, 0.5 * 1.00000, 0.00000, 0.00000 *  * 0.00000 *   0
0.8068602516244505, 0.8799962043238, 0.5, 0.5, 0.5, 0.5, 0.5, 0.5, 0.5, 0.5, 0.5, 0.5 * 1.00000, 0.00000, 0.00000 *  * 0.00000 *   0
0.7301715192556979, 0.9279929513218277, 0.5, 0.5, 0.5, 0.5, 0.5, 0.5, 0.5, 0.5, 0.5, 0.5 * 1.00000, 0.00000, 0.00000 *  * 0.00000 *   0
0.9356675020333503, 0.28090897775538937, 0.5, 0.5, 0.5, 0.5, 0.5, 0.5, 0.5, 0.5, 0.5, 0.5 * 1.00000, 0.00000, 0.00000 *  * 0.00000 *   0
0.9364673612865964, 0.7259789333917369, 0.5, 0.5, 0.5, 0.5, 0.5, 0.5, 0.5, 0.5, 0.5, 0.5 * 1.00000, 0.00000, 0.00000 *  * 0.00000 *   0
0.8201778724582958, 0.9369727229368086, 0.5, 0.5, 0.5, 0.5, 0.5, 0.5, 0.5, 0.5, 0.5, 0.5 * 1.00000, 0.00000, 0.00000 *  * 0.00000 *   0
0.7103178739380507, 0.9371611028329825, 0.5, 0.5, 0.5, 0.5, 0.5, 0.5, 0.5, 0.5, 0.5, 0.5 * 1.00000, 0.00000, 0.00000 *  * 0.00000 *   0
0.937392365111399, 0.680717534057035, 0.5, 0.5, 0.5, 0.5, 0.5, 0.5, 0.5, 0.5, 0.5, 0.5 * 1.00000, 0.00000, 0.00000 *  * 0.00000 *   0
0.41057190335661065, 0.33148597105176036, 0.5, 0.5, 0.5, 0.5, 0.5, 0.5, 0.5, 0.5, 0.5, 0.5 * 1.00000, 0.00000, 0.00000 *  * 0.00000 *   0
0.20586321259882, 0.9123857334326003, 0.5, 0.5, 0.5, 0.5, 0.5, 0.5, 0.5, 0.5, 0.5, 0.5 * 1.00000, 0.00000, 0.00000 *  * 0.00000 *   0
0.9284670542761234, 0.35155732421073826, 0.5, 0.5, 0.5, 0.5, 0.5, 0.5, 0.5, 0.5, 0.5, 0.5 * 1.00000, 0.00000, 0.00000 *  * 0.00000 *   0
0.7881439069213362, 0.935604983829123, 0.5, 0.5, 0.5, 0.5, 0.5, 0.5, 0.5, 0.5, 0.5, 0.5 * 1.00000, 0.00000, 0.00000 *  * 0.00000 *   0
0.9359093555333395, 0.5336687812273563, 0.5, 0.5, 0.5, 0.5, 0.5, 0.5, 0.5, 0.5, 0.5, 0.5 * 1.00000, 0.00000, 0.00000 *  * 0.00000 *   0
0.7027411832643831, 0.9368957192584529, 0.5, 0.5, 0.5, 0.5, 0.5, 0.5, 0.5, 0.5, 0.5, 0.5 * 1.00000, 0.00000, 0.00000 *  * 0.00000 *   0
0.9369672630795158, 0.7481648932130048, 0.5, 0.5, 0.5, 0.5, 0.5, 0.5, 0.5, 0.5, 0.5, 0.5 * 1.00000, 0.00000, 0.00000 *  * 0.00000 *   0
0.7747679539454845, 0.9369892787349726, 0.5, 0.5, 0.5, 0.5, 0.5, 0.5, 0.5, 0.5, 0.5, 0.5 * 1.00000, 0.00000, 0.00000 *  * 0.00000 *   0
0.9370309520777017, 0.8065723980696007, 0.5, 0.5, 0.5, 0.5, 0.5, 0.5, 0.5, 0.5, 0.5, 0.5 * 1.00000, 0.00000, 0.00000 *  * 0.00000 *   0
0.9370895989816939, 0.393747511285264, 0.5, 0.5, 0.5, 0.5, 0.5, 0.5, 0.5, 0.5, 0.5, 0.5 * 1.00000, 0.00000, 0.00000 *  * 0.00000 *   0
0.8339139094740378, 0.16751438676380337, 0.5, 0.5, 0.5, 0.5, 0.5, 0.5, 0.5, 0.5, 0.5, 0.5 * 1.00000, 0.00000, 0.00000 *  * 0.00000 *   0
0.13935557786657615, 0.8550402769599323, 0.5, 0.5, 0.5, 0.5, 0.5, 0.5, 0.5, 0.5, 0.5, 0.5 * 1.00000, 0.00000, 0.00000 *  * 0.00000 *   0
0.8808083443861574, 0.3192016942168906, 0.5, 0.5, 0.5, 0.5, 0.5, 0.5, 0.5, 0.5, 0.5, 0.5 * 1.00000, 0.00000, 0.00000 *  * 0.00000 *   0
0.8840012144928625, 0.1874335327672194, 0.5, 0.5, 0.5, 0.5, 0.5, 0.5, 0.5, 0.5, 0.5, 0.5 * 1.00000, 0.00000, 0.00000 *  * 0.00000 *   0
0.9138636178899578, 0.3464042801927367, 0.5, 0.5, 0.5, 0.5, 0.5, 0.5, 0.5, 0.5, 0.5, 0.5 * 1.00000, 0.00000, 0.00000 *  * 0.00000 *   0
0.926520851119593, 0.02409180830358204, 0.5, 0.5, 0.5, 0.5, 0.5, 0.5, 0.5, 0.5, 0.5, 0.5 * 1.00000, 0.00000, 0.00000 *  * 0.00000 *   0
0.2974490019511349, 0.9326239648306061, 0.5, 0.5, 0.5, 0.5, 0.5, 0.5, 0.5, 0.5, 0.5, 0.5 * 1.00000, 0.00000, 0.00000 *  * 0.00000 *   0
0.12457234336525469, 0.9336969640580594, 0.5, 0.5, 0.5, 0.5, 0.5, 0.5, 0.5, 0.5, 0.5, 0.5 * 1.00000, 0.00000, 0.00000 *  * 0.00000 *   0
0.9342085137138779, 0.46305017144691374, 0.5, 0.5, 0.5, 0.5, 0.5, 0.5, 0.5, 0.5, 0.5, 0.5 * 1.00000, 0.00000, 0.00000 *  * 0.00000 *   0
0.9362145404444275, 0.7502129599008013, 0.5, 0.5, 0.5, 0.5, 0.5, 0.5, 0.5, 0.5, 0.5, 0.5 * 1.00000, 0.00000, 0.00000 *  * 0.00000 *   0
0.9372712793952945, 0.3174025334563406, 0.5, 0.5, 0.5, 0.5, 0.5, 0.5, 0.5, 0.5, 0.5, 0.5 * 1.00000, 0.00000, 0.00000 *  * 0.00000 *   0
0.864979361151324, 0.9373044664472613, 0.5, 0.5, 0.5, 0.5, 0.5, 0.5, 0.5, 0.5, 0.5, 0.5 * 1.00000, 0.00000, 0.00000 *  * 0.00000 *   0
0.37870940282534615, 0.7124357241483285, 0.5, 0.5, 0.5, 0.5, 0.5, 0.5, 0.5, 0.5, 0.5, 0.5 * 1.00000, 0.00000, 0.00000 *  * 0.00000 *   0
0.24351299697999262, 0.8461633822969725, 0.5, 0.5, 0.5, 0.5, 0.5, 0.5, 0.5, 0.5, 0.5, 0.5 * 1.00000, 0.00000, 0.00000 *  * 0.00000 *   0
0.8580882909242994, 0.14314411635154256, 0.5, 0.5, 0.5, 0.5, 0.5, 0.5, 0.5, 0.5, 0.5, 0.5 * 1.00000, 0.00000, 0.00000 *  * 0.00000 *   0
0.20042533429389509, 0.9210826864138968, 0.5, 0.5, 0.5, 0.5, 0.5, 0.5, 0.5, 0.5, 0.5, 0.5 * 1.00000, 0.00000, 0.00000 *  * 0.00000 *   0
0.9351172629100906, 0.22354697909417764, 0.5, 0.5, 0.5, 0.5, 0.5, 0.5, 0.5, 0.5, 0.5, 0.5 * 1.00000, 0.00000, 0.00000 *  * 0.00000 *   0
0.5697734312603295, 0.935164291940513, 0.5, 0.5, 0.5, 0.5, 0.5, 0.5, 0.5, 0.5, 0.5, 0.5 * 1.00000, 0.00000, 0.00000 *  * 0.00000 *   0
0.723359766836293, 0.9366502206126279, 0.5, 0.5, 0.5, 0.5, 0.5, 0.5, 0.5, 0.5, 0.5, 0.5 * 1.00000, 0.00000, 0.00000 *  * 0.00000 *   0
0.4297122211610571, 0.9367025505698366, 0.5, 0.5, 0.5, 0.5, 0.5, 0.5, 0.5, 0.5, 0.5, 0.5 * 1.00000, 0.00000, 0.00000 *  * 0.00000 *   0
0.9368515429339236, 0.3099360560022485, 0.5, 0.5, 0.5, 0.5, 0.5, 0.5, 0.5, 0.5, 0.5, 0.5 * 1.00000, 0.00000, 0.00000 *  * 0.00000 *   0
0.9368543102341217, 0.2454397545341821, 0.5, 0.5, 0.5, 0.5, 0.5, 0.5, 0.5, 0.5, 0.5, 0.5 * 1.00000, 0.00000, 0.00000 *  * 0.00000 *   0
0.023351851701625903, 0.6880266037342322, 0.5, 0.5, 0.5, 0.5, 0.5, 0.5, 0.5, 0.5, 0.5, 0.5 * 1.00000, 0.00000, 0.00000 *  * 0.00000 *   0
0.8944345827852691, 0.09529085322082587, 0.5, 0.5, 0.5, 0.5, 0.5, 0.5, 0.5, 0.5, 0.5, 0.5 * 1.00000, 0.00000, 0.00000 *  * 0.00000 *   0
0.9104115663162481, 0.26204512959366777, 0.5, 0.5, 0.5, 0.5, 0.5, 0.5, 0.5, 0.5, 0.5, 0.5 * 1.00000, 0.00000, 0.00000 *  * 0.00000 *   0
0.3219714040065197, 0.9361901289515767, 0.5, 0.5, 0.5, 0.5, 0.5, 0.5, 0.5, 0.5, 0.5, 0.5 * 1.00000, 0.00000, 0.00000 *  * 0.00000 *   0
0.337354380466527, 0.9362746112194469, 0.5, 0.5, 0.5, 0.5, 0.5, 0.5, 0.5, 0.5, 0.5, 0.5 * 1.00000, 0.00000, 0.00000 *  * 0.00000 *   0
0.39870844889912005, 0.9364918713176974, 0.5, 0.5, 0.5, 0.5, 0.5, 0.5, 0.5, 0.5, 0.5, 0.5 * 1.00000, 0.00000, 0.00000 *  * 0.00000 *   0
0.936850418791307, 0.6944890112780625, 0.5, 0.5, 0.5, 0.5, 0.5, 0.5, 0.5, 0.5, 0.5, 0.5 * 1.00000, 0.00000, 0.00000 *  * 0.00000 *   0
0.937280525195207, 0.7868546998343641, 0.5, 0.5, 0.5, 0.5, 0.5, 0.5, 0.5, 0.5, 0.5, 0.5 * 1.00000, 0.00000, 0.00000 *  * 0.00000 *   0
0.7161312606939875, 0.6739678989520824, 0.5, 0.5, 0.5, 0.5, 0.5, 0.5, 0.5, 0.5, 0.5, 0.5 * 1.00000, 0.00000, 0.00000 *  * 0.00000 *   0
0.7342007800193662, 0.9947381107114075, 0.5, 0.5, 0.5, 0.5, 0.5, 0.5, 0.5, 0.5, 0.5, 0.5 * 0.60038, 0.79972, 0.00000 *  * 0.00000 *   0
0.8442369903026468, 0.6995364774789821, 0.5, 0.5, 0.5, 0.5, 0.5, 0.5, 0.5, 0.5, 0.5, 0.5 * 1.00000, 0.00000, 0.00000 *  * 0.00000 *   0
0.9168887374990375, 0.7916603417833002, 0.5, 0.5, 0.5, 0.5, 0.5, 0.5, 0.5, 0.5, 0.5, 0.5 * 1.00000, 0.00000, 0.00000 *  * 0.00000 *   0
0.9108024817943697, 0.9210513102025699, 0.5, 0.5, 0.5, 0.5, 0.5, 0.5, 0.5, 0.5, 0.5, 0.5 * 1.00000, 0.00000, 0.00000 *  * 0.00000 *   0
0.9289937836786353, 0.1686208809758034, 0.5, 0.5, 0.5, 0.5, 0.5, 0.5, 0.5, 0.5, 0.5, 0.5 * 1.00000, 0.00000, 0.00000 *  * 0.00000 *   0
0.25293337603713684, 0.9311378468179298, 0.5, 0.5, 0.5, 0.5, 0.5, 0.5, 0.5, 0.5, 0.5, 0.5 * 1.00000, 0.00000, 0.00000 *  * 0.00000 *   0
0.9349704896933737, 0.052616539644703364, 0.5, 0.5, 0.5, 0.5, 0.5, 0.5, 0.5, 0.5, 0.5, 0.5 * 1.00000, 0.00000, 0.00000 *  * 0.00000 *   0
0.15549674966718197, 0.9364874980491629, 0.5, 0.5, 0.5, 0.5, 0.5, 0.5, 0.5, 0.5, 0.5, 0.5 * 1.00000, 0.00000, 0.00000 *  * 0.00000 *   0
0.9370673929897045, 0.6915138207666975, 0.5, 0.5, 0.5, 0.5, 0.5, 0.5, 0.5, 0.5, 0.5, 0.5 * 1.00000, 0.00000, 0.00000 *  * 0.00000 *   0
0.1680179276133258, 0.9373846472929502, 0.5, 0.5, 0.5, 0.5, 0.5, 0.5, 0.5, 0.5, 0.5, 0.5 * 1.00000, 0.00000, 0.00000 *  * 0.00000 *   0
0.8161833113393571, 0.9048670050555884, 0.5, 0.5, 0.5, 0.5, 0.5, 0.5, 0.5, 0.5, 0.5, 0.5 * 1.00000, 0.00000, 0.00000 *  * 0.00000 *   0
0.7148000393228893, 0.9144480168775848, 0.5, 0.5, 0.5, 0.5, 0.5, 0.5, 0.5, 0.5, 0.5, 0.5 * 1.00000, 0.00000, 0.00000 *  * 0.00000 *   0
0.23465667579603589, 0.9269354709653836, 0.5, 0.5, 0.5, 0.5, 0.5, 0.5, 0.5, 0.5, 0.5, 0.5 * 1.00000, 0.00000, 0.00000 *  * 0.00000 *   0
0.2652237263243631, 0.9322878763734782, 0.5, 0.5, 0.5, 0.5, 0.5, 0.5, 0.5, 0.5, 0.5, 0.5 * 1.00000, 0.00000, 0.00000 *  * 0.00000 *   0
0.8522809475567702, 0.9347208723453201, 0.5, 0.5, 0.5, 0.5, 0.5, 0.5, 0.5, 0.5, 0.5, 0.5 * 1.00000, 0.00000, 0.00000 *  * 0.00000 *   0
0.9359378989075425, 0.07863266601461039, 0.5, 0.5, 0.5, 0.5, 0.5, 0.5, 0.5, 0.5, 0.5, 0.5 * 1.00000, 0.00000, 0.00000 *  * 0.00000 *   0
0.9360994851285175, 0.6689420703270619, 0.5, 0.5, 0.5, 0.5, 0.5, 0.5, 0.5, 0.5, 0.5, 0.5 * 1.00000, 0.00000, 0.00000 *  * 0.00000 *   0
0.2336151090206947, 0.9372742805104592, 0.5, 0.5, 0.5, 0.5, 0.5, 0.5, 0.5, 0.5, 0.5, 0.5 * 1.00000, 0.00000, 0.00000 *  * 0.00000 *   0
0.9373904516263721, 0.21776438449761404, 0.5, 0.5, 0.5, 0.5, 0.5, 0.5, 0.5, 0.5, 0.5, 0.5 * 1.00000, 0.00000, 0.00000 *  * 0.00000 *   0
0.3512150284247074, 0.45564254504309243, 0.5, 0.5, 0.5, 0.5, 0.5, 0.5, 0.5, 0.5, 0.5, 0.5 * 1.00000, 0.00000, 0.00000 *  * 0.00000 *   0
0.9186528394620678, 0.029701751117515718, 0.5, 0.5, 0.5, 0.5, 0.5, 0.5, 0.5, 0.5, 0.5, 0.5 * 1.00000, 0.00000, 0.00000 *  * 0.00000 *   0
0.9264436505941668, 0.18318820787629075, 0.5, 0.5, 0.5, 0.5, 0.5, 0.5, 0.5, 0.5, 0.5, 0.5 * 1.00000, 0.00000, 0.00000 *  * 0.00000 *   0
0.5504091752502593, 0.9295597578640427, 0.5, 0.5, 0.5, 0.5, 0.5, 0.5, 0.5, 0.5, 0.5, 0.5 * 1.00000, 0.00000, 0.00000 *  * 0.00000 *   0
0.9307071148911512, 0.576730804947315, 0.5, 0.5, 0.5, 0.5, 0.5, 0.5, 0.5, 0.5, 0.5, 0.5 * 1.00000, 0.00000, 0.00000 *  * 0.00000 *   0
0.5135024191607735, 0.9333036463078993, 0.5, 0.5, 0.5, 0.5, 0.5, 0.5, 0.5, 0.5, 0.5, 0.5 * 1.00000, 0.00000, 0.00000 *  * 0.00000 *   0
0.9355907470806872, 0.21421018942940673, 0.5, 0.5, 0.5, 0.5, 0.5, 0.5, 0.5, 0.5, 0.5, 0.5 * 1.00000, 0.00000, 0.00000 *  * 0.00000 *   0
0.3489908954707811, 0.9357423361669122, 0.5, 0.5, 0.5, 0.5, 0.5, 0.5, 0.5, 0.5, 0.5, 0.5 * 1.00000, 0.00000, 0.00000 *  * 0.00000 *   0
0.6573379179751208, 0.9373247212727915, 0.5, 0.5, 0.5, 0.5, 0.5, 0.5, 0.5, 0.5, 0.5, 0.5 * 1.00000, 0.00000, 0.00000 *  * 0.00000 *   0
0.18784017978531686, 0.7027593386930351, 0.5, 0.5, 0.5, 0.5, 0.5, 0.5, 0.5, 0.5, 0.5, 0.5 * 1.00000, 0.00000, 0.00000 *  * 0.00000 *   0
0.5748377337853979, 0.8882741714265915, 0.5, 0.5, 0.5, 0.5, 0.5, 0.5, 0.5, 0.5, 0.5, 0.5 * 1.00000, 0.00000, 0.00000 *  * 0.00000 *   0
0.19633048780877904, 0.9241377019719417, 0.5, 0.5, 0.5, 0.5, 0.5, 0.5, 0.5, 0.5, 0.5, 0.5 * 1.00000, 0.00000, 0.00000 *  * 0.00000 *   0
0.9275562002425181, 0.3867028718765194, 0.5, 0.5, 0.5, 0.5, 0.5, 0.5, 0.5, 0.5, 0.5, 0.5 * 1.00000, 0.00000, 0.00000 *  * 0.00000 *   0
0.9347504600366588, 0.9247187557673615, 0.5, 0.5, 0.5, 0.5, 0.5, 0.5, 0.5, 0.5, 0.5, 0.5 * 1.00000, 0.00000, 0.00000 *  * 0.00000 *   0
0.9372994574772163, 0.1655934995281524, 0.5, 0.5, 0.5, 0.5, 0.5, 0.5, 0.5, 0.5, 0.5, 0.5 * 1.00000, 0.00000, 0.00000 *  * 0.00000 *   0
0.5812358274835316, 0.2979763931105076, 0.5, 0.5, 0.5, 0.5, 0.5, 0.5, 0.5, 0.5, 0.5, 0.5 * 1.00000, 0.00000, 0.00000 *  * 0.00000 *   0
0.8117408628061279, 0.9270106442257221, 0.5, 0.5, 0.5, 0.5, 0.5, 0.5, 0.5, 0.5, 0.5, 0.5 * 1.00000, 0.00000, 0.00000 *  * 0.00000 *   0
0.3868697626216363, 0.9273664737635156, 0.5, 0.5, 0.5, 0.5, 0.5, 0.5, 0.5, 0.5, 0.5, 0.5 * 1.00000, 0.00000, 0.00000 *  * 0.00000 *   0
0.5209233057270917, 0.9313911831169657, 0.5, 0.5, 0.5, 0.5, 0.5, 0.5, 0.5, 0.5, 0.5, 0.5 * 1.00000, 0.00000, 0.00000 *  * 0.00000 *   0
0.9361400066735064, 0.7750853913831561, 0.5, 0.5, 0.5, 0.5, 0.5, 0.5, 0.5, 0.5, 0.5, 0.5 * 1.00000, 0.00000, 0.00000 *  * 0.00000 *   0
0.9355116353558057, 0.9320262094235711, 0.5, 0.5, 0.5, 0.5, 0.5, 0.5, 0.5, 0.5, 0.5, 0.5 * 1.00000, 0.00000, 0.00000 *  * 0.00000 *   0
0.3731687819137868, 0.9373957241310512, 0.5, 0.5, 0.5, 0.5, 0.5, 0.5, 0.5, 0.5, 0.5, 0.5 * 1.00000, 0.00000, 0.00000 *  * 0.00000 *   0
0.937403885392324, 0.6083530595238569, 0.5, 0.5, 0.5, 0.5, 0.5, 0.5, 0.5, 0.5, 0.5, 0.5 * 1.00000, 0.00000, 0.00000 *  * 0.00000 *   0
0.7839783813580419, 0.8333892289294651, 0.5, 0.5, 0.5, 0.5, 0.5, 0.5, 0.5, 0.5, 0.5, 0.5 * 1.00000, 0.00000, 0.00000 *  * 0.00000 *   0
0.5044450259940922, 0.8689353257060994, 0.5, 0.5, 0.5, 0.5, 0.5, 0.5, 0.5, 0.5, 0.5, 0.5 * 1.00000, 0.00000, 0.00000 *  * 0.00000 *   0
0.31638672791804745, 0.9238390328263086, 0.5, 0.5, 0.5, 0.5, 0.5, 0.5, 0.5, 0.5, 0.5, 0.5 * 1.00000, 0.00000, 0.00000 *  * 0.00000 *   0
0.9314332779575303, 0.1842726040827004, 0.5, 0.5, 0.5, 0.5, 0.5, 0.5, 0.5, 0.5, 0.5, 0.5 * 1.00000, 0.00000, 0.00000 *  * 0.00000 *   0
0.7895283678913197, 0.9318306176001849, 0.5, 0.5, 0.5, 0.5, 0.5, 0.5, 0.5, 0.5, 0.5, 0.5 * 1.00000, 0.00000, 0.00000 *  * 0.00000 *   0
0.6187937576721763, 0.9351306788383241, 0.5, 0.5, 0.5, 0.5, 0.5, 0.5, 0.5, 0.5, 0.5, 0.5 * 1.00000, 0.00000, 0.00000 *  * 0.00000 *   0
0.936760441271453, 0.7435646570084199, 0.5, 0.5, 0.5, 0.5, 0.5, 0.5, 0.5, 0.5, 0.5, 0.5 * 1.00000, 0.00000, 0.00000 *  * 0.00000 *   0
0.9369618923601635, 0.6930316462558178, 0.5, 0.5, 0.5, 0.5, 0.5, 0.5, 0.5, 0.5, 0.5, 0.5 * 1.00000, 0.00000, 0.00000 *  * 0.00000 *   0
0.21648235724163356, 0.9373508980401465, 0.5, 0.5, 0.5, 0.5, 0.5, 0.5, 0.5, 0.5, 0.5, 0.5 * 1.00000, 0.00000, 0.00000 *  * 0.00000 *   0
0.9373759619591071, 0.23532814182413553, 0.5, 0.5, 0.5, 0.5, 0.5, 0.5, 0.5, 0.5, 0.5, 0.5 * 1.00000, 0.00000, 0.00000 *  * 0.00000 *   0
0.9373896182223073, 0.11892671635238017, 0.5, 0.5, 0.5, 0.5, 0.5, 0.5, 0.5, 0.5, 0.5, 0.5 * 1.00000, 0.00000, 0.00000 *  * 0.00000 *   0
0.8535449861953835, 0.9133353743628837, 0.5, 0.5, 0.5, 0.5, 0.5, 0.5, 0.5, 0.5, 0.5, 0.5 * 1.00000, 0.00000, 0.00000 *  * 0.00000 *   0
0.9138027873553821, 0.23716546982062725, 0.5, 0.5, 0.5, 0.5, 0.5, 0.5, 0.5, 0.5, 0.5, 0.5 * 1.00000, 0.00000, 0.00000 *  * 0.00000 *   0
0.13843255694426715, 0.9327249943131165, 0.5, 0.5, 0.5, 0.5, 0.5, 0.5, 0.5, 0.5, 0.5, 0.5 * 1.00000, 0.00000, 0.00000 *  * 0.00000 *   0
0.9345032308504273, 0.8569905843893963, 0.5, 0.5, 0.5, 0.5, 0.5, 0.5, 0.5, 0.5, 0.5, 0.5 * 1.00000, 0.00000, 0.00000 *  * 0.00000 *   0
0.9359233838700096, 0.13559689788874074, 0.5, 0.5, 0.5, 0.5, 0.5, 0.5, 0.5, 0.5, 0.5, 0.5 * 1.00000, 0.00000, 0.00000 *  * 0.00000 *   0
0.9366784829985988, 0.1617223600846701, 0.5, 0.5, 0.5, 0.5, 0.5, 0.5, 0.5, 0.5, 0.5, 0.5 * 1.00000, 0.00000, 0.00000 *  * 0.00000 *   0
0.9373057427759374, 0.5066341473850271, 0.5, 0.5, 0.5, 0.5, 0.5, 0.5, 0.5, 0.5, 0.5, 0.5 * 1.00000, 0.00000, 0.00000 *  * 0.00000 *   0
0.13541216015693303, 0.33376050666821167, 0.5, 0.5, 0.5, 0.5, 0.5, 0.5, 0.5, 0.5, 0.5, 0.5 * 1.00000, 0.00000, 0.00000 *  * 0.00000 *   0
0.8926415750343664, 0.7726988365844675, 0.5, 0.5, 0.5, 0.5, 0.5, 0.5, 0.5, 0.5, 0.5, 0.5 * 1.00000, 0.00000, 0.00000 *  * 0.00000 *   0
0.8063243778585817, 0.9027911732446289, 0.5, 0.5, 0.5, 0.5, 0.5, 0.5, 0.5, 0.5, 0.5, 0.5 * 1.00000, 0.00000, 0.00000 *  * 0.00000 *   0
0.8079202844460259, 0.9157589374596102, 0.5, 0.5, 0.5, 0.5, 0.5, 0.5, 0.5, 0.5, 0.5, 0.5 * 1.00000, 0.00000, 0.00000 *  * 0.00000 *   0
0.9223970904332441, 0.6830406994247846, 0.5, 0.5, 0.5, 0.5, 0.5, 0.5, 0.5, 0.5, 0.5, 0.5 * 1.00000, 0.00000, 0.00000 *  * 0.00000 *   0
0.9317817348074794, 0.004868193758949979, 0.5, 0.5, 0.5, 0.5, 0.5, 0.5, 0.5, 0.5, 0.5, 0.5 * 1.00000, 0.00000, 0.00000 *  * 0.00000 *   0
0.9331290573758534, 0.6983545107461024, 0.5, 0.5, 0.5, 0.5, 0.5, 0.5, 0.5, 0.5, 0.5, 0.5 * 1.00000, 0.00000, 0.00000 *  * 0.00000 *   0
0.9369198629433975, 0.24431143702387847, 0.5, 0.5, 0.5, 0.5, 0.5, 0.5, 0.5, 0.5, 0.5, 0.5 * 1.00000, 0.00000, 0.00000 *  * 0.00000 *   0
0.025242209931298, 0.9372367020504535, 0.5, 0.5, 0.5, 0.5, 0.5, 0.5, 0.5, 0.5, 0.5, 0.5 * 1.00000, 0.00000, 0.00000 *  * 0.00000 *   0
0.2930592081673604, 0.9372668214174243, 0.5, 0.5, 0.5, 0.5, 0.5, 0.5, 0.5, 0.5, 0.5, 0.5 * 1.00000, 0.00000, 0.00000 *  * 0.00000 *   0
0.3684001020284976, 0.9190187631212785, 0.5, 0.5, 0.5, 0.5, 0.5, 0.5, 0.5, 0.5, 0.5, 0.5 * 1.00000, 0.00000, 0.00000 *  * 0.00000 *   0
0.9154049686009611, 0.919409942552772, 0.5, 0.5, 0.5, 0.5, 0.5, 0.5, 0.5, 0.5, 0.5, 0.5 * 1.00000, 0.00000, 0.00000 *  * 0.00000 *   0
0.9276821315892607, 0.9299007744685897, 0.5, 0.5, 0.5, 0.5, 0.5, 0.5, 0.5, 0.5, 0.5, 0.5 * 1.00000, 0.00000, 0.00000 *  * 0.00000 *   0
0.9339108557182522, 0.5447375844554699, 0.5, 0.5, 0.5, 0.5, 0.5, 0.5, 0.5, 0.5, 0.5, 0.5 * 1.00000, 0.00000, 0.00000 *  * 0.00000 *   0
0.1346959739983392, 0.9365087061971623, 0.5, 0.5, 0.5, 0.5, 0.5, 0.5, 0.5, 0.5, 0.5, 0.5 * 1.00000, 0.00000, 0.00000 *  * 0.00000 *   0
0.010265987714322744, 0.9372913029348743, 0.5, 0.5, 0.5, 0.5, 0.5, 0.5, 0.5, 0.5, 0.5, 0.5 * 1.00000, 0.00000, 0.00000 *  * 0.00000 *   0
0.7170627427614852, 0.9373216878599345, 0.5, 0.5, 0.5, 0.5, 0.5, 0.5, 0.5, 0.5, 0.5, 0.5 * 1.00000, 0.00000, 0.00000 *  * 0.00000 *   0
