0.171035267785817, 0.32093112316765904, 0.0, 0.0, 0.0, 0.0, 0.0, 0.0, 0.0, 0.0, 0.0, 0.0 * 0.68174, 0.68174, 0.26544 *  * 0.00000 *   0
0.8499234932823266, 0.5603641771835292, 0.0, 0.0, 0.0, 0.0, 0.0, 0.0, 0.0, 0.0, 0.0, 0.0 * 0.16515, 0.16515, 0.97234 *  * 0.00000 *   0
0.6748287203059745, 0.4075990036042151, 0.0, 0.0, 0.0, 0.0, 0.0, 0.0, 0.0, 0.0, 0.0, 0.0 * 0.34567, 0.34567, 0.87236 *  * 0.00000 *   0
0.3667612175297166, 0.3667228435828276, 0.0, 0.0, 0.0, 0.0, 0.0, 0.0, 0.0, 0.0, 0.0, 0.0 * 0.59297, 0.59297, 0.54476 *  * 0.00000 *   0
0.12141524353843614, 0.4746829427040642, 0.0, 0.0, 0.0, 0.0, 0.0, 0.0, 0.0, 0.0, 0.0, 0.0 * 0.69429, 0.69429, 0.18956 *  * 0.00000 *   0
0.42609413427648746, 0.4065417657749688, 0.0, 0.0, 0.0, 0.0, 0.0, 0.0, 0.0, 0.0, 0.0, 0.0 * 0.55455, 0.55455, 0.62044 *  * 0.00000 *   0
0.03679154299740761, 0.3971382677259715, 0.0, 0.0, 0.0, 0.0, 0.0, 0.0, 0.0, 0.0, 0.0, 0.0 * 0.70593, 0.70593, 0.05776 *  * 0.00000 *   0
0.6154290338814723, 0.47915558570066075, 0.0, 0.0, 0.0, 0.0, 0.0, 0.0, 0.0, 0.0, 0.0, 0.0 * 0.40164, 0.40164, 0.82302 *  * 0.00000 *   0
0.527249857957742, 0.5375949511686083, 0.0, 0.0, 0.0, 0.0, 0.0, 0.0, 0.0, 0.0, 0.0, 0.0 * 0.47815, 0.47815, 0.73672 *  * 0.00000 *   0
0.2983690379904691, 0.680655725203703, 0.0, 0.0, 0.0, 0.0, 0.0, 0.0, 0.0, 0.0, 0.0, 0.0 * 0.63086, 0.63086, 0.45171 *  * 0.00000 *   0
0.23347960586767147, 0.4270218176983106, 0.0, 0.0, 0.0, 0.0, 0.0, 0.0, 0.0, 0.0, 0.0, 0.0 * 0.66008, 0.66008, 0.35858 *  * 0.00000 *   0
0.6937151936575525, 0.2095543787545534, 0.0, 0.0, 0.0, 0.0, 0.0, 0.0, 0.0, 0.0, 0.0, 0.0 * 0.32722, 0.32722, 0.88648 *  * 0.00000 *   0
0.5346688367717317, 0.6953905312847101, 0.0, 0.0, 0.0, 0.0, 0.0, 0.0, 0.0, 0.0, 0.0, 0.0 * 0.47204, 0.47204, 0.74455 *  * 0.00000 *   0
0.2045680115870312, 0.42244864400963533, 0.0, 0.0, 0.0, 0.0, 0.0, 0.0, 0.0, 0.0, 0.0, 0.0 * 0.67091, 0.67091, 0.31583 *  * 0.00000 *   0
0.0026059000752354233, 0.252339615863978, 0.0, 0.0, 0.0, 0.0, 0.0, 0.0, 0.0, 0.0, 0.0, 0.0 * 0.70710, 0.70710, 0.00409 *  * 0.00000 *   0
0.9974290081006955, 0.13968452198548498, 0.0, 0.0, 0.0, 0.0, 0.0, 0.0, 0.0, 0.0, 0.0, 0.0 * 0.00286, 0.00286, 0.99999 *  * 0.00000 *   0
0.10578090641777826, 0.717838539332004, 0.0, 0.0, 0.0, 0.0, 0.0, 0.0, 0.0, 0.0, 0.0, 0.0 * 0.69737, 0.69737, 0.16540 *  * 0.00000 *   0
0.8313023253361608, 0.20102102526631704, 0.0, 0.0, 0.0, 0.0, 0.0, 0.0, 0.0, 0.0, 0.0, 0.0 * 0.18519, 0.18519, 0.96510 *  * 0.00000 *   0
0.1634874018882917, 0.10285187576867116, 0.0, 0.0, 0.0, 0.0, 0.0, 0.0, 0.0, 0.0, 0.0, 0.0 * 0.68392, 0.68392, 0.25399 *  * 0.00000 *   0
0.13679626576353554, 0.2712942005299136, 0.0, 0.0, 0.0, 0.0, 0.0, 0.0, 0.0, 0.0, 0.0, 0.0 * 0.69084, 0.69084, 0.21323 *  * 0.00000 *   0
0.5499238075468081, 0.7400032031665195, 0.0, 0.0, 0.0, 0.0, 0.0, 0.0, 0.0, 0.0, 0.0, 0.0 * 0.45929, 0.45929, 0.76033 *  * 0.00000 *   0
0.34522480062505523, 0.8960812591069317, 0.0, 0.0, 0.0, 0.0, 0.0, 0.0, 0.0, 0.0, 0.0, 0.0 * 0.60566, 0.60566, 0.51609 *  * 0.00000 *   0
0.14829510109009403, 0.46423931780908556, 0.0, 0.0, 0.0, 0.0, 0.0, 0.0, 0.0, 0.0, 0.0, 0.0 * 0.68801, 0.68801, 0.23084 *  * 0.00000 *   0
0.4677092460127812, 0.807364562253889, 0.0, 0.0, 0.0, 0.0, 0.0, 0.0, 0.0, 0.0, 0.0, 0.0 * 0.52471, 0.52471, 0.67035 *  * 0.00000 *   0
0.0549142936263175, 0.04349419905479179, 0.0, 0.0, 0.0, 0.0, 0.0, 0.0, 0.0, 0.0, 0.0, 0.0 * 0.70448, 0.70448, 0.08615 *  * 0.00000 *   0
0.9242797489564938, 0.47919569955840724, 0.0, 0.0, 0.0, 0.0, 0.0, 0.0, 0.0, 0.0, 0.0, 0.0 * 0.08391, 0.08391, 0.99293 *  * 0.00000 *   0
0.5333039995819737, 0.8593530821542542, 0.0, 0.0, 0.0, 0.0, 0.0, 0.0, 0.0, 0.0, 0.0, 0.0 * 0.47317, 0.47317, 0.74311 *  * 0.00000 *   0
0.6229767921380366, 0.9333596008720686, 0.0, 0.0, 0.0, 0.0, 0.0, 0.0, 0.0, 0.0, 0.0, 0.0 * 0.39471, 0.39471, 0.82970 *  * 0.00000 *   0
0.21829805503758248, 0.8377165645952027, 0.0, 0.0, 0.0, 0.0, 0.0, 0.0, 0.0, 0.0, 0.0, 0.0 * 0.66594, 0.66594, 0.33622 *  * 0.00000 *   0
0.28895292584836996, 0.7950385625615941, 0.0, 0.0, 0.0, 0.0, 0.0, 0.0, 0.0, 0.0, 0.0, 0.0 * 0.63551, 0.63551, 0.43846 *  * 0.00000 *   0
0.5701430652828724, 0.629464656568048, 0.0, 0.0, 0.0, 0.0, 0.0, 0.0, 0.0, 0.0, 0.0, 0.0 * 0.44199, 0.44199, 0.78057 *  * 0.00000 *   0
0.04357419074552826, 0.5984762625841529, 0.0, 0.0, 0.0, 0.0, 0.0, 0.0, 0.0, 0.0, 0.0, 0.0 * 0.70545, 0.70545, 0.06839 *  * 0.00000 *   0
0.578599896492609, 0.04112082025557584, 0.0, 0.0, 0.0, 0.0, 0.0, 0.0, 0.0, 0.0, 0.0, 0.0 * 0.43462, 0.43462, 0.78881 *  * 0.00000 *   0
0.23352169334948103, 0.3426419730030553, 0.0, 0.0, 0.0, 0.0, 0.0, 0.0, 0.0, 0.0, 0.0, 0.0 * 0.66007, 0.66007, 0.35864 *  * 0.00000 *   0
0.7170453201393254, 0.7155159979467719, 0.0, 0.0, 0.0, 0.0, 0.0, 0.0, 0.0, 0.0, 0.0, 0.0 * 0.30404, 0.30404, 0.90284 *  * 0.00000 *   0
0.5098932448669277, 0.2968944036997082, 0.0, 0.0, 0.0, 0.0, 0.0, 0.0, 0.0, 0.0, 0.0, 0.0 * 0.49217, 0.49217, 0.71801 *  * 0.00000 *   0
0.14657354192205418, 0.06245279288754846, 0.0, 0.0, 0.0, 0.0, 0.0, 0.0, 0.0, 0.0, 0.0, 0.0 * 0.68845, 0.68845, 0.22821 *  * 0.00000 *   0
0.15730485472977118, 0.056645981944534074, 0.0, 0.0, 0.0, 0.0, 0.0, 0.0, 0.0, 0.0, 0.0, 0.0 * 0.68563, 0.68563, 0.24459 *  * 0.00000 *   0
0.17009776422267142, 0.43936941543818164, 0.0, 0.0, 0.0, 0.0, 0.0, 0.0, 0.0, 0.0, 0.0, 0.0 * 0.68202, 0.68202, 0.26402 *  * 0.00000 *   0
0.6729923023646888, 0.8490267631641508, 0.0, 0.0, 0.0, 0.0, 0.0, 0.0, 0.0, 0.0, 0.0, 0.0 * 0.34745, 0.34745, 0.87095 *  * 0.00000 *   0
0.9364517522875314, 0.5820038117699742, 0.0, 0.0, 0.0, 0.0, 0.0, 0.0, 0.0, 0.0, 0.0, 0.0 * 0.07047, 0.07047, 0.99502 *  * 0.00000 *   0
0.5959127126879917, 0.08854858385242137, 0.0, 0.0, 0.0, 0.0, 0.0, 0.0, 0.0, 0.0, 0.0, 0.0 * 0.41929, 0.41929, 0.80523 *  * 0.00000 *   0
0.39449140413439154, 0.2850576919790796, 0.0, 0.0, 0.0, 0.0, 0.0, 0.0, 0.0, 0.0, 0.0, 0.0 * 0.57564, 0.57564, 0.58076 *  * 0.00000 *   0
0.5858461502269371, 0.18276902449169763, 0.0, 0.0, 0.0, 0.0, 0.0, 0.0, 0.0, 0.0, 0.0, 0.0 * 0.42824, 0.42824, 0.79575 *  * 0.00000 *   0
0.4971962794811434, 0.33286057682677817, 0.0, 0.0, 0.0, 0.0, 0.0, 0.0, 0.0, 0.0, 0.0, 0.0 * 0.50220, 0.50220, 0.70399 *  * 0.00000 *   0
0.7524970977570404, 0.5879555997167728, 0.0, 0.0, 0.0, 0.0, 0.0, 0.0, 0.0, 0.0, 0.0, 0.0 * 0.26803, 0.26803, 0.92537 *  * 0.00000 *   0
0.6557712367079639, 0.6800339376120097, 0.0, 0.0, 0.0, 0.0, 0.0, 0.0, 0.0, 0.0, 0.0, 0.0 * 0.36398, 0.36398, 0.85734 *  * 0.00000 *   0
0.23459613237977417, 0.11474974358786738, 0.0, 0.0, 0.0, 0.0, 0.0, 0.0, 0.0, 0.0, 0.0, 0.0 * 0.65964, 0.65964, 0.36022 *  * 0.00000 *   0
0.44374787982965924, 0.8821552056587472, 0.0, 0.0, 0.0, 0.0, 0.0, 0.0, 0.0, 0.0, 0.0, 0.0 * 0.54217, 0.54217, 0.64195 *  * 0.00000 *   0
0.029001352005815884, 0.48383084329238857, 0.0, 0.0, 0.0, 0.0, 0.0, 0.0, 0.0, 0.0, 0.0, 0.0 * 0.70637, 0.70637, 0.04554 *  * 0.00000 *   0
0.5510862774142025, 0.776421770627498, 0.0, 0.0, 0.0, 0.0, 0.0, 0.0, 0.0, 0.0, 0.0, 0.0 * 0.45831, 0.45831, 0.76151 *  * 0.00000 *   0
0.06980005888332741, 0.13158039578127023, 0.0, 0.0, 0.0, 0.0, 0.0, 0.0, 0.0, 0.0, 0.0, 0.0 * 0.70286, 0.70286, 0.10942 *  * 0.00000 *   0
0.9882763574010139, 0.412315206069514, 0.0, 0.0, 0.0, 0.0, 0.0, 0.0, 0.0, 0.0, 0.0, 0.0 * 0.01302, 0.01302, 0.99983 *  * 0.00000 *   0
0.5574102680375893, 0.2657459893166684, 0.0, 0.0, 0.0, 0.0, 0.0, 0.0, 0.0, 0.0, 0.0, 0.0 * 0.45294, 0.45294, 0.76791 *  * 0.00000 *   0
0.5404395738654342, 0.2322651708807466, 0.0, 0.0, 0.0, 0.0, 0.0, 0.0, 0.0, 0.0, 0.0, 0.0 * 0.46725, 0.46725, 0.75057 *  * 0.00000 *   0
0.5376822790405716, 0.17110540795423668, 0.0, 0.0, 0.0, 0.0, 0.0, 0.0, 0.0, 0.0, 0.0, 0.0 * 0.46955, 0.46955, 0.74770 *  * 0.00000 *   0
0.47143044339803564, 0.5023135528996693, 0.0, 0.0, 0.0, 0.0, 0.0, 0.0, 0.0, 0.0, 0.0, 0.0 * 0.52193, 0.52193, 0.67467 *  * 0.00000 *   0
0.7310002068023099, 0.7651306652448859, 0.0, 0.0, 0.0, 0.0, 0.0, 0.0, 0.0, 0.0, 0.0, 0.0 * 0.28997, 0.28997, 0.91205 *  * 0.00000 *   0
0.4779381150115478, 0.9927784970211024, 0.0, 0.0, 0.0, 0.0, 0.0, 0.0, 0.0, 0.0, 0.0, 0.0 * 0.51702, 0.51702, 0.68218 *  * 0.00000 *   0
0.6113836054945397, 0.4036520714641568, 0.0, 0.0, 0.0, 0.0, 0.0, 0.0, 0.0, 0.0, 0.0, 0.0 * 0.40533, 0.40533, 0.81940 *  * 0.00000 *   0
0.8935879288719115, 0.9089185413434563, 0.0, 0.0, 0.0, 0.0, 0.0, 0.0, 0.0, 0.0, 0.0, 0.0 * 0.11764, 0.11764, 0.98606 *  * 0.00000 *   0
0.7355890067926539, 0.9365223492703662, 0.0, 0.0, 0.0, 0.0, 0.0, 0.0, 0.0, 0.0, 0.0, 0.0 * 0.28532, 0.28532, 0.91498 *  * 0.00000 *   0
0.14304294895230008, 0.0715965633261687, 0.0, 0.0, 0.0, 0.0, 0.0, 0.0, 0.0, 0.0, 0.0, 0.0 * 0.68933, 0.68933, 0.22281 *  * 0.00000 *   0
0.32221141713946677, 0.013280589175270308, 0.0, 0.0, 0.0, 0.0, 0.0, 0.0, 0.0, 0.0, 0.0, 0.0 * 0.61846, 0.61846, 0.48479 *  * 0.00000 *   0
0.446105573918238, 0.34794395318985083, 0.0, 0.0, 0.0, 0.0, 0.0, 0.0, 0.0, 0.0, 0.0, 0.0 * 0.54049, 0.54049, 0.64478 *  * 0.00000 *   0
0.08078599754820215, 0.6388164620597595, 0.0, 0.0, 0.0, 0.0, 0.0, 0.0, 0.0, 0.0, 0.0, 0.0 * 0.70142, 0.70142, 0.12656 *  * 0.00000 *   0
0.771819077232203, 0.33202459732662815, 0.0, 0.0, 0.0, 0.0, 0.0, 0.0, 0.0, 0.0, 0.0, 0.0 * 0.24805, 0.24805, 0.93645 *  * 0.00000 *   0
0.2908895385145166, 0.9790341224904567, 0.0, 0.0, 0.0, 0.0, 0.0, 0.0, 0.0, 0.0, 0.0, 0.0 * 0.63457, 0.63457, 0.44119 *  * 0.00000 *   0
0.04256918078584171, 0.27549896974389976, 0.0, 0.0, 0.0, 0.0, 0.0, 0.0, 0.0, 0.0, 0.0, 0.0 * 0.70553, 0.70553, 0.06682 *  * 0.00000 *   0
0.13124202806077823, 0.41651636908134804, 0.0, 0.0, 0.0, 0.0, 0.0, 0.0, 0.0, 0.0, 0.0, 0.0 * 0.69213, 0.69213, 0.20470 *  * 0.00000 *   0
0.5881855726528297, 0.2682881974310658, 0.0, 0.0, 0.0, 0.0, 0.0, 0.0, 0.0, 0.0, 0.0, 0.0 * 0.42617, 0.42617, 0.79797 *  * 0.00000 *   0
0.2588082980114431, 0.8561886744702519, 0.0, 0.0, 0.0, 0.0, 0.0, 0.0, 0.0, 0.0, 0.0, 0.0 * 0.64948, 0.64948, 0.39543 *  * 0.00000 *   0
0.8500435328751514, 0.6692381443527058, 0.0, 0.0, 0.0, 0.0, 0.0, 0.0, 0.0, 0.0, 0.0, 0.0 * 0.16502, 0.16502, 0.97239 *  * 0.00000 *   0
0.6378994653774648, 0.28098327862522354, 0.0, 0.0, 0.0, 0.0, 0.0, 0.0, 0.0, 0.0, 0.0, 0.0 * 0.38085, 0.38085, 0.84256 *  * 0.00000 *   0
0.33516544376537993, 0.7867834246612425, 0.0, 0.0, 0.0, 0.0, 0.0, 0.0, 0.0, 0.0, 0.0, 0.0 * 0.61135, 0.61135, 0.50249 *  * 0.00000 *   0
0.6192745711810896, 0.557503196469283, 0.0, 0.0, 0.0, 0.0, 0.0, 0.0, 0.0, 0.0, 0.0, 0.0 * 0.39812, 0.39812, 0.82644 *  * 0.00000 *   0
0.8203224231435369, 0.8096114792395396, 0.0, 0.0, 0.0, 0.0, 0.0, 0.0, 0.0, 0.0, 0.0, 0.0 * 0.19693, 0.19693, 0.96043 *  * 0.00000 *   0
0.2692421335989751, 0.49168634843972236, 0.0, 0.0, 0.0, 0.0, 0.0, 0.0, 0.0, 0.0, 0.0, 0.0 * 0.64481, 0.64481, 0.41043 *  * 0.00000 *   0
0.8061357526829858, 0.9873266708699511, 0.0, 0.0, 0.0, 0.0, 0.0, 0.0, 0.0, 0.0, 0.0, 0.0 * 0.21202, 0.21202, 0.95399 *  * 0.00000 *   0
0.9487616899294379, 0.134469575563414, 0.0, 0.0, 0.0, 0.0, 0.0, 0.0, 0.0, 0.0, 0.0, 0.0 * 0.05685, 0.05685, 0.99676 *  * 0.00000 *   0
0.22117860800484035, 0.061114353326339854, 0.0, 0.0, 0.0, 0.0, 0.0, 0.0, 0.0, 0.0, 0.0, 0.0 * 0.66486, 0.66486, 0.34048 *  * 0.00000 *   0
0.14254541679079724, 0.33745267315857064, 0.0, 0.0, 0.0, 0.0, 0.0, 0.0, 0.0, 0.0, 0.0, 0.0 * 0.68946, 0.68946, 0.22204 *  * 0.00000 *   0
0.3760775242767602, 0.9444048547844175, 0.0, 0.0, 0.0, 0.0, 0.0, 0.0, 0.0, 0.0, 0.0, 0.0 * 0.58727, 0.58727, 0.55698 *  * 0.00000 *   0
0.538159560329914, 0.5585625176687622, 0.0, 0.0, 0.0, 0.0, 0.0, 0.0, 0.0, 0.0, 0.0, 0.0 * 0.46915, 0.46915, 0.74820 *  * 0.00000 *   0
0.16761394004284447, 0.6535375841666653, 0.0, 0.0, 0.0, 0.0, 0.0, 0.0, 0.0, 0.0, 0.0, 0.0 * 0.68274, 0.68274, 0.26026 *  * 0.00000 *   0
0.35512615327808195, 0.9177171674199012, 0.0, 0.0, 0.0, 0.0, 0.0, 0.0, 0.0, 0.0, 0.0, 0.0 * 0.59991, 0.59991, 0.52935 *  * 0.00000 *   0
0.5328258341857811, 0.4884251710148675, 0.0, 0.0, 0.0, 0.0, 0.0, 0.0, 0.0, 0.0, 0.0, 0.0 * 0.47357, 0.47357, 0.74261 *  * 0.00000 *   0
0.9240244824124699, 0.5024897733874225, 0.0, 0.0, 0.0, 0.0, 0.0, 0.0, 0.0, 0.0, 0.0, 0.0 * 0.08419, 0.08419, 0.99289 *  * 0.00000 *   0
0.15310920270151507, 0.46321738557051695, 0.0, 0.0, 0.0, 0.0, 0.0, 0.0, 0.0, 0.0, 0.0, 0.0 * 0.68675, 0.68675, 0.23819 *  * 0.00000 *   0
0.5155927236556261, 0.9237727619096553, 0.0, 0.0, 0.0, 0.0, 0.0, 0.0, 0.0, 0.0, 0.0, 0.0 * 0.48760, 0.48760, 0.72421 *  * 0.00000 *   0
0.4083197031119784, 0.986965315900251, 0.0, 0.0, 0.0, 0.0, 0.0, 0.0, 0.0, 0.0, 0.0, 0.0 * 0.56658, 0.56658, 0.59831 *  * 0.00000 *   0
0.41982935738285654, 0.1214418721148729, 0.0, 0.0, 0.0, 0.0, 0.0, 0.0, 0.0, 0.0, 0.0, 0.0 * 0.55884, 0.55884, 0.61270 *  * 0.00000 *   0
0.5808741833938226, 0.794285399734967, 0.0, 0.0, 0.0, 0.0, 0.0, 0.0, 0.0, 0.0, 0.0, 0.0 * 0.43262, 0.43262, 0.79100 *  * 0.00000 *   0
0.27509497488508283, 0.4200202119747942, 0.0, 0.0, 0.0, 0.0, 0.0, 0.0, 0.0, 0.0, 0.0, 0.0 * 0.64211, 0.64211, 0.41880 *  * 0.00000 *   0
0.30985221463243995, 0.1260234004295815, 0.0, 0.0, 0.0, 0.0, 0.0, 0.0, 0.0, 0.0, 0.0, 0.0 * 0.62499, 0.62499, 0.46772 *  * 0.00000 *   0
0.6472135670163502, 0.8343423329845371, 0.0, 0.0, 0.0, 0.0, 0.0, 0.0, 0.0, 0.0, 0.0, 0.0 * 0.37210, 0.37210, 0.85035 *  * 0.00000 *   0
0.29509770190708173, 0.15991862506665988, 0.0, 0.0, 0.0, 0.0, 0.0, 0.0, 0.0, 0.0, 0.0, 0.0 * 0.63249, 0.63249, 0.44712 *  * 0.00000 *   0
0.8585743083049444, 0.6252182489632166, 0.0, 0.0, 0.0, 0.0, 0.0, 0.0, 0.0, 0.0, 0.0, 0.0 * 0.15580, 0.15580, 0.97543 *  * 0.00000 *   0
0.25132040949429957, 0.6912678780644356, 0.0, 0.0, 0.0, 0.0, 0.0, 0.0, 0.0, 0.0, 0.0, 0.0 * 0.65272, 0.65272, 0.38460 *  * 0.00000 *   0
0.06723297226076885, 0.10509756288796279, 0.0, 0.0, 0.0, 0.0, 0.0, 0.0, 0.0, 0.0, 0.0, 0.0 * 0.70317, 0.70317, 0.10541 *  * 0.00000 *   0
0.11219756430248295, 0.06358955262056842, 0.0, 0.0, 0.0, 0.0, 0.0, 0.0, 0.0, 0.0, 0.0, 0.0 * 0.69615, 0.69615, 0.17533 *  * 0.00000 *   0
0.596013588826592, 0.6937334782439377, 0.0, 0.0, 0.0, 0.0, 0.0, 0.0, 0.0, 0.0, 0.0, 0.0 * 0.41920, 0.41920, 0.80532 *  * 0.00000 *   0
0.48447538852588123, 0.34928768117771136, 0.0, 0.0, 0.0, 0.0, 0.0, 0.0, 0.0, 0.0, 0.0, 0.0 * 0.51204, 0.51204, 0.68965 *  * 0.00000 *   0
0.5116099565429718, 0.22384688860545054, 0.0, 0.0, 0.0, 0.0, 0.0, 0.0, 0.0, 0.0, 0.0, 0.0 * 0.49080, 0.49080, 0.71988 *  * 0.00000 *   0
0.3520706211227541, 0.780316019416689, 0.0, 0.0, 0.0, 0.0, 0.0, 0.0, 0.0, 0.0, 0.0, 0.0 * 0.60170, 0.60170, 0.52527 *  * 0.00000 *   0
0.45368720314195576, 0.49679041133771695, 0.0, 0.0, 0.0, 0.0, 0.0, 0.0, 0.0, 0.0, 0.0, 0.0 * 0.53502, 0.53502, 0.65384 *  * 0.00000 *   0
0.030172177129264455, 0.4288421041726447, 0.0, 0.0, 0.0, 0.0, 0.0, 0.0, 0.0, 0.0, 0.0, 0.0 * 0.70631, 0.70631, 0.04738 *  * 0.00000 *   0
0.713983379668392, 0.08821251443087641, 0.0, 0.0, 0.0, 0.0, 0.0, 0.0, 0.0, 0.0, 0.0, 0.0 * 0.30710, 0.30710, 0.90076 *  * 0.00000 *   0
0.3693426467858867, 0.1379113001753155, 0.0, 0.0, 0.0, 0.0, 0.0, 0.0, 0.0, 0.0, 0.0, 0.0 * 0.59141, 0.59141, 0.54816 *  * 0.00000 *   0
0.565411013623048, 0.40372148314652667, 0.0, 0.0, 0.0, 0.0, 0.0, 0.0, 0.0, 0.0, 0.0, 0.0 * 0.44608, 0.44608, 0.77590 *  * 0.00000 *   0
0.20961987289491268, 0.7021108803169216, 0.0, 0.0, 0.0, 0.0, 0.0, 0.0, 0.0, 0.0, 0.0, 0.0 * 0.66912, 0.66912, 0.32335 *  * 0.00000 *   0
0.8411586509298584, 0.9845495841046437, 0.0, 0.0, 0.0, 0.0, 0.0, 0.0, 0.0, 0.0, 0.0, 0.0 * 0.17460, 0.17460, 0.96903 *  * 0.00000 *   0
0.08461850210092503, 0.298234064941861, 0.0, 0.0, 0.0, 0.0, 0.0, 0.0, 0.0, 0.0, 0.0, 0.0 * 0.70087, 0.70087, 0.13253 *  * 0.00000 *   0
0.7637924314307851, 0.06321705428185798, 0.0, 0.0, 0.0, 0.0, 0.0, 0.0, 0.0, 0.0, 0.0, 0.0 * 0.25638, 0.25638, 0.93195 *  * 0.00000 *   0
0.17563155479772186, 0.16594412446634, 0.0, 0.0, 0.0, 0.0, 0.0, 0.0, 0.0, 0.0, 0.0, 0.0 * 0.68037, 0.68037, 0.27240 *  * 0.00000 *   0
0.02435765320480643, 0.36919616824082724, 0.0, 0.0, 0.0, 0.0, 0.0, 0.0, 0.0, 0.0, 0.0, 0.0 * 0.70659, 0.70659, 0.03825 *  * 0.00000 *   0
0.5157319987605321, 0.5384383963163266, 0.0, 0.0, 0.0, 0.0, 0.0, 0.0, 0.0, 0.0, 0.0, 0.0 * 0.48749, 0.48749, 0.72436 *  * 0.00000 *   0
0.11148034061219747, 0.18457535378838252, 0.0, 0.0, 0.0, 0.0, 0.0, 0.0, 0.0, 0.0, 0.0, 0.0 * 0.69629, 0.69629, 0.17422 *  * 0.00000 *   0
0.44387429670119827, 0.8231123949977612, 0.0, 0.0, 0.0, 0.0, 0.0, 0.0, 0.0, 0.0, 0.0, 0.0 * 0.54208, 0.54208, 0.64210 *  * 0.00000 *   0
0.8904688011629383, 0.6497232070508363, 0.0, 0.0, 0.0, 0.0, 0.0, 0.0, 0.0, 0.0, 0.0, 0.0 * 0.12106, 0.12106, 0.98524 *  * 0.00000 *   0
0.30899597244981125, 0.032223806682768474, 0.0, 0.0, 0.0, 0.0, 0.0, 0.0, 0.0, 0.0, 0.0, 0.0 * 0.62544, 0.62544, 0.46654 *  * 0.00000 *   0
0.4324151563080909, 0.3189525708792261, 0.0, 0.0, 0.0, 0.0, 0.0, 0.0, 0.0, 0.0, 0.0, 0.0 * 0.55017, 0.55017, 0.62820 *  * 0.00000 *   0
0.42411918086163514, 0.4635566365327711, 0.0, 0.0, 0.0, 0.0, 0.0, 0.0, 0.0, 0.0, 0.0, 0.0 * 0.55591, 0.55591, 0.61801 *  * 0.00000 *   0
0.09329695046227215, 0.9661845722763646, 0.0, 0.0, 0.0, 0.0, 0.0, 0.0, 0.0, 0.0, 0.0, 0.0 * 0.69953, 0.69953, 0.14603 *  * 0.00000 *   0
0.27045225164699993, 0.6310852107352819, 0.0, 0.0, 0.0, 0.0, 0.0, 0.0, 0.0, 0.0, 0.0, 0.0 * 0.64425, 0.64425, 0.41216 *  * 0.00000 *   0
0.8430787339490948, 0.6406127529561468, 0.0, 0.0, 0.0, 0.0, 0.0, 0.0, 0.0, 0.0, 0.0, 0.0 * 0.17254, 0.17254, 0.96977 *  * 0.00000 *   0
0.9514912816299682, 0.4456382269694703, 0.0, 0.0, 0.0, 0.0, 0.0, 0.0, 0.0, 0.0, 0.0, 0.0 * 0.05383, 0.05383, 0.99710 *  * 0.00000 *   0
0.8448135453637704, 0.9723670397153751, 0.0, 0.0, 0.0, 0.0, 0.0, 0.0, 0.0, 0.0, 0.0, 0.0 * 0.17067, 0.17067, 0.97044 *  * 0.00000 *   0
0.8971216860288086, 0.6455628980039855, 0.0, 0.0, 0.0, 0.0, 0.0, 0.0, 0.0, 0.0, 0.0, 0.0 * 0.11377, 0.11377, 0.98697 *  * 0.00000 *   0
0.28374451687029145, 0.7281778973448084, 0.0, 0.0, 0.0, 0.0, 0.0, 0.0, 0.0, 0.0, 0.0, 0.0 * 0.63803, 0.63803, 0.43109 *  * 0.00000 *   0
0.8177197385605978, 0.4773889202061362, 0.0, 0.0, 0.0, 0.0, 0.0, 0.0, 0.0, 0.0, 0.0, 0.0 * 0.19971, 0.19971, 0.95929 *  * 0.00000 *   0
0.44640648322390497, 0.6170402915504063, 0.0, 0.0, 0.0, 0.0, 0.0, 0.0, 0.0, 0.0, 0.0, 0.0 * 0.54027, 0.54027, 0.64515 *  * 0.00000 *   0
0.9082541450734364, 0.6264926245902946, 0.0, 0.0, 0.0, 0.0, 0.0, 0.0, 0.0, 0.0, 0.0, 0.0 * 0.10155, 0.10155, 0.98963 *  * 0.00000 *   0
0.049727415704941214, 0.3458778940184425, 0.0, 0.0, 0.0, 0.0, 0.0, 0.0, 0.0, 0.0, 0.0, 0.0 * 0.70495, 0.70495, 0.07803 *  * 0.00000 *   0
0.3023876060027926, 0.3977609229753347, 0.0, 0.0, 0.0, 0.0, 0.0, 0.0, 0.0, 0.0, 0.0, 0.0 * 0.62883, 0.62883, 0.45733 *  * 0.00000 *   0
0.8201301428999956, 0.9252069484792009, 0.0, 0.0, 0.0, 0.0, 0.0, 0.0, 0.0, 0.0, 0.0, 0.0 * 0.19714, 0.19714, 0.96035 *  * 0.00000 *   0
0.7765784123554593, 0.14625551118709978, 0.0, 0.0, 0.0, 0.0, 0.0, 0.0, 0.0, 0.0, 0.0, 0.0 * 0.24310, 0.24310, 0.93905 *  * 0.00000 *   0
0.32263382188866097, 0.22480054282731532, 0.0, 0.0, 0.0, 0.0, 0.0, 0.0, 0.0, 0.0, 0.0, 0.0 * 0.61823, 0.61823, 0.48537 *  * 0.00000 *   0
0.7041819858141569, 0.9578768077652602, 0.0, 0.0, 0.0, 0.0, 0.0, 0.0, 0.0, 0.0, 0.0, 0.0 * 0.31687, 0.31687, 0.89397 *  * 0.00000 *   0
0.039955472760193844, 0.7793525124383677, 0.0, 0.0, 0.0, 0.0, 0.0, 0.0, 0.0, 0.0, 0.0, 0.0 * 0.70571, 0.70571, 0.06272 *  * 0.00000 *   0
0.2595524076662641, 0.5800281050117174, 0.0, 0.0, 0.0, 0.0, 0.0, 0.0, 0.0, 0.0, 0.0, 0.0 * 0.64915, 0.64915, 0.39650 *  * 0.00000 *   0
0.7016116509659232, 0.8441415707281964, 0.0, 0.0, 0.0, 0.0, 0.0, 0.0, 0.0, 0.0, 0.0, 0.0 * 0.31942, 0.31942, 0.89215 *  * 0.00000 *   0
0.8721440259636466, 0.6022795896538474, 0.0, 0.0, 0.0, 0.0, 0.0, 0.0, 0.0, 0.0, 0.0, 0.0 * 0.14106, 0.14106, 0.97990 *  * 0.00000 *   0
0.8630198849783696, 0.7006953689316876, 0.0, 0.0, 0.0, 0.0, 0.0, 0.0, 0.0, 0.0, 0.0, 0.0 * 0.15098, 0.15098, 0.97694 *  * 0.00000 *   0
0.9306129620996463, 0.8870323970353577, 0.0, 0.0, 0.0, 0.0, 0.0, 0.0, 0.0, 0.0, 0.0, 0.0 * 0.07692, 0.07692, 0.99407 *  * 0.00000 *   0
0.7346003262919113, 0.2124545745080192, 0.0, 0.0, 0.0, 0.0, 0.0, 0.0, 0.0, 0.0, 0.0, 0.0 * 0.28632, 0.28632, 0.91435 *  * 0.00000 *   0
0.7369187701229735, 0.25018268393359466, 0.0, 0.0, 0.0, 0.0, 0.0, 0.0, 0.0, 0.0, 0.0, 0.0 * 0.28396, 0.28396, 0.91582 *  * 0.00000 *   0
0.2608772839394511, 0.630436893666549, 0.0, 0.0, 0.0, 0.0, 0.0, 0.0, 0.0, 0.0, 0.0, 0.0 * 0.64856, 0.64856, 0.39841 *  * 0.00000 *   0
0.7104259209629549, 0.39178572000330314, 0.0, 0.0, 0.0, 0.0, 0.0, 0.0, 0.0, 0.0, 0.0, 0.0 * 0.31066, 0.31066, 0.89832 *  * 0.00000 *   0
0.4495807776355353, 0.6489011274203167, 0.0, 0.0, 0.0, 0.0, 0.0, 0.0, 0.0, 0.0, 0.0, 0.0 * 0.53799, 0.53799, 0.64895 *  * 0.00000 *   0
0.842005379787039, 0.07671992334103117, 0.0, 0.0, 0.0, 0.0, 0.0, 0.0, 0.0, 0.0, 0.0, 0.0 * 0.17369, 0.17369, 0.96936 *  * 0.00000 *   0
0.9507481244470847, 0.7110112909694806, 0.0, 0.0, 0.0, 0.0, 0.0, 0.0, 0.0, 0.0, 0.0, 0.0 * 0.05465, 0.05465, 0.99701 *  * 0.00000 *   0
0.39813615728126983, 0.5653508848736646, 0.0, 0.0, 0.0, 0.0, 0.0, 0.0, 0.0, 0.0, 0.0, 0.0 * 0.57328, 0.57328, 0.58541 *  * 0.00000 *   0
0.8858254397824487, 0.5645006474030767, 0.0, 0.0, 0.0, 0.0, 0.0, 0.0, 0.0, 0.0, 0.0, 0.0 * 0.12614, 0.12614, 0.98396 *  * 0.00000 *   0
0.8750069391618556, 0.2941955156815401, 0.0, 0.0, 0.0, 0.0, 0.0, 0.0, 0.0, 0.0, 0.0, 0.0 * 0.13794, 0.13794, 0.98079 *  * 0.00000 *   0
0.9267692911173621, 0.06733574512606988, 0.0, 0.0, 0.0, 0.0, 0.0, 0.0, 0.0, 0.0, 0.0, 0.0 * 0.08116, 0.08116, 0.99339 *  * 0.00000 *   0
0.20261755549925664, 0.8065860341340769, 0.0, 0.0, 0.0, 0.0, 0.0, 0.0, 0.0, 0.0, 0.0, 0.0 * 0.67159, 0.67159, 0.31292 *  * 0.00000 *   0
0.6251482362369024, 0.24338050371517672, 0.0, 0.0, 0.0, 0.0, 0.0, 0.0, 0.0, 0.0, 0.0, 0.0 * 0.39271, 0.39271, 0.83160 *  * 0.00000 *   0
0.19888058787801255, 0.933334120663471, 0.0, 0.0, 0.0, 0.0, 0.0, 0.0, 0.0, 0.0, 0.0, 0.0 * 0.67288, 0.67288, 0.30734 *  * 0.00000 *   0
0.9912442608946092, 0.5880603034999805, 0.0, 0.0, 0.0, 0.0, 0.0, 0.0, 0.0, 0.0, 0.0, 0.0 * 0.00972, 0.00972, 0.99991 *  * 0.00000 *   0
0.2737229653806993, 0.2233948229439393, 0.0, 0.0, 0.0, 0.0, 0.0, 0.0, 0.0, 0.0, 0.0, 0.0 * 0.64275, 0.64275, 0.41684 *  * 0.00000 *   0
0.323154577824762, 0.6240259447588844, 0.0, 0.0, 0.0, 0.0, 0.0, 0.0, 0.0, 0.0, 0.0, 0.0 * 0.61795, 0.61795, 0.48609 *  * 0.00000 *   0
0.38318744508788694, 0.6245307777206399, 0.0, 0.0, 0.0, 0.0, 0.0, 0.0, 0.0, 0.0, 0.0, 0.0 * 0.58284, 0.58284, 0.56622 *  * 0.00000 *   0
0.2858929526427907, 0.7068179086635802, 0.0, 0.0, 0.0, 0.0, 0.0, 0.0, 0.0, 0.0, 0.0, 0.0 * 0.63700, 0.63700, 0.43414 *  * 0.00000 *   0
0.23353427511732205, 0.41397622774762577, 0.0, 0.0, 0.0, 0.0, 0.0, 0.0, 0.0, 0.0, 0.0, 0.0 * 0.66006, 0.66006, 0.35866 *  * 0.00000 *   0
0.2404914358023288, 0.08053016001280877, 0.0, 0.0, 0.0, 0.0, 0.0, 0.0, 0.0, 0.0, 0.0, 0.0 * 0.65725, 0.65725, 0.36884 *  * 0.00000 *   0
0.7353426378709821, 0.37910098284644256, 0.0, 0.0, 0.0, 0.0, 0.0, 0.0, 0.0, 0.0, 0.0, 0.0 * 0.28557, 0.28557, 0.91482 *  * 0.00000 *   0
0.8231018151554932, 0.18347446033089276, 0.0, 0.0, 0.0, 0.0, 0.0, 0.0, 0.0, 0.0, 0.0, 0.0 * 0.19397, 0.19397, 0.96164 *  * 0.00000 *   0
0.707612365228322, 0.24807466781208187, 0.0, 0.0, 0.0, 0.0, 0.0, 0.0, 0.0, 0.0, 0.0, 0.0 * 0.31346, 0.31346, 0.89637 *  * 0.00000 *   0
0.7740972361512285, 0.2038442227555619, 0.0, 0.0, 0.0, 0.0, 0.0, 0.0, 0.0, 0.0, 0.0, 0.0 * 0.24568, 0.24568, 0.93770 *  * 0.00000 *   0
0.8318653147381042, 0.37053060151519257, 0.0, 0.0, 0.0, 0.0, 0.0, 0.0, 0.0, 0.0, 0.0, 0.0 * 0.18459, 0.18459, 0.96533 *  * 0.00000 *   0
0.01717379595661883, 0.8853787580812595, 0.0, 0.0, 0.0, 0.0, 0.0, 0.0, 0.0, 0.0, 0.0, 0.0 * 0.70685, 0.70685, 0.02697 *  * 0.00000 *   0
0.8562471071633857, 0.6482299926539695, 0.0, 0.0, 0.0, 0.0, 0.0, 0.0, 0.0, 0.0, 0.0, 0.0 * 0.15832, 0.15832, 0.97461 *  * 0.00000 *   0
0.9884519475883939, 0.5830271519987101, 0.0, 0.0, 0.0, 0.0, 0.0, 0.0, 0.0, 0.0, 0.0, 0.0 * 0.01283, 0.01283, 0.99984 *  * 0.00000 *   0
0.04962858462973496, 0.7157259008127513, 0.0, 0.0, 0.0, 0.0, 0.0, 0.0, 0.0, 0.0, 0.0, 0.0 * 0.70496, 0.70496, 0.07788 *  * 0.00000 *   0
0.21557831010107908, 0.568612473885323, 0.0, 0.0, 0.0, 0.0, 0.0, 0.0, 0.0, 0.0, 0.0, 0.0 * 0.66695, 0.66695, 0.33219 *  * 0.00000 *   0
0.9057073917080269, 0.3710274247633286, 0.0, 0.0, 0.0, 0.0, 0.0, 0.0, 0.0, 0.0, 0.0, 0.0 * 0.10435, 0.10435, 0.98905 *  * 0.00000 *   0
0.14682700566327533, 0.586495810506952, 0.0, 0.0, 0.0, 0.0, 0.0, 0.0, 0.0, 0.0, 0.0, 0.0 * 0.68838, 0.68838, 0.22860 *  * 0.00000 *   0
0.09710959002485231, 0.2562636113694783, 0.0, 0.0, 0.0, 0.0, 0.0, 0.0, 0.0, 0.0, 0.0, 0.0 * 0.69890, 0.69890, 0.15195 *  * 0.00000 *   0
0.23020135798710062, 0.6592402587414622, 0.0, 0.0, 0.0, 0.0, 0.0, 0.0, 0.0, 0.0, 0.0, 0.0 * 0.66138, 0.66138, 0.35377 *  * 0.00000 *   0
0.6794911275866035, 0.7883476215365287, 0.0, 0.0, 0.0, 0.0, 0.0, 0.0, 0.0, 0.0, 0.0, 0.0 * 0.34115, 0.34115, 0.87592 *  * 0.00000 *   0
0.24253537096550148, 0.14327505613803704, 0.0, 0.0, 0.0, 0.0, 0.0, 0.0, 0.0, 0.0, 0.0, 0.0 * 0.65641, 0.65641, 0.37182 *  * 0.00000 *   0
0.5456394757416251, 0.33964079557808735, 0.0, 0.0, 0.0, 0.0, 0.0, 0.0, 0.0, 0.0, 0.0, 0.0 * 0.46290, 0.46290, 0.75594 *  * 0.00000 *   0
0.8685953749476296, 0.03455961089364812, 0.0, 0.0, 0.0, 0.0, 0.0, 0.0, 0.0, 0.0, 0.0, 0.0 * 0.14492, 0.14492, 0.97877 *  * 0.00000 *   0
0.12957518046068794, 0.6686166478022524, 0.0, 0.0, 0.0, 0.0, 0.0, 0.0, 0.0, 0.0, 0.0, 0.0 * 0.69251, 0.69251, 0.20213 *  * 0.00000 *   0
0.530181483024412, 0.5242475802582984, 0.0, 0.0, 0.0, 0.0, 0.0, 0.0, 0.0, 0.0, 0.0, 0.0 * 0.47574, 0.47574, 0.73982 *  * 0.00000 *   0
0.3606534024415903, 0.6005249840324037, 0.0, 0.0, 0.0, 0.0, 0.0, 0.0, 0.0, 0.0, 0.0, 0.0 * 0.59664, 0.59664, 0.53669 *  * 0.00000 *   0
0.465229289457992, 0.804350952665556, 0.0, 0.0, 0.0, 0.0, 0.0, 0.0, 0.0, 0.0, 0.0, 0.0 * 0.52655, 0.52655, 0.66745 *  * 0.00000 *   0
0.867665490741374, 0.9580559632486408, 0.0, 0.0, 0.0, 0.0, 0.0, 0.0, 0.0, 0.0, 0.0, 0.0 * 0.14593, 0.14593, 0.97847 *  * 0.00000 *   0
0.056911333417879684, 0.12340404418141082, 0.0, 0.0, 0.0, 0.0, 0.0, 0.0, 0.0, 0.0, 0.0, 0.0 * 0.70428, 0.70428, 0.08928 *  * 0.00000 *   0
0.4329405154303462, 0.7420041182510256, 0.0, 0.0, 0.0, 0.0, 0.0, 0.0, 0.0, 0.0, 0.0, 0.0 * 0.54980, 0.54980, 0.62884 *  * 0.00000 *   0
0.4127386260470387, 0.09212764769003345, 0.0, 0.0, 0.0, 0.0, 0.0, 0.0, 0.0, 0.0, 0.0, 0.0 * 0.56363, 0.56363, 0.60385 *  * 0.00000 *   0
0.6964469231806805, 0.5619324694550842, 0.0, 0.0, 0.0, 0.0, 0.0, 0.0, 0.0, 0.0, 0.0, 0.0 * 0.32453, 0.32453, 0.88846 *  * 0.00000 *   0
0.19366237496835903, 0.23909299208972923, 0.0, 0.0, 0.0, 0.0, 0.0, 0.0, 0.0, 0.0, 0.0, 0.0 * 0.67464, 0.67464, 0.29953 *  * 0.00000 *   0
0.10989397306289161, 0.31683652320330835, 0.0, 0.0, 0.0, 0.0, 0.0, 0.0, 0.0, 0.0, 0.0, 0.0 * 0.69660, 0.69660, 0.17177 *  * 0.00000 *   0
0.6931753399873885, 0.816385913830439, 0.0, 0.0, 0.0, 0.0, 0.0, 0.0, 0.0, 0.0, 0.0, 0.0 * 0.32776, 0.32776, 0.88609 *  * 0.00000 *   0
0.14083339958501762, 0.1258084377147214, 0.0, 0.0, 0.0, 0.0, 0.0, 0.0, 0.0, 0.0, 0.0, 0.0 * 0.68987, 0.68987, 0.21942 *  * 0.00000 *   0
0.16641356504938654, 0.8552708682637568, 0.0, 0.0, 0.0, 0.0, 0.0, 0.0, 0.0, 0.0, 0.0, 0.0 * 0.68309, 0.68309, 0.25844 *  * 0.00000 *   0
0.7267609155443192, 0.5087009394399931, 0.0, 0.0, 0.0, 0.0, 0.0, 0.0, 0.0, 0.0, 0.0, 0.0 * 0.29426, 0.29426, 0.90930 *  * 0.00000 *   0
0.40925786060192704, 0.4718549447182385, 0.0, 0.0, 0.0, 0.0, 0.0, 0.0, 0.0, 0.0, 0.0, 0.0 * 0.56596, 0.56596, 0.59949 *  * 0.00000 *   0
