0.8227689719535366, 0.190104942303845, 0.5, 0.5, 0.5, 0.5, 0.5, 0.5, 0.5, 0.5, 0.5, 0.5 * 0.82277, 0.19010, 17.48295 *  * 0.00000 *   0
0.07232827092757033, 0.13772470506765344, 0.5, 0.5, 0.5, 0.5, 0.5, 0.5, 0.5, 0.5, 0.5, 0.5 * 0.07233, 0.13772, 19.11174 *  * 0.00000 *   0
0.3016186592190322, 0.04236176290639404, 0.5, 0.5, 0.5, 0.5, 0.5, 0.5, 0.5, 0.5, 0.5, 0.5 * 0.30162, 0.04236, 19.05073 *  * 0.00000 *   0
0.27204026080694066, 0.2970814735491827, 0.5, 0.5, 0.5, 0.5, 0.5, 0.5, 0.5, 0.5, 0.5, 0.5 * 0.27204, 0.29708, 18.68278 *  * 0.00000 *   0
0.306130302547285, 0.17230503408084918, 0.5, 0.5, 0.5, 0.5, 0.5, 0.5, 0.5, 0.5, 0.5, 0.5 * 0.30613, 0.17231, 18.77187 *  * 0.00000 *   0
0.2362122709858545, 0.27034057479360496, 0.5, 0.5, 0.5, 0.5, 0.5, 0.5, 0.5, 0.5, 0.5, 0.5 * 0.23621, 0.27034, 18.65495 *  * 0.00000 *   0
0.26799253390477284, 0.12752418293822876, 0.5, 0.5, 0.5, 0.5, 0.5, 0.5, 0.5, 0.5, 0.5, 0.5 * 0.26799, 0.12752, 18.83074 *  * 0.00000 *   0
0.2694295216644188, 0.2281092641671305, 0.5, 0.5, 0.5, 0.5, 0.5, 0.5, 0.5, 0.5, 0.5, 0.5 * 0.26943, 0.22811, 18.65890 *  * 0.00000 *   0
0.2468411465146504, 0.14479211270030412, 0.5, 0.5, 0.5, 0.5, 0.5, 0.5, 0.5, 0.5, 0.5, 0.5 * 0.24684, 0.14479, 18.78698 *  * 0.00000 *   0
0.14595292907103208, 0.19300536101786947, 0.5, 0.5, 0.5, 0.5, 0.5, 0.5, 0.5, 0.5, 0.5, 0.5 * 0.14595, 0.19301, 18.83077 *  * 0.00000 *   0
0.2293411115349756, 0.20783330676523937, 0.5, 0.5, 0.5, 0.5, 0.5, 0.5, 0.5, 0.5, 0.5, 0.5 * 0.22934, 0.20783, 18.67996 *  * 0.00000 *   0
0.1880135349219163, 0.22208732200253956, 0.5, 0.5, 0.5, 0.5, 0.5, 0.5, 0.5, 0.5, 0.5, 0.5 * 0.18801, 0.22209, 18.71320 *  * 0.00000 *   0
0.21233339850193933, 0.19959597917335592, 0.5, 0.5, 0.5, 0.5, 0.5, 0.5, 0.5, 0.5, 0.5, 0.5 * 0.21233, 0.19960, 18.70504 *  * 0.00000 *   0
0.17930753653818143, 0.21064855584765774, 0.5, 0.5, 0.5, 0.5, 0.5, 0.5, 0.5, 0.5, 0.5, 0.5 * 0.17931, 0.21065, 18.73920 *  * 0.00000 *   0
0.21469933039990263, 0.19326301911732435, 0.5, 0.5, 0.5, 0.5, 0.5, 0.5, 0.5, 0.5, 0.5, 0.5 * 0.21470, 0.19326, 18.71174 *  * 0.00000 *   0
0.1767021178775421, 0.2170263805248699, 0.5, 0.5, 0.5, 0.5, 0.5, 0.5, 0.5, 0.5, 0.5, 0.5 * 0.17670, 0.21703, 18.73732 *  * 0.00000 *   0
0.9302773029999191, 0.6784105718767498, 0.5, 0.5, 0.5, 0.5, 0.5, 0.5, 0.5, 0.5, 0.5, 0.5 * 0.93028, 0.67841, 17.24813 *  * 0.00000 *   0
0.7374765458632198, 0.870775411077723, 0.5, 0.5, 0.5, 0.5, 0.5, 0.5, 0.5, 0.5, 0.5, 0.5 * 0.73748, 0.87078, 16.61819 *  * 0.00000 *   0
0.04589653708017638, 0.20634953268968315, 0.5, 0.5, 0.5, 0.5, 0.5, 0.5, 0.5, 0.5, 0.5, 0.5 * 0.04590, 0.20635, 19.03643 *  * 0.00000 *   0
0.14111567227183408, 0.2426082747625885, 0.5, 0.5, 0.5, 0.5, 0.5, 0.5, 0.5, 0.5, 0.5, 0.5 * 0.14112, 0.24261, 18.79616 *  * 0.00000 *   0
0.19922848902964607, 0.2451547112964083, 0.5, 0.5, 0.5, 0.5, 0.5, 0.5, 0.5, 0.5, 0.5, 0.5 * 0.19923, 0.24515, 18.68461 *  * 0.00000 *   0
0.20231600008038897, 0.203472679988547, 0.5, 0.5, 0.5, 0.5, 0.5, 0.5, 0.5, 0.5, 0.5, 0.5 * 0.20232, 0.20347, 18.71185 *  * 0.00000 *   0
0.19931667369642903, 0.18341949062841545, 0.5, 0.5, 0.5, 0.5, 0.5, 0.5, 0.5, 0.5, 0.5, 0.5 * 0.19932, 0.18342, 18.74617 *  * 0.00000 *   0
0.1943099940676718, 0.1949814127047923, 0.5, 0.5, 0.5, 0.5, 0.5, 0.5, 0.5, 0.5, 0.5, 0.5 * 0.19431, 0.19498, 18.73488 *  * 0.00000 *   0
0.5828505394159226, 0.5661949646555455, 0.5, 0.5, 0.5, 0.5, 0.5, 0.5, 0.5, 0.5, 0.5, 0.5 * 0.58285, 0.56619, 19.22450 *  * 0.00000 *   0
0.7064555672075428, 0.2176705877771914, 0.5, 0.5, 0.5, 0.5, 0.5, 0.5, 0.5, 0.5, 0.5, 0.5 * 0.70646, 0.21767, 18.12412 *  * 0.00000 *   0
0.23298756680827015, 0.34407090395156803, 0.5, 0.5, 0.5, 0.5, 0.5, 0.5, 0.5, 0.5, 0.5, 0.5 * 0.23299, 0.34407, 18.76877 *  * 0.00000 *   0
0.2839424359070999, 0.16603515400398927, 0.5, 0.5, 0.5, 0.5, 0.5, 0.5, 0.5, 0.5, 0.5, 0.5 * 0.28394, 0.16604, 18.75654 *  * 0.00000 *   0
0.11647229908608525, 0.24042700048502308, 0.5, 0.5, 0.5, 0.5, 0.5, 0.5, 0.5, 0.5, 0.5, 0.5 * 0.11647, 0.24043, 18.85479 *  * 0.00000 *   0
0.22778412299684525, 0.21123081086520978, 0.5, 0.5, 0.5, 0.5, 0.5, 0.5, 0.5, 0.5, 0.5, 0.5 * 0.22778, 0.21123, 18.67708 *  * 0.00000 *   0
0.1819674059613614, 0.22230338198023158, 0.5, 0.5, 0.5, 0.5, 0.5, 0.5, 0.5, 0.5, 0.5, 0.5 * 0.18197, 0.22230, 18.72322 *  * 0.00000 *   0
0.0029694655131975445, 0.49714153661074034, 0.5, 0.5, 0.5, 0.5, 0.5, 0.5, 0.5, 0.5, 0.5, 0.5 * 0.00297, 0.49714, 19.49677 *  * 0.00000 *   0
0.22061300247126536, 0.6128038056208033, 0.5, 0.5, 0.5, 0.5, 0.5, 0.5, 0.5, 0.5, 0.5, 0.5 * 0.22061, 0.61280, 18.77177 *  * 0.00000 *   0
0.16863932195199127, 0.7975166913491083, 0.5, 0.5, 0.5, 0.5, 0.5, 0.5, 0.5, 0.5, 0.5, 0.5 * 0.16864, 0.79752, 17.61273 *  * 0.00000 *   0
0.16477056274408175, 0.008879062616351852, 0.5, 0.5, 0.5, 0.5, 0.5, 0.5, 0.5, 0.5, 0.5, 0.5 * 0.16477, 0.00888, 19.16086 *  * 0.00000 *   0
0.3397765902240649, 0.15962920731729702, 0.5, 0.5, 0.5, 0.5, 0.5, 0.5, 0.5, 0.5, 0.5, 0.5 * 0.33978, 0.15963, 18.86194 *  * 0.00000 *   0
0.26917829697345086, 0.284460810701169, 0.5, 0.5, 0.5, 0.5, 0.5, 0.5, 0.5, 0.5, 0.5, 0.5 * 0.26918, 0.28446, 18.66690 *  * 0.00000 *   0
0.18865812975272767, 0.29714140005180134, 0.5, 0.5, 0.5, 0.5, 0.5, 0.5, 0.5, 0.5, 0.5, 0.5 * 0.18866, 0.29714, 18.73018 *  * 0.00000 *   0
0.14446722077103036, 0.18547548802713687, 0.5, 0.5, 0.5, 0.5, 0.5, 0.5, 0.5, 0.5, 0.5, 0.5 * 0.14447, 0.18548, 18.84617 *  * 0.00000 *   0
0.2044671128888894, 0.1555961418686218, 0.5, 0.5, 0.5, 0.5, 0.5, 0.5, 0.5, 0.5, 0.5, 0.5 * 0.20447, 0.15560, 18.79356 *  * 0.00000 *   0
0.17772131262870539, 0.1806951482071829, 0.5, 0.5, 0.5, 0.5, 0.5, 0.5, 0.5, 0.5, 0.5, 0.5 * 0.17772, 0.18070, 18.78571 *  * 0.00000 *   0
0.20737915251882544, 0.1611514603605002, 0.5, 0.5, 0.5, 0.5, 0.5, 0.5, 0.5, 0.5, 0.5, 0.5 * 0.20738, 0.16115, 18.77824 *  * 0.00000 *   0
0.2381932794189886, 0.18870856460189656, 0.5, 0.5, 0.5, 0.5, 0.5, 0.5, 0.5, 0.5, 0.5, 0.5 * 0.23819, 0.18871, 18.70236 *  * 0.00000 *   0
0.20214971092237022, 0.21320041652924238, 0.5, 0.5, 0.5, 0.5, 0.5, 0.5, 0.5, 0.5, 0.5, 0.5 * 0.20215, 0.21320, 18.70068 *  * 0.00000 *   0
0.21332399693759574, 0.18037037140916334, 0.5, 0.5, 0.5, 0.5, 0.5, 0.5, 0.5, 0.5, 0.5, 0.5 * 0.21332, 0.18037, 18.73441 *  * 0.00000 *   0
0.40824576036889704, 0.9903699654846594, 0.5, 0.5, 0.5, 0.5, 0.5, 0.5, 0.5, 0.5, 0.5, 0.5 * 0.40825, 0.99037, 18.27650 *  * 0.00000 *   0
0.17715311558452407, 0.1570079371765305, 0.5, 0.5, 0.5, 0.5, 0.5, 0.5, 0.5, 0.5, 0.5, 0.5 * 0.17715, 0.15701, 18.83319 *  * 0.00000 *   0
0.20501651925738928, 0.2551794386442916, 0.5, 0.5, 0.5, 0.5, 0.5, 0.5, 0.5, 0.5, 0.5, 0.5 * 0.20502, 0.25518, 18.67661 *  * 0.00000 *   0
0.233618750824913, 0.21005177437663436, 0.5, 0.5, 0.5, 0.5, 0.5, 0.5, 0.5, 0.5, 0.5, 0.5 * 0.23362, 0.21005, 18.67496 *  * 0.00000 *   0
0.2170770700891167, 0.21434008775148017, 0.5, 0.5, 0.5, 0.5, 0.5, 0.5, 0.5, 0.5, 0.5, 0.5 * 0.21708, 0.21434, 18.68248 *  * 0.00000 *   0
0.7357758954670613, 0.6540294211237087, 0.5, 0.5, 0.5, 0.5, 0.5, 0.5, 0.5, 0.5, 0.5, 0.5 * 0.73578, 0.65403, 17.74184 *  * 0.00000 *   0
0.6576914390886694, 0.892264267668359, 0.5, 0.5, 0.5, 0.5, 0.5, 0.5, 0.5, 0.5, 0.5, 0.5 * 0.65769, 0.89226, 17.24747 *  * 0.00000 *   0
0.25032495655179443, 0.08134407329099447, 0.5, 0.5, 0.5, 0.5, 0.5, 0.5, 0.5, 0.5, 0.5, 0.5 * 0.25032, 0.08134, 18.93544 *  * 0.00000 *   0
0.18254792742395076, 0.23684091958007958, 0.5, 0.5, 0.5, 0.5, 0.5, 0.5, 0.5, 0.5, 0.5, 0.5 * 0.18255, 0.23684, 18.71320 *  * 0.00000 *   0
0.18396366115587048, 0.20349115971498644, 0.5, 0.5, 0.5, 0.5, 0.5, 0.5, 0.5, 0.5, 0.5, 0.5 * 0.18396, 0.20349, 18.73966 *  * 0.00000 *   0
0.17831277625618092, 0.9207903486063277, 0.5, 0.5, 0.5, 0.5, 0.5, 0.5, 0.5, 0.5, 0.5, 0.5 * 0.17831, 0.92079, 17.59835 *  * 0.00000 *   0
0.1425980454185003, 0.3433248441982205, 0.5, 0.5, 0.5, 0.5, 0.5, 0.5, 0.5, 0.5, 0.5, 0.5 * 0.14260, 0.34332, 18.90741 *  * 0.00000 *   0
0.24235060625977545, 0.049616900923703855, 0.5, 0.5, 0.5, 0.5, 0.5, 0.5, 0.5, 0.5, 0.5, 0.5 * 0.24235, 0.04962, 19.00240 *  * 0.00000 *   0
0.25866565437738986, 0.13132610797223576, 0.5, 0.5, 0.5, 0.5, 0.5, 0.5, 0.5, 0.5, 0.5, 0.5 * 0.25867, 0.13133, 18.81853 *  * 0.00000 *   0
0.22492699695809315, 0.19267315193865087, 0.5, 0.5, 0.5, 0.5, 0.5, 0.5, 0.5, 0.5, 0.5, 0.5 * 0.22493, 0.19267, 18.70362 *  * 0.00000 *   0
0.20624224362529864, 0.19588120267315567, 0.5, 0.5, 0.5, 0.5, 0.5, 0.5, 0.5, 0.5, 0.5, 0.5 * 0.20624, 0.19588, 18.71731 *  * 0.00000 *   0
0.20457791533462877, 0.20341217580859905, 0.5, 0.5, 0.5, 0.5, 0.5, 0.5, 0.5, 0.5, 0.5, 0.5 * 0.20458, 0.20341, 18.70902 *  * 0.00000 *   0
0.6756293724886888, 0.5316397027003646, 0.5, 0.5, 0.5, 0.5, 0.5, 0.5, 0.5, 0.5, 0.5, 0.5 * 0.67563, 0.53164, 18.74390 *  * 0.00000 *   0
0.11930228710689317, 0.861287922495682, 0.5, 0.5, 0.5, 0.5, 0.5, 0.5, 0.5, 0.5, 0.5, 0.5 * 0.11930, 0.86129, 17.58023 *  * 0.00000 *   0
0.39255288113372167, 0.23646420380980349, 0.5, 0.5, 0.5, 0.5, 0.5, 0.5, 0.5, 0.5, 0.5, 0.5 * 0.39255, 0.23646, 18.89176 *  * 0.00000 *   0
0.1574981173521821, 0.3272304164333658, 0.5, 0.5, 0.5, 0.5, 0.5, 0.5, 0.5, 0.5, 0.5, 0.5 * 0.15750, 0.32723, 18.83955 *  * 0.00000 *   0
0.030198573650334515, 0.23583318721209812, 0.5, 0.5, 0.5, 0.5, 0.5, 0.5, 0.5, 0.5, 0.5, 0.5 * 0.03020, 0.23583, 19.03801 *  * 0.00000 *   0
0.17452204453977238, 0.19654479367919497, 0.5, 0.5, 0.5, 0.5, 0.5, 0.5, 0.5, 0.5, 0.5, 0.5 * 0.17452, 0.19654, 18.76609 *  * 0.00000 *   0
0.19714055952156084, 0.19382300414587772, 0.5, 0.5, 0.5, 0.5, 0.5, 0.5, 0.5, 0.5, 0.5, 0.5 * 0.19714, 0.19382, 18.73246 *  * 0.00000 *   0
0.7691633988499686, 0.1642073094440788, 0.5, 0.5, 0.5, 0.5, 0.5, 0.5, 0.5, 0.5, 0.5, 0.5 * 0.76916, 0.16421, 17.76973 *  * 0.00000 *   0
0.26753708843972457, 0.02251673646043073, 0.5, 0.5, 0.5, 0.5, 0.5, 0.5, 0.5, 0.5, 0.5, 0.5 * 0.26754, 0.02252, 19.04973 *  * 0.00000 *   0
0.16118095899223994, 0.23460034171885502, 0.5, 0.5, 0.5, 0.5, 0.5, 0.5, 0.5, 0.5, 0.5, 0.5 * 0.16118, 0.23460, 18.75512 *  * 0.00000 *   0
0.18050865737123067, 0.19367305237018717, 0.5, 0.5, 0.5, 0.5, 0.5, 0.5, 0.5, 0.5, 0.5, 0.5 * 0.18051, 0.19367, 18.75941 *  * 0.00000 *   0
0.19617332198281268, 0.1921578292305911, 0.5, 0.5, 0.5, 0.5, 0.5, 0.5, 0.5, 0.5, 0.5, 0.5 * 0.19617, 0.19216, 18.73639 *  * 0.00000 *   0
0.19134341965054324, 0.20605242401808277, 0.5, 0.5, 0.5, 0.5, 0.5, 0.5, 0.5, 0.5, 0.5, 0.5 * 0.19134, 0.20605, 18.72439 *  * 0.00000 *   0
0.18082666186465057, 0.20762444607611785, 0.5, 0.5, 0.5, 0.5, 0.5, 0.5, 0.5, 0.5, 0.5, 0.5 * 0.18083, 0.20762, 18.73998 *  * 0.00000 *   0
0.31994338115300425, 0.7056235262141255, 0.5, 0.5, 0.5, 0.5, 0.5, 0.5, 0.5, 0.5, 0.5, 0.5 * 0.31994, 0.70562, 18.18087 *  * 0.00000 *   0
0.36515107720333984, 0.037559898319929896, 0.5, 0.5, 0.5, 0.5, 0.5, 0.5, 0.5, 0.5, 0.5, 0.5 * 0.36515, 0.03756, 19.19213 *  * 0.00000 *   0
0.15799989344946153, 0.36694464314370523, 0.5, 0.5, 0.5, 0.5, 0.5, 0.5, 0.5, 0.5, 0.5, 0.5 * 0.15800, 0.36694, 18.93189 *  * 0.00000 *   0
0.01798415385197394, 0.2396870887660817, 0.5, 0.5, 0.5, 0.5, 0.5, 0.5, 0.5, 0.5, 0.5, 0.5 * 0.01798, 0.23969, 19.05416 *  * 0.00000 *   0
0.07954852266871548, 0.2795144150837825, 0.5, 0.5, 0.5, 0.5, 0.5, 0.5, 0.5, 0.5, 0.5, 0.5 * 0.07955, 0.27951, 18.95095 *  * 0.00000 *   0
0.15465404898423252, 0.1730803104030959, 0.5, 0.5, 0.5, 0.5, 0.5, 0.5, 0.5, 0.5, 0.5, 0.5 * 0.15465, 0.17308, 18.84584 *  * 0.00000 *   0
0.273124201987306, 0.19745396475865085, 0.5, 0.5, 0.5, 0.5, 0.5, 0.5, 0.5, 0.5, 0.5, 0.5 * 0.27312, 0.19745, 18.69342 *  * 0.00000 *   0
0.20715737130096679, 0.1797309449517227, 0.5, 0.5, 0.5, 0.5, 0.5, 0.5, 0.5, 0.5, 0.5, 0.5 * 0.20716, 0.17973, 18.74249 *  * 0.00000 *   0
0.18743936591622656, 0.192295668970207, 0.5, 0.5, 0.5, 0.5, 0.5, 0.5, 0.5, 0.5, 0.5, 0.5 * 0.18744, 0.19230, 18.74969 *  * 0.00000 *   0
0.2043875021182312, 0.19914713467128098, 0.5, 0.5, 0.5, 0.5, 0.5, 0.5, 0.5, 0.5, 0.5, 0.5 * 0.20439, 0.19915, 18.71497 *  * 0.00000 *   0
0.5897959367353187, 0.6699082077311022, 0.5, 0.5, 0.5, 0.5, 0.5, 0.5, 0.5, 0.5, 0.5, 0.5 * 0.58980, 0.66991, 18.61072 *  * 0.00000 *   0
0.6348292367496693, 0.6416374600322841, 0.5, 0.5, 0.5, 0.5, 0.5, 0.5, 0.5, 0.5, 0.5, 0.5 * 0.63483, 0.64164, 18.56113 *  * 0.00000 *   0
0.08890122769510689, 0.4356687448590044, 0.5, 0.5, 0.5, 0.5, 0.5, 0.5, 0.5, 0.5, 0.5, 0.5 * 0.08890, 0.43567, 19.26737 *  * 0.00000 *   0
0.2847416483220968, 0.28909153684605227, 0.5, 0.5, 0.5, 0.5, 0.5, 0.5, 0.5, 0.5, 0.5, 0.5 * 0.28474, 0.28909, 18.68320 *  * 0.00000 *   0
0.024457880050236414, 0.23523902655464102, 0.5, 0.5, 0.5, 0.5, 0.5, 0.5, 0.5, 0.5, 0.5, 0.5 * 0.02446, 0.23524, 19.04692 *  * 0.00000 *   0
0.06082329314895418, 0.22019113442976423, 0.5, 0.5, 0.5, 0.5, 0.5, 0.5, 0.5, 0.5, 0.5, 0.5 * 0.06082, 0.22019, 18.99323 *  * 0.00000 *   0
0.1801929101386449, 0.19491788589131254, 0.5, 0.5, 0.5, 0.5, 0.5, 0.5, 0.5, 0.5, 0.5, 0.5 * 0.18019, 0.19492, 18.75811 *  * 0.00000 *   0
0.21563686409415783, 0.17043450628941126, 0.5, 0.5, 0.5, 0.5, 0.5, 0.5, 0.5, 0.5, 0.5, 0.5 * 0.21564, 0.17043, 18.75053 *  * 0.00000 *   0
0.1867630520366521, 0.21956042036188594, 0.5, 0.5, 0.5, 0.5, 0.5, 0.5, 0.5, 0.5, 0.5, 0.5 * 0.18676, 0.21956, 18.71741 *  * 0.00000 *   0
0.21790103167115438, 0.18116390117443915, 0.5, 0.5, 0.5, 0.5, 0.5, 0.5, 0.5, 0.5, 0.5, 0.5 * 0.21790, 0.18116, 18.72847 *  * 0.00000 *   0
0.19001539455337702, 0.20015207618425412, 0.5, 0.5, 0.5, 0.5, 0.5, 0.5, 0.5, 0.5, 0.5, 0.5 * 0.19002, 0.20015, 18.73413 *  * 0.00000 *   0
0.2117261655759145, 0.17928238542262354, 0.5, 0.5, 0.5, 0.5, 0.5, 0.5, 0.5, 0.5, 0.5, 0.5 * 0.21173, 0.17928, 18.73806 *  * 0.00000 *   0
0.1858343063111042, 0.2598908215404645, 0.5, 0.5, 0.5, 0.5, 0.5, 0.5, 0.5, 0.5, 0.5, 0.5 * 0.18583, 0.25989, 18.70560 *  * 0.00000 *   0
0.2567333921021031, 0.2265608765978422, 0.5, 0.5, 0.5, 0.5, 0.5, 0.5, 0.5, 0.5, 0.5, 0.5 * 0.25673, 0.22656, 18.65563 *  * 0.00000 *   0
0.25178295578784804, 0.16355061548222816, 0.5, 0.5, 0.5, 0.5, 0.5, 0.5, 0.5, 0.5, 0.5, 0.5 * 0.25178, 0.16355, 18.74617 *  * 0.00000 *   0
0.1845296372919384, 0.16648353393925486, 0.5, 0.5, 0.5, 0.5, 0.5, 0.5, 0.5, 0.5, 0.5, 0.5 * 0.18453, 0.16648, 18.80058 *  * 0.00000 *   0
0.19553737340653965, 0.1993658601967252, 0.5, 0.5, 0.5, 0.5, 0.5, 0.5, 0.5, 0.5, 0.5, 0.5 * 0.19554, 0.19937, 18.72678 *  * 0.00000 *   0
0.19932978442214555, 0.18127343424281384, 0.5, 0.5, 0.5, 0.5, 0.5, 0.5, 0.5, 0.5, 0.5, 0.5 * 0.19933, 0.18127, 18.74988 *  * 0.00000 *   0
0.19259754489210967, 0.2180543191570724, 0.5, 0.5, 0.5, 0.5, 0.5, 0.5, 0.5, 0.5, 0.5, 0.5 * 0.19260, 0.21805, 18.70950 *  * 0.00000 *   0
0.36822807022331827, 0.5736618694310052, 0.5, 0.5, 0.5, 0.5, 0.5, 0.5, 0.5, 0.5, 0.5, 0.5 * 0.36823, 0.57366, 19.11792 *  * 0.00000 *   0
0.7628858344692674, 0.7635326681242898, 0.5, 0.5, 0.5, 0.5, 0.5, 0.5, 0.5, 0.5, 0.5, 0.5 * 0.76289, 0.76353, 16.76857 *  * 0.00000 *   0
0.8498964749237982, 0.3227270550854934, 0.5, 0.5, 0.5, 0.5, 0.5, 0.5, 0.5, 0.5, 0.5, 0.5 * 0.84990, 0.32273, 17.45561 *  * 0.00000 *   0
0.2964067122866447, 0.2519274434494915, 0.5, 0.5, 0.5, 0.5, 0.5, 0.5, 0.5, 0.5, 0.5, 0.5 * 0.29641, 0.25193, 18.67570 *  * 0.00000 *   0
0.2742439718896451, 0.08126383684156491, 0.5, 0.5, 0.5, 0.5, 0.5, 0.5, 0.5, 0.5, 0.5, 0.5 * 0.27424, 0.08126, 18.94321 *  * 0.00000 *   0
0.10509158620118864, 0.17602989622225906, 0.5, 0.5, 0.5, 0.5, 0.5, 0.5, 0.5, 0.5, 0.5, 0.5 * 0.10509, 0.17603, 18.95565 *  * 0.00000 *   0
0.19945142501385182, 0.19033008711421695, 0.5, 0.5, 0.5, 0.5, 0.5, 0.5, 0.5, 0.5, 0.5, 0.5 * 0.19945, 0.19033, 18.73460 *  * 0.00000 *   0
0.19432289696241456, 0.20621328413009476, 0.5, 0.5, 0.5, 0.5, 0.5, 0.5, 0.5, 0.5, 0.5, 0.5 * 0.19432, 0.20621, 18.71965 *  * 0.00000 *   0
0.2057312495845519, 0.2025642431075868, 0.5, 0.5, 0.5, 0.5, 0.5, 0.5, 0.5, 0.5, 0.5, 0.5 * 0.20573, 0.20256, 18.70868 *  * 0.00000 *   0
0.22125425026142254, 0.4555556371426356, 0.5, 0.5, 0.5, 0.5, 0.5, 0.5, 0.5, 0.5, 0.5, 0.5 * 0.22125, 0.45556, 19.04675 *  * 0.00000 *   0
0.8828645761758449, 0.8032018780200522, 0.5, 0.5, 0.5, 0.5, 0.5, 0.5, 0.5, 0.5, 0.5, 0.5 * 0.88286, 0.80320, 16.25450 *  * 0.00000 *   0
0.24980460599614895, 0.18553886908256134, 0.5, 0.5, 0.5, 0.5, 0.5, 0.5, 0.5, 0.5, 0.5, 0.5 * 0.24980, 0.18554, 18.70508 *  * 0.00000 *   0
0.19201470731560855, 0.16223460455762984, 0.5, 0.5, 0.5, 0.5, 0.5, 0.5, 0.5, 0.5, 0.5, 0.5 * 0.19201, 0.16223, 18.79710 *  * 0.00000 *   0
0.2036567988670548, 0.21306333885142004, 0.5, 0.5, 0.5, 0.5, 0.5, 0.5, 0.5, 0.5, 0.5, 0.5 * 0.20366, 0.21306, 18.69886 *  * 0.00000 *   0
0.20416472711417932, 0.20564074030924528, 0.5, 0.5, 0.5, 0.5, 0.5, 0.5, 0.5, 0.5, 0.5, 0.5 * 0.20416, 0.20564, 18.70672 *  * 0.00000 *   0
0.19848274480509331, 0.2062275993439311, 0.5, 0.5, 0.5, 0.5, 0.5, 0.5, 0.5, 0.5, 0.5, 0.5 * 0.19848, 0.20623, 18.71361 *  * 0.00000 *   0
0.18762955117560354, 0.49166396688966785, 0.5, 0.5, 0.5, 0.5, 0.5, 0.5, 0.5, 0.5, 0.5, 0.5 * 0.18763, 0.49166, 19.12687 *  * 0.00000 *   0
0.058365822995532946, 0.22082452937060848, 0.5, 0.5, 0.5, 0.5, 0.5, 0.5, 0.5, 0.5, 0.5, 0.5 * 0.05837, 0.22082, 18.99762 *  * 0.00000 *   0
0.14512601323691776, 0.2904666323122108, 0.5, 0.5, 0.5, 0.5, 0.5, 0.5, 0.5, 0.5, 0.5, 0.5 * 0.14513, 0.29047, 18.80808 *  * 0.00000 *   0
0.1350382696239888, 0.1731742716394512, 0.5, 0.5, 0.5, 0.5, 0.5, 0.5, 0.5, 0.5, 0.5, 0.5 * 0.13504, 0.17317, 18.88986 *  * 0.00000 *   0
0.23355928949053195, 0.15983884487678535, 0.5, 0.5, 0.5, 0.5, 0.5, 0.5, 0.5, 0.5, 0.5, 0.5 * 0.23356, 0.15984, 18.75843 *  * 0.00000 *   0
0.1973188415399405, 0.21062178126535724, 0.5, 0.5, 0.5, 0.5, 0.5, 0.5, 0.5, 0.5, 0.5, 0.5 * 0.19732, 0.21062, 18.71011 *  * 0.00000 *   0
0.19708310567918352, 0.19993855280227968, 0.5, 0.5, 0.5, 0.5, 0.5, 0.5, 0.5, 0.5, 0.5, 0.5 * 0.19708, 0.19994, 18.72375 *  * 0.00000 *   0
0.18316898169509532, 0.1934863104479092, 0.5, 0.5, 0.5, 0.5, 0.5, 0.5, 0.5, 0.5, 0.5, 0.5 * 0.18317, 0.19349, 18.75505 *  * 0.00000 *   0
0.46612386854734666, 0.6498815518884955, 0.5, 0.5, 0.5, 0.5, 0.5, 0.5, 0.5, 0.5, 0.5, 0.5 * 0.46612, 0.64988, 18.92894 *  * 0.00000 *   0
0.5685229842272471, 0.09031662032056209, 0.5, 0.5, 0.5, 0.5, 0.5, 0.5, 0.5, 0.5, 0.5, 0.5 * 0.56852, 0.09032, 19.22726 *  * 0.00000 *   0
0.8405517462834519, 0.7946423668502485, 0.5, 0.5, 0.5, 0.5, 0.5, 0.5, 0.5, 0.5, 0.5, 0.5 * 0.84055, 0.79464, 16.28381 *  * 0.00000 *   0
0.817965369068374, 0.16199462584258817, 0.5, 0.5, 0.5, 0.5, 0.5, 0.5, 0.5, 0.5, 0.5, 0.5 * 0.81797, 0.16199, 17.54880 *  * 0.00000 *   0
0.2332967689959664, 0.10173273840493569, 0.5, 0.5, 0.5, 0.5, 0.5, 0.5, 0.5, 0.5, 0.5, 0.5 * 0.23330, 0.10173, 18.89291 *  * 0.00000 *   0
0.12729473139671232, 0.18149720718526463, 0.5, 0.5, 0.5, 0.5, 0.5, 0.5, 0.5, 0.5, 0.5, 0.5 * 0.12729, 0.18150, 18.89285 *  * 0.00000 *   0
0.17757306953425134, 0.25649070087798986, 0.5, 0.5, 0.5, 0.5, 0.5, 0.5, 0.5, 0.5, 0.5, 0.5 * 0.17757, 0.25649, 18.71936 *  * 0.00000 *   0
0.24232351913472783, 0.22469506505710435, 0.5, 0.5, 0.5, 0.5, 0.5, 0.5, 0.5, 0.5, 0.5, 0.5 * 0.24232, 0.22470, 18.65777 *  * 0.00000 *   0
0.20129160288849302, 0.23698210027770583, 0.5, 0.5, 0.5, 0.5, 0.5, 0.5, 0.5, 0.5, 0.5, 0.5 * 0.20129, 0.23698, 18.68424 *  * 0.00000 *   0
0.20466942114421305, 0.2020780956531374, 0.5, 0.5, 0.5, 0.5, 0.5, 0.5, 0.5, 0.5, 0.5, 0.5 * 0.20467, 0.20208, 18.71064 *  * 0.00000 *   0
0.1934620154173412, 0.2160036452240387, 0.5, 0.5, 0.5, 0.5, 0.5, 0.5, 0.5, 0.5, 0.5, 0.5 * 0.19346, 0.21600, 18.71014 *  * 0.00000 *   0
0.7724550853681045, 0.06448223879961346, 0.5, 0.5, 0.5, 0.5, 0.5, 0.5, 0.5, 0.5, 0.5, 0.5 * 0.77246, 0.06448, 17.97749 *  * 0.00000 *   0
0.22889394378452455, 0.017936901313528875, 0.5, 0.5, 0.5, 0.5, 0.5, 0.5, 0.5, 0.5, 0.5, 0.5 * 0.22889, 0.01794, 19.05951 *  * 0.00000 *   0
0.2139441882524188, 0.12679949594342743, 0.5, 0.5, 0.5, 0.5, 0.5, 0.5, 0.5, 0.5, 0.5, 0.5 * 0.21394, 0.12680, 18.84825 *  * 0.00000 *   0
0.2041925679868435, 0.1463220020349978, 0.5, 0.5, 0.5, 0.5, 0.5, 0.5, 0.5, 0.5, 0.5, 0.5 * 0.20419, 0.14632, 18.81429 *  * 0.00000 *   0
0.1648038888058021, 0.18173323125491359, 0.5, 0.5, 0.5, 0.5, 0.5, 0.5, 0.5, 0.5, 0.5, 0.5 * 0.16480, 0.18173, 18.80878 *  * 0.00000 *   0
0.21165941706468872, 0.154575278386484, 0.5, 0.5, 0.5, 0.5, 0.5, 0.5, 0.5, 0.5, 0.5, 0.5 * 0.21166, 0.15458, 18.78728 *  * 0.00000 *   0
0.20067726144538356, 0.24877203362125333, 0.5, 0.5, 0.5, 0.5, 0.5, 0.5, 0.5, 0.5, 0.5, 0.5 * 0.20068, 0.24877, 18.68216 *  * 0.00000 *   0
0.23761087576945672, 0.2179740127314349, 0.5, 0.5, 0.5, 0.5, 0.5, 0.5, 0.5, 0.5, 0.5, 0.5 * 0.23761, 0.21797, 18.66499 *  * 0.00000 *   0
0.2049346759074766, 0.23213457841365537, 0.5, 0.5, 0.5, 0.5, 0.5, 0.5, 0.5, 0.5, 0.5, 0.5 * 0.20493, 0.23213, 18.68185 *  * 0.00000 *   0
0.18672553298766015, 0.21818835937252923, 0.5, 0.5, 0.5, 0.5, 0.5, 0.5, 0.5, 0.5, 0.5, 0.5 * 0.18673, 0.21819, 18.71872 *  * 0.00000 *   0
0.7842858024724332, 0.7159152703697087, 0.5, 0.5, 0.5, 0.5, 0.5, 0.5, 0.5, 0.5, 0.5, 0.5 * 0.78429, 0.71592, 16.97733 *  * 0.00000 *   0
0.12496726856957097, 0.37955173664607944, 0.5, 0.5, 0.5, 0.5, 0.5, 0.5, 0.5, 0.5, 0.5, 0.5 * 0.12497, 0.37955, 19.04019 *  * 0.00000 *   0
0.24233922798553953, 0.33745788684823164, 0.5, 0.5, 0.5, 0.5, 0.5, 0.5, 0.5, 0.5, 0.5, 0.5 * 0.24234, 0.33746, 18.75004 *  * 0.00000 *   0
0.08073506115205786, 0.26287702339265906, 0.5, 0.5, 0.5, 0.5, 0.5, 0.5, 0.5, 0.5, 0.5, 0.5 * 0.08074, 0.26288, 18.93870 *  * 0.00000 *   0
0.2934256685758899, 0.14950910698380604, 0.5, 0.5, 0.5, 0.5, 0.5, 0.5, 0.5, 0.5, 0.5, 0.5 * 0.29343, 0.14951, 18.80173 *  * 0.00000 *   0
0.24795350640003033, 0.16750606955118486, 0.5, 0.5, 0.5, 0.5, 0.5, 0.5, 0.5, 0.5, 0.5, 0.5 * 0.24795, 0.16751, 18.73836 *  * 0.00000 *   0
0.20825637045838052, 0.20571192915912495, 0.5, 0.5, 0.5, 0.5, 0.5, 0.5, 0.5, 0.5, 0.5, 0.5 * 0.20826, 0.20571, 18.70163 *  * 0.00000 *   0
0.02457717387659697, 0.7510017883954758, 0.5, 0.5, 0.5, 0.5, 0.5, 0.5, 0.5, 0.5, 0.5, 0.5 * 0.02458, 0.75100, 18.18275 *  * 0.00000 *   0
0.014676794260459425, 0.8920307863967291, 0.5, 0.5, 0.5, 0.5, 0.5, 0.5, 0.5, 0.5, 0.5, 0.5 * 0.01468, 0.89203, 17.83229 *  * 0.00000 *   0
0.07957882424693019, 0.24002418422357452, 0.5, 0.5, 0.5, 0.5, 0.5, 0.5, 0.5, 0.5, 0.5, 0.5 * 0.07958, 0.24002, 18.94125 *  * 0.00000 *   0
0.157486613279201, 0.12935110434804664, 0.5, 0.5, 0.5, 0.5, 0.5, 0.5, 0.5, 0.5, 0.5, 0.5 * 0.15749, 0.12935, 18.93483 *  * 0.00000 *   0
0.13590926712921592, 0.17013769859030314, 0.5, 0.5, 0.5, 0.5, 0.5, 0.5, 0.5, 0.5, 0.5, 0.5 * 0.13591, 0.17014, 18.89367 *  * 0.00000 *   0
0.23553545818320265, 0.14014542728041468, 0.5, 0.5, 0.5, 0.5, 0.5, 0.5, 0.5, 0.5, 0.5, 0.5 * 0.23554, 0.14015, 18.80089 *  * 0.00000 *   0
0.26230707608210246, 0.17306140633309952, 0.5, 0.5, 0.5, 0.5, 0.5, 0.5, 0.5, 0.5, 0.5, 0.5 * 0.26231, 0.17306, 18.72912 *  * 0.00000 *   0
0.18989584813792026, 0.17779974665024745, 0.5, 0.5, 0.5, 0.5, 0.5, 0.5, 0.5, 0.5, 0.5, 0.5 * 0.18990, 0.17780, 18.77012 *  * 0.00000 *   0
0.21047638791803458, 0.18199640287258145, 0.5, 0.5, 0.5, 0.5, 0.5, 0.5, 0.5, 0.5, 0.5, 0.5 * 0.21048, 0.18200, 18.73464 *  * 0.00000 *   0
0.21376374260369457, 0.22566438580801662, 0.5, 0.5, 0.5, 0.5, 0.5, 0.5, 0.5, 0.5, 0.5, 0.5 * 0.21376, 0.22566, 18.67586 *  * 0.00000 *   0
0.20679414234457272, 0.21677789040309858, 0.5, 0.5, 0.5, 0.5, 0.5, 0.5, 0.5, 0.5, 0.5, 0.5 * 0.20679, 0.21678, 18.69120 *  * 0.00000 *   0
0.8270288223332537, 0.11499213197421554, 0.5, 0.5, 0.5, 0.5, 0.5, 0.5, 0.5, 0.5, 0.5, 0.5 * 0.82703, 0.11499, 17.63079 *  * 0.00000 *   0
0.10652380127273675, 0.23794244590353564, 0.5, 0.5, 0.5, 0.5, 0.5, 0.5, 0.5, 0.5, 0.5, 0.5 * 0.10652, 0.23794, 18.87943 *  * 0.00000 *   0
0.2601656317124438, 0.18845908044996107, 0.5, 0.5, 0.5, 0.5, 0.5, 0.5, 0.5, 0.5, 0.5, 0.5 * 0.26017, 0.18846, 18.70135 *  * 0.00000 *   0
0.17560681970011094, 0.2700466389784939, 0.5, 0.5, 0.5, 0.5, 0.5, 0.5, 0.5, 0.5, 0.5, 0.5 * 0.17561, 0.27005, 18.72767 *  * 0.00000 *   0
0.23530295014897507, 0.21506723422480734, 0.5, 0.5, 0.5, 0.5, 0.5, 0.5, 0.5, 0.5, 0.5, 0.5 * 0.23530, 0.21507, 18.66879 *  * 0.00000 *   0
0.16897021084528263, 0.20384242938343855, 0.5, 0.5, 0.5, 0.5, 0.5, 0.5, 0.5, 0.5, 0.5, 0.5 * 0.16897, 0.20384, 18.76680 *  * 0.00000 *   0
0.17419545310779805, 0.23368551444649455, 0.5, 0.5, 0.5, 0.5, 0.5, 0.5, 0.5, 0.5, 0.5, 0.5 * 0.17420, 0.23369, 18.72976 *  * 0.00000 *   0
0.20160068511150675, 0.21232246051611958, 0.5, 0.5, 0.5, 0.5, 0.5, 0.5, 0.5, 0.5, 0.5, 0.5 * 0.20160, 0.21232, 18.70234 *  * 0.00000 *   0
0.18126889722874084, 0.2245525547076197, 0.5, 0.5, 0.5, 0.5, 0.5, 0.5, 0.5, 0.5, 0.5, 0.5 * 0.18127, 0.22455, 18.72267 *  * 0.00000 *   0
0.8094188240770936, 0.8723705194852082, 0.5, 0.5, 0.5, 0.5, 0.5, 0.5, 0.5, 0.5, 0.5, 0.5 * 0.80942, 0.87237, 16.21527 *  * 0.00000 *   0
0.9010118186753947, 0.011793082628778873, 0.5, 0.5, 0.5, 0.5, 0.5, 0.5, 0.5, 0.5, 0.5, 0.5 * 0.90101, 0.01179, 17.86204 *  * 0.00000 *   0
0.012954007678110613, 0.15304635516552756, 0.5, 0.5, 0.5, 0.5, 0.5, 0.5, 0.5, 0.5, 0.5, 0.5 * 0.01295, 0.15305, 19.18063 *  * 0.00000 *   0
0.24170164392444693, 0.1816179652163057, 0.5, 0.5, 0.5, 0.5, 0.5, 0.5, 0.5, 0.5, 0.5, 0.5 * 0.24170, 0.18162, 18.71312 *  * 0.00000 *   0
0.19207392889274877, 0.18749972492377798, 0.5, 0.5, 0.5, 0.5, 0.5, 0.5, 0.5, 0.5, 0.5, 0.5 * 0.19207, 0.18750, 18.74994 *  * 0.00000 *   0
0.11995422160255376, 0.5375540966627668, 0.5, 0.5, 0.5, 0.5, 0.5, 0.5, 0.5, 0.5, 0.5, 0.5 * 0.11995, 0.53755, 19.23821 *  * 0.00000 *   0
0.01760421817443203, 0.8325374995709611, 0.5, 0.5, 0.5, 0.5, 0.5, 0.5, 0.5, 0.5, 0.5, 0.5 * 0.01760, 0.83254, 17.81444 *  * 0.00000 *   0
0.1963282689715401, 0.27179331659341877, 0.5, 0.5, 0.5, 0.5, 0.5, 0.5, 0.5, 0.5, 0.5, 0.5 * 0.19633, 0.27179, 18.69422 *  * 0.00000 *   0
0.21336649834715338, 0.15740508623036475, 0.5, 0.5, 0.5, 0.5, 0.5, 0.5, 0.5, 0.5, 0.5, 0.5 * 0.21337, 0.15741, 18.77939 *  * 0.00000 *   0
0.1971226722840127, 0.2318533340215886, 0.5, 0.5, 0.5, 0.5, 0.5, 0.5, 0.5, 0.5, 0.5, 0.5 * 0.19712, 0.23185, 18.69251 *  * 0.00000 *   0
0.16961250525912897, 0.22916583638410992, 0.5, 0.5, 0.5, 0.5, 0.5, 0.5, 0.5, 0.5, 0.5, 0.5 * 0.16961, 0.22917, 18.74113 *  * 0.00000 *   0
0.17429327079586598, 0.20409160573122032, 0.5, 0.5, 0.5, 0.5, 0.5, 0.5, 0.5, 0.5, 0.5, 0.5 * 0.17429, 0.20409, 18.75625 *  * 0.00000 *   0
0.23325841483988474, 0.19689904614697218, 0.5, 0.5, 0.5, 0.5, 0.5, 0.5, 0.5, 0.5, 0.5, 0.5 * 0.23326, 0.19690, 18.69208 *  * 0.00000 *   0
0.2149715342998607, 0.21879257607940628, 0.5, 0.5, 0.5, 0.5, 0.5, 0.5, 0.5, 0.5, 0.5, 0.5 * 0.21497, 0.21879, 18.68024 *  * 0.00000 *   0
0.20040329809358925, 0.1968094525032218, 0.5, 0.5, 0.5, 0.5, 0.5, 0.5, 0.5, 0.5, 0.5, 0.5 * 0.20040, 0.19681, 18.72351 *  * 0.00000 *   0
0.19202013582075372, 0.19772031854423455, 0.5, 0.5, 0.5, 0.5, 0.5, 0.5, 0.5, 0.5, 0.5, 0.5 * 0.19202, 0.19772, 18.73438 *  * 0.00000 *   0
0.9920864729877825, 0.9059443377880019, 0.5, 0.5, 0.5, 0.5, 0.5, 0.5, 0.5, 0.5, 0.5, 0.5 * 0.99209, 0.90594, 16.82609 *  * 0.00000 *   0
0.12433431056211797, 0.48522797623687797, 0.5, 0.5, 0.5, 0.5, 0.5, 0.5, 0.5, 0.5, 0.5, 0.5 * 0.12433, 0.48523, 19.25640 *  * 0.00000 *   0
0.14593260044988754, 0.6447026778721503, 0.5, 0.5, 0.5, 0.5, 0.5, 0.5, 0.5, 0.5, 0.5, 0.5 * 0.14593, 0.64470, 18.69872 *  * 0.00000 *   0
0.05770133072466055, 0.4265296369857109, 0.5, 0.5, 0.5, 0.5, 0.5, 0.5, 0.5, 0.5, 0.5, 0.5 * 0.05770, 0.42653, 19.31421 *  * 0.00000 *   0
0.26977992143725193, 0.7076340806707171, 0.5, 0.5, 0.5, 0.5, 0.5, 0.5, 0.5, 0.5, 0.5, 0.5 * 0.26978, 0.70763, 18.10400 *  * 0.00000 *   0
0.2747084380526641, 0.9169999660328136, 0.5, 0.5, 0.5, 0.5, 0.5, 0.5, 0.5, 0.5, 0.5, 0.5 * 0.27471, 0.91700, 17.51774 *  * 0.00000 *   0
0.1297748692831885, 0.17070609903276568, 0.5, 0.5, 0.5, 0.5, 0.5, 0.5, 0.5, 0.5, 0.5, 0.5 * 0.12977, 0.17071, 18.90693 *  * 0.00000 *   0
0.16362667167893885, 0.2377982238448506, 0.5, 0.5, 0.5, 0.5, 0.5, 0.5, 0.5, 0.5, 0.5, 0.5 * 0.16363, 0.23780, 18.74868 *  * 0.00000 *   0
0.2130223909110922, 0.1608044793600908, 0.5, 0.5, 0.5, 0.5, 0.5, 0.5, 0.5, 0.5, 0.5, 0.5 * 0.21302, 0.16080, 18.77260 *  * 0.00000 *   0
0.18188860786805805, 0.21624481451956457, 0.5, 0.5, 0.5, 0.5, 0.5, 0.5, 0.5, 0.5, 0.5, 0.5 * 0.18189, 0.21624, 18.72878 *  * 0.00000 *   0
0.17562971746065237, 0.21855707967525284, 0.5, 0.5, 0.5, 0.5, 0.5, 0.5, 0.5, 0.5, 0.5, 0.5 * 0.17563, 0.21856, 18.73787 *  * 0.00000 *   0
0.20137112645611543, 0.21153450255591022, 0.5, 0.5, 0.5, 0.5, 0.5, 0.5, 0.5, 0.5, 0.5, 0.5 * 0.20137, 0.21153, 18.70350 *  * 0.00000 *   0
0.1845884755485505, 0.20259183999413943, 0.5, 0.5, 0.5, 0.5, 0.5, 0.5, 0.5, 0.5, 0.5, 0.5 * 0.18459, 0.20259, 18.73977 *  * 0.00000 *   0
